<?xml version="1.0" encoding="UTF-8"?>
<coverage generated="1715201694723" clover="3.2.0">
  <project timestamp="1715201694724" name="All files">
    <metrics statements="1116" coveredstatements="856" conditionals="236" coveredconditionals="231" methods="161" coveredmethods="124" elements="1513" coveredelements="1211" complexity="0" loc="1116" ncloc="1116" packages="5" files="8" classes="8"/>
    <package name="beam">
      <metrics statements="0" coveredstatements="0" conditionals="1" coveredconditionals="1" methods="1" coveredmethods="1"/>
      <file name="stryker.config.mjs" path="/home/prncss/Projects/github.com/prncss-xyz/beam/packages/beam/stryker.config.mjs">
        <metrics statements="0" coveredstatements="0" conditionals="1" coveredconditionals="1" methods="1" coveredmethods="1"/>
      </file>
    </package>
    <package name="beam.src">
      <metrics statements="0" coveredstatements="0" conditionals="1" coveredconditionals="1" methods="1" coveredmethods="1"/>
      <file name="index.ts" path="/home/prncss/Projects/github.com/prncss-xyz/beam/packages/beam/src/index.ts">
        <metrics statements="0" coveredstatements="0" conditionals="1" coveredconditionals="1" methods="1" coveredmethods="1"/>
      </file>
    </package>
    <package name="beam.src.lib.optics">
      <metrics statements="543" coveredstatements="288" conditionals="67" coveredconditionals="63" methods="79" coveredmethods="43"/>
      <file name="index.ts" path="/home/prncss/Projects/github.com/prncss-xyz/beam/packages/beam/src/lib/optics/index.ts">
        <metrics statements="543" coveredstatements="288" conditionals="67" coveredconditionals="63" methods="79" coveredmethods="43"/>
        <line num="1" count="1" type="stmt"/>
        <line num="2" count="1" type="stmt"/>
        <line num="3" count="1" type="stmt"/>
        <line num="4" count="1" type="stmt"/>
        <line num="5" count="1" type="stmt"/>
        <line num="6" count="1" type="stmt"/>
        <line num="7" count="1" type="stmt"/>
        <line num="8" count="1" type="stmt"/>
        <line num="9" count="1" type="stmt"/>
        <line num="10" count="1" type="stmt"/>
        <line num="11" count="1" type="stmt"/>
        <line num="12" count="1" type="stmt"/>
        <line num="13" count="1" type="stmt"/>
        <line num="14" count="1" type="stmt"/>
        <line num="15" count="1" type="stmt"/>
        <line num="16" count="1" type="stmt"/>
        <line num="17" count="1" type="stmt"/>
        <line num="18" count="1" type="stmt"/>
        <line num="19" count="1" type="stmt"/>
        <line num="20" count="1" type="stmt"/>
        <line num="21" count="1" type="stmt"/>
        <line num="22" count="1" type="cond" truecount="1" falsecount="0"/>
        <line num="23" count="19" type="stmt"/>
        <line num="24" count="19" type="cond" truecount="1" falsecount="0"/>
        <line num="25" count="19" type="cond" truecount="1" falsecount="0"/>
        <line num="26" count="19" type="stmt"/>
        <line num="27" count="19" type="stmt"/>
        <line num="28" count="1" type="stmt"/>
        <line num="29" count="1" type="cond" truecount="0" falsecount="1"/>
        <line num="30" count="0" type="stmt"/>
        <line num="31" count="0" type="stmt"/>
        <line num="32" count="0" type="stmt"/>
        <line num="33" count="0" type="stmt"/>
        <line num="34" count="0" type="stmt"/>
        <line num="35" count="0" type="stmt"/>
        <line num="36" count="0" type="stmt"/>
        <line num="37" count="0" type="stmt"/>
        <line num="38" count="0" type="stmt"/>
        <line num="39" count="0" type="stmt"/>
        <line num="40" count="0" type="stmt"/>
        <line num="41" count="0" type="stmt"/>
        <line num="42" count="0" type="stmt"/>
        <line num="43" count="0" type="stmt"/>
        <line num="44" count="0" type="stmt"/>
        <line num="45" count="0" type="stmt"/>
        <line num="46" count="0" type="stmt"/>
        <line num="47" count="0" type="stmt"/>
        <line num="48" count="0" type="stmt"/>
        <line num="49" count="0" type="stmt"/>
        <line num="50" count="1" type="stmt"/>
        <line num="51" count="1" type="cond" truecount="0" falsecount="1"/>
        <line num="52" count="0" type="stmt"/>
        <line num="53" count="0" type="stmt"/>
        <line num="54" count="0" type="stmt"/>
        <line num="55" count="0" type="stmt"/>
        <line num="56" count="0" type="stmt"/>
        <line num="57" count="0" type="stmt"/>
        <line num="58" count="0" type="stmt"/>
        <line num="59" count="0" type="stmt"/>
        <line num="60" count="0" type="stmt"/>
        <line num="61" count="0" type="stmt"/>
        <line num="62" count="0" type="stmt"/>
        <line num="63" count="0" type="stmt"/>
        <line num="64" count="0" type="stmt"/>
        <line num="65" count="0" type="stmt"/>
        <line num="66" count="0" type="stmt"/>
        <line num="67" count="0" type="stmt"/>
        <line num="68" count="0" type="stmt"/>
        <line num="69" count="0" type="stmt"/>
        <line num="70" count="0" type="stmt"/>
        <line num="71" count="0" type="stmt"/>
        <line num="72" count="0" type="stmt"/>
        <line num="73" count="0" type="stmt"/>
        <line num="74" count="1" type="stmt"/>
        <line num="75" count="1" type="cond" truecount="1" falsecount="0"/>
        <line num="76" count="47" type="stmt"/>
        <line num="77" count="47" type="stmt"/>
        <line num="78" count="47" type="cond" truecount="1" falsecount="0"/>
        <line num="79" count="47" type="stmt"/>
        <line num="80" count="47" type="stmt"/>
        <line num="81" count="47" type="stmt"/>
        <line num="82" count="47" type="stmt"/>
        <line num="83" count="47" type="stmt"/>
        <line num="84" count="47" type="stmt"/>
        <line num="85" count="47" type="stmt"/>
        <line num="86" count="47" type="stmt"/>
        <line num="87" count="47" type="stmt"/>
        <line num="88" count="47" type="stmt"/>
        <line num="89" count="47" type="stmt"/>
        <line num="90" count="47" type="stmt"/>
        <line num="91" count="47" type="stmt"/>
        <line num="92" count="47" type="stmt"/>
        <line num="93" count="47" type="cond" truecount="1" falsecount="0"/>
        <line num="94" count="23" type="stmt"/>
        <line num="95" count="23" type="cond" truecount="1" falsecount="0"/>
        <line num="96" count="7" type="cond" truecount="1" falsecount="0"/>
        <line num="97" count="7" type="cond" truecount="1" falsecount="0"/>
        <line num="98" count="7" type="cond" truecount="1" falsecount="0"/>
        <line num="99" count="7" type="cond" truecount="1" falsecount="0"/>
        <line num="100" count="16" type="stmt"/>
        <line num="101" count="23" type="cond" truecount="1" falsecount="0"/>
        <line num="102" count="14" type="cond" truecount="1" falsecount="0"/>
        <line num="103" count="14" type="cond" truecount="1" falsecount="0"/>
        <line num="104" count="14" type="cond" truecount="1" falsecount="0"/>
        <line num="105" count="2" type="stmt"/>
        <line num="106" count="2" type="stmt"/>
        <line num="107" count="2" type="cond" truecount="1" falsecount="0"/>
        <line num="108" count="2" type="stmt"/>
        <line num="109" count="2" type="cond" truecount="0" falsecount="1"/>
        <line num="110" count="0" type="stmt"/>
        <line num="111" count="0" type="stmt"/>
        <line num="112" count="0" type="stmt"/>
        <line num="113" count="0" type="stmt"/>
        <line num="114" count="0" type="stmt"/>
        <line num="115" count="0" type="stmt"/>
        <line num="116" count="0" type="stmt"/>
        <line num="117" count="23" type="stmt"/>
        <line num="118" count="47" type="stmt"/>
        <line num="119" count="47" type="stmt"/>
        <line num="120" count="0" type="stmt"/>
        <line num="121" count="0" type="stmt"/>
        <line num="122" count="47" type="stmt"/>
        <line num="123" count="0" type="stmt"/>
        <line num="124" count="0" type="stmt"/>
        <line num="125" count="47" type="cond" truecount="1" falsecount="0"/>
        <line num="126" count="4" type="stmt"/>
        <line num="127" count="4" type="stmt"/>
        <line num="128" count="47" type="cond" truecount="1" falsecount="0"/>
        <line num="129" count="2" type="stmt"/>
        <line num="130" count="2" type="stmt"/>
        <line num="131" count="2" type="stmt"/>
        <line num="132" count="2" type="stmt"/>
        <line num="133" count="2" type="stmt"/>
        <line num="134" count="47" type="stmt"/>
        <line num="135" count="0" type="stmt"/>
        <line num="136" count="0" type="stmt"/>
        <line num="137" count="0" type="stmt"/>
        <line num="138" count="0" type="stmt"/>
        <line num="139" count="0" type="stmt"/>
        <line num="140" count="0" type="stmt"/>
        <line num="141" count="47" type="cond" truecount="1" falsecount="0"/>
        <line num="142" count="4" type="stmt"/>
        <line num="143" count="4" type="cond" truecount="1" falsecount="0"/>
        <line num="144" count="4" type="cond" truecount="1" falsecount="0"/>
        <line num="145" count="4" type="stmt"/>
        <line num="146" count="4" type="stmt"/>
        <line num="147" count="47" type="stmt"/>
        <line num="148" count="0" type="stmt"/>
        <line num="149" count="0" type="stmt"/>
        <line num="150" count="0" type="stmt"/>
        <line num="151" count="0" type="stmt"/>
        <line num="152" count="0" type="stmt"/>
        <line num="153" count="0" type="stmt"/>
        <line num="154" count="0" type="stmt"/>
        <line num="155" count="0" type="stmt"/>
        <line num="156" count="0" type="stmt"/>
        <line num="157" count="0" type="stmt"/>
        <line num="158" count="47" type="stmt"/>
        <line num="159" count="47" type="cond" truecount="1" falsecount="0"/>
        <line num="160" count="3" type="stmt"/>
        <line num="161" count="3" type="stmt"/>
        <line num="162" count="47" type="stmt"/>
        <line num="163" count="47" type="stmt"/>
        <line num="164" count="47" type="stmt"/>
        <line num="165" count="47" type="stmt"/>
        <line num="166" count="47" type="stmt"/>
        <line num="167" count="47" type="cond" truecount="1" falsecount="0"/>
        <line num="168" count="4" type="stmt"/>
        <line num="169" count="4" type="stmt"/>
        <line num="170" count="47" type="stmt"/>
        <line num="171" count="47" type="stmt"/>
        <line num="172" count="47" type="stmt"/>
        <line num="173" count="47" type="cond" truecount="1" falsecount="0"/>
        <line num="174" count="3" type="stmt"/>
        <line num="175" count="3" type="stmt"/>
        <line num="176" count="47" type="stmt"/>
        <line num="177" count="47" type="cond" truecount="1" falsecount="0"/>
        <line num="178" count="6" type="stmt"/>
        <line num="179" count="6" type="stmt"/>
        <line num="180" count="6" type="stmt"/>
        <line num="181" count="6" type="stmt"/>
        <line num="182" count="47" type="stmt"/>
        <line num="183" count="47" type="cond" truecount="1" falsecount="0"/>
        <line num="184" count="1" type="stmt"/>
        <line num="185" count="1" type="stmt"/>
        <line num="186" count="1" type="stmt"/>
        <line num="187" count="1" type="stmt"/>
        <line num="188" count="47" type="stmt"/>
        <line num="189" count="47" type="stmt"/>
        <line num="190" count="0" type="stmt"/>
        <line num="191" count="0" type="stmt"/>
        <line num="192" count="0" type="stmt"/>
        <line num="193" count="0" type="stmt"/>
        <line num="194" count="0" type="stmt"/>
        <line num="195" count="47" type="stmt"/>
        <line num="196" count="0" type="stmt"/>
        <line num="197" count="0" type="stmt"/>
        <line num="198" count="0" type="stmt"/>
        <line num="199" count="0" type="stmt"/>
        <line num="200" count="0" type="stmt"/>
        <line num="201" count="47" type="stmt"/>
        <line num="202" count="47" type="stmt"/>
        <line num="203" count="47" type="cond" truecount="1" falsecount="0"/>
        <line num="204" count="2" type="stmt"/>
        <line num="205" count="2" type="cond" truecount="3" falsecount="0"/>
        <line num="206" count="2" type="stmt"/>
        <line num="207" count="2" type="stmt"/>
        <line num="208" count="2" type="stmt"/>
        <line num="209" count="47" type="stmt"/>
        <line num="210" count="1" type="stmt"/>
        <line num="211" count="1" type="cond" truecount="1" falsecount="0"/>
        <line num="212" count="18" type="stmt"/>
        <line num="213" count="18" type="stmt"/>
        <line num="214" count="18" type="cond" truecount="1" falsecount="0"/>
        <line num="215" count="18" type="stmt"/>
        <line num="216" count="18" type="stmt"/>
        <line num="217" count="18" type="stmt"/>
        <line num="218" count="18" type="stmt"/>
        <line num="219" count="18" type="stmt"/>
        <line num="220" count="18" type="stmt"/>
        <line num="221" count="18" type="stmt"/>
        <line num="222" count="18" type="stmt"/>
        <line num="223" count="18" type="stmt"/>
        <line num="224" count="18" type="stmt"/>
        <line num="225" count="18" type="stmt"/>
        <line num="226" count="18" type="stmt"/>
        <line num="227" count="18" type="stmt"/>
        <line num="228" count="18" type="stmt"/>
        <line num="229" count="18" type="stmt"/>
        <line num="230" count="0" type="stmt"/>
        <line num="231" count="0" type="stmt"/>
        <line num="232" count="0" type="stmt"/>
        <line num="233" count="0" type="stmt"/>
        <line num="234" count="0" type="stmt"/>
        <line num="235" count="0" type="stmt"/>
        <line num="236" count="0" type="stmt"/>
        <line num="237" count="0" type="stmt"/>
        <line num="238" count="0" type="stmt"/>
        <line num="239" count="0" type="stmt"/>
        <line num="240" count="0" type="stmt"/>
        <line num="241" count="0" type="stmt"/>
        <line num="242" count="0" type="stmt"/>
        <line num="243" count="0" type="stmt"/>
        <line num="244" count="0" type="stmt"/>
        <line num="245" count="0" type="stmt"/>
        <line num="246" count="0" type="stmt"/>
        <line num="247" count="0" type="stmt"/>
        <line num="248" count="0" type="stmt"/>
        <line num="249" count="0" type="stmt"/>
        <line num="250" count="0" type="stmt"/>
        <line num="251" count="0" type="stmt"/>
        <line num="252" count="0" type="stmt"/>
        <line num="253" count="0" type="stmt"/>
        <line num="254" count="0" type="stmt"/>
        <line num="255" count="0" type="stmt"/>
        <line num="256" count="0" type="stmt"/>
        <line num="257" count="0" type="stmt"/>
        <line num="258" count="0" type="stmt"/>
        <line num="259" count="0" type="stmt"/>
        <line num="260" count="0" type="stmt"/>
        <line num="261" count="0" type="stmt"/>
        <line num="262" count="0" type="stmt"/>
        <line num="263" count="0" type="stmt"/>
        <line num="264" count="0" type="stmt"/>
        <line num="265" count="0" type="stmt"/>
        <line num="266" count="0" type="stmt"/>
        <line num="267" count="0" type="stmt"/>
        <line num="268" count="0" type="stmt"/>
        <line num="269" count="0" type="stmt"/>
        <line num="270" count="0" type="stmt"/>
        <line num="271" count="0" type="stmt"/>
        <line num="272" count="0" type="stmt"/>
        <line num="273" count="0" type="stmt"/>
        <line num="274" count="0" type="stmt"/>
        <line num="275" count="0" type="stmt"/>
        <line num="276" count="0" type="stmt"/>
        <line num="277" count="0" type="stmt"/>
        <line num="278" count="0" type="stmt"/>
        <line num="279" count="0" type="stmt"/>
        <line num="280" count="0" type="stmt"/>
        <line num="281" count="0" type="stmt"/>
        <line num="282" count="18" type="stmt"/>
        <line num="283" count="18" type="stmt"/>
        <line num="284" count="0" type="stmt"/>
        <line num="285" count="0" type="stmt"/>
        <line num="286" count="18" type="stmt"/>
        <line num="287" count="0" type="stmt"/>
        <line num="288" count="0" type="stmt"/>
        <line num="289" count="18" type="stmt"/>
        <line num="290" count="0" type="stmt"/>
        <line num="291" count="0" type="stmt"/>
        <line num="292" count="0" type="stmt"/>
        <line num="293" count="0" type="stmt"/>
        <line num="294" count="0" type="stmt"/>
        <line num="295" count="0" type="stmt"/>
        <line num="296" count="0" type="stmt"/>
        <line num="297" count="18" type="stmt"/>
        <line num="298" count="0" type="stmt"/>
        <line num="299" count="0" type="stmt"/>
        <line num="300" count="0" type="stmt"/>
        <line num="301" count="0" type="stmt"/>
        <line num="302" count="0" type="stmt"/>
        <line num="303" count="18" type="stmt"/>
        <line num="304" count="0" type="stmt"/>
        <line num="305" count="0" type="stmt"/>
        <line num="306" count="0" type="stmt"/>
        <line num="307" count="0" type="stmt"/>
        <line num="308" count="0" type="stmt"/>
        <line num="309" count="0" type="stmt"/>
        <line num="310" count="18" type="stmt"/>
        <line num="311" count="0" type="stmt"/>
        <line num="312" count="0" type="stmt"/>
        <line num="313" count="0" type="stmt"/>
        <line num="314" count="0" type="stmt"/>
        <line num="315" count="0" type="stmt"/>
        <line num="316" count="18" type="stmt"/>
        <line num="317" count="0" type="stmt"/>
        <line num="318" count="0" type="stmt"/>
        <line num="319" count="0" type="stmt"/>
        <line num="320" count="0" type="stmt"/>
        <line num="321" count="0" type="stmt"/>
        <line num="322" count="0" type="stmt"/>
        <line num="323" count="0" type="stmt"/>
        <line num="324" count="0" type="stmt"/>
        <line num="325" count="0" type="stmt"/>
        <line num="326" count="0" type="stmt"/>
        <line num="327" count="18" type="stmt"/>
        <line num="328" count="18" type="stmt"/>
        <line num="329" count="0" type="stmt"/>
        <line num="330" count="0" type="stmt"/>
        <line num="331" count="18" type="stmt"/>
        <line num="332" count="18" type="stmt"/>
        <line num="333" count="18" type="stmt"/>
        <line num="334" count="18" type="stmt"/>
        <line num="335" count="18" type="stmt"/>
        <line num="336" count="18" type="stmt"/>
        <line num="337" count="0" type="stmt"/>
        <line num="338" count="0" type="stmt"/>
        <line num="339" count="18" type="stmt"/>
        <line num="340" count="18" type="stmt"/>
        <line num="341" count="18" type="stmt"/>
        <line num="342" count="18" type="stmt"/>
        <line num="343" count="0" type="stmt"/>
        <line num="344" count="0" type="stmt"/>
        <line num="345" count="18" type="stmt"/>
        <line num="346" count="18" type="stmt"/>
        <line num="347" count="0" type="stmt"/>
        <line num="348" count="0" type="stmt"/>
        <line num="349" count="0" type="stmt"/>
        <line num="350" count="0" type="stmt"/>
        <line num="351" count="18" type="stmt"/>
        <line num="352" count="18" type="stmt"/>
        <line num="353" count="0" type="stmt"/>
        <line num="354" count="0" type="stmt"/>
        <line num="355" count="0" type="stmt"/>
        <line num="356" count="0" type="stmt"/>
        <line num="357" count="18" type="stmt"/>
        <line num="358" count="18" type="stmt"/>
        <line num="359" count="0" type="stmt"/>
        <line num="360" count="0" type="stmt"/>
        <line num="361" count="0" type="stmt"/>
        <line num="362" count="0" type="stmt"/>
        <line num="363" count="0" type="stmt"/>
        <line num="364" count="18" type="stmt"/>
        <line num="365" count="0" type="stmt"/>
        <line num="366" count="0" type="stmt"/>
        <line num="367" count="0" type="stmt"/>
        <line num="368" count="0" type="stmt"/>
        <line num="369" count="0" type="stmt"/>
        <line num="370" count="18" type="stmt"/>
        <line num="371" count="18" type="stmt"/>
        <line num="372" count="18" type="stmt"/>
        <line num="373" count="0" type="stmt"/>
        <line num="374" count="0" type="stmt"/>
        <line num="375" count="0" type="stmt"/>
        <line num="376" count="0" type="stmt"/>
        <line num="377" count="0" type="stmt"/>
        <line num="378" count="18" type="stmt"/>
        <line num="379" count="1" type="stmt"/>
        <line num="380" count="1" type="cond" truecount="1" falsecount="0"/>
        <line num="381" count="14" type="stmt"/>
        <line num="382" count="14" type="cond" truecount="1" falsecount="0"/>
        <line num="383" count="14" type="stmt"/>
        <line num="384" count="14" type="stmt"/>
        <line num="385" count="14" type="stmt"/>
        <line num="386" count="14" type="stmt"/>
        <line num="387" count="14" type="stmt"/>
        <line num="388" count="14" type="stmt"/>
        <line num="389" count="14" type="stmt"/>
        <line num="390" count="14" type="stmt"/>
        <line num="391" count="14" type="stmt"/>
        <line num="392" count="14" type="stmt"/>
        <line num="393" count="14" type="stmt"/>
        <line num="394" count="14" type="stmt"/>
        <line num="395" count="1" type="stmt"/>
        <line num="396" count="3" type="cond" truecount="1" falsecount="0"/>
        <line num="397" count="3" type="stmt"/>
        <line num="398" count="3" type="cond" truecount="1" falsecount="0"/>
        <line num="399" count="3" type="cond" truecount="4" falsecount="0"/>
        <line num="400" count="3" type="cond" truecount="2" falsecount="0"/>
        <line num="401" count="3" type="stmt"/>
        <line num="402" count="3" type="stmt"/>
        <line num="403" count="1" type="stmt"/>
        <line num="404" count="4" type="cond" truecount="1" falsecount="0"/>
        <line num="405" count="4" type="stmt"/>
        <line num="406" count="4" type="cond" truecount="1" falsecount="0"/>
        <line num="407" count="4" type="cond" truecount="1" falsecount="0"/>
        <line num="408" count="2" type="stmt"/>
        <line num="409" count="2" type="cond" truecount="1" falsecount="0"/>
        <line num="410" count="1" type="stmt"/>
        <line num="411" count="1" type="stmt"/>
        <line num="412" count="1" type="stmt"/>
        <line num="413" count="2" type="stmt"/>
        <line num="414" count="4" type="cond" truecount="1" falsecount="0"/>
        <line num="415" count="1" type="stmt"/>
        <line num="416" count="1" type="cond" truecount="0" falsecount="1"/>
        <line num="417" count="1" type="stmt"/>
        <line num="418" count="1" type="stmt"/>
        <line num="419" count="1" type="stmt"/>
        <line num="420" count="1" type="stmt"/>
        <line num="421" count="4" type="stmt"/>
        <line num="422" count="4" type="stmt"/>
        <line num="423" count="1" type="stmt"/>
        <line num="424" count="3" type="cond" truecount="1" falsecount="0"/>
        <line num="425" count="3" type="stmt"/>
        <line num="426" count="3" type="cond" truecount="1" falsecount="0"/>
        <line num="427" count="3" type="cond" truecount="1" falsecount="0"/>
        <line num="428" count="2" type="stmt"/>
        <line num="429" count="2" type="stmt"/>
        <line num="430" count="2" type="stmt"/>
        <line num="431" count="2" type="stmt"/>
        <line num="432" count="2" type="cond" truecount="1" falsecount="0"/>
        <line num="433" count="8" type="stmt"/>
        <line num="434" count="8" type="cond" truecount="1" falsecount="0"/>
        <line num="435" count="4" type="cond" truecount="1" falsecount="0"/>
        <line num="436" count="3" type="stmt"/>
        <line num="437" count="3" type="stmt"/>
        <line num="438" count="4" type="stmt"/>
        <line num="439" count="4" type="stmt"/>
        <line num="440" count="4" type="stmt"/>
        <line num="441" count="8" type="stmt"/>
        <line num="442" count="2" type="cond" truecount="1" falsecount="0"/>
        <line num="443" count="1" type="stmt"/>
        <line num="444" count="1" type="stmt"/>
        <line num="445" count="2" type="stmt"/>
        <line num="446" count="2" type="stmt"/>
        <line num="447" count="3" type="stmt"/>
        <line num="448" count="3" type="stmt"/>
        <line num="449" count="1" type="stmt"/>
        <line num="450" count="6" type="cond" truecount="1" falsecount="0"/>
        <line num="451" count="6" type="stmt"/>
        <line num="452" count="6" type="cond" truecount="1" falsecount="0"/>
        <line num="453" count="6" type="cond" truecount="1" falsecount="0"/>
        <line num="454" count="4" type="cond" truecount="1" falsecount="0"/>
        <line num="455" count="4" type="cond" truecount="1" falsecount="0"/>
        <line num="456" count="1" type="cond" truecount="1" falsecount="0"/>
        <line num="457" count="4" type="stmt"/>
        <line num="458" count="6" type="stmt"/>
        <line num="459" count="6" type="stmt"/>
        <line num="460" count="1" type="stmt"/>
        <line num="461" count="1" type="cond" truecount="1" falsecount="0"/>
        <line num="462" count="1" type="stmt"/>
        <line num="463" count="1" type="cond" truecount="1" falsecount="0"/>
        <line num="464" count="1" type="cond" truecount="1" falsecount="0"/>
        <line num="465" count="1" type="stmt"/>
        <line num="466" count="1" type="stmt"/>
        <line num="467" count="1" type="stmt"/>
        <line num="468" count="1" type="stmt"/>
        <line num="469" count="1" type="stmt"/>
        <line num="470" count="0" type="stmt"/>
        <line num="471" count="0" type="stmt"/>
        <line num="472" count="0" type="stmt"/>
        <line num="473" count="0" type="stmt"/>
        <line num="474" count="0" type="stmt"/>
        <line num="475" count="0" type="stmt"/>
        <line num="476" count="0" type="stmt"/>
        <line num="477" count="0" type="stmt"/>
        <line num="478" count="0" type="stmt"/>
        <line num="479" count="1" type="stmt"/>
        <line num="480" count="1" type="stmt"/>
        <line num="481" count="0" type="stmt"/>
        <line num="482" count="0" type="stmt"/>
        <line num="483" count="0" type="stmt"/>
        <line num="484" count="0" type="stmt"/>
        <line num="485" count="0" type="stmt"/>
        <line num="486" count="1" type="stmt"/>
        <line num="487" count="1" type="stmt"/>
        <line num="488" count="0" type="stmt"/>
        <line num="489" count="0" type="stmt"/>
        <line num="490" count="0" type="stmt"/>
        <line num="491" count="0" type="stmt"/>
        <line num="492" count="0" type="stmt"/>
        <line num="493" count="0" type="stmt"/>
        <line num="494" count="0" type="stmt"/>
        <line num="495" count="0" type="stmt"/>
        <line num="496" count="0" type="stmt"/>
        <line num="497" count="0" type="stmt"/>
        <line num="498" count="0" type="stmt"/>
        <line num="499" count="1" type="stmt"/>
        <line num="500" count="1" type="stmt"/>
        <line num="501" count="0" type="stmt"/>
        <line num="502" count="0" type="stmt"/>
        <line num="503" count="0" type="stmt"/>
        <line num="504" count="0" type="stmt"/>
        <line num="505" count="0" type="stmt"/>
        <line num="506" count="0" type="stmt"/>
        <line num="507" count="0" type="stmt"/>
        <line num="508" count="1" type="stmt"/>
        <line num="509" count="1" type="stmt"/>
        <line num="510" count="0" type="stmt"/>
        <line num="511" count="0" type="stmt"/>
        <line num="512" count="0" type="stmt"/>
        <line num="513" count="0" type="stmt"/>
        <line num="514" count="0" type="stmt"/>
        <line num="515" count="0" type="stmt"/>
        <line num="516" count="0" type="stmt"/>
        <line num="517" count="1" type="stmt"/>
        <line num="518" count="1" type="stmt"/>
        <line num="519" count="0" type="stmt"/>
        <line num="520" count="0" type="stmt"/>
        <line num="521" count="0" type="stmt"/>
        <line num="522" count="0" type="stmt"/>
        <line num="523" count="1" type="stmt"/>
        <line num="524" count="1" type="stmt"/>
        <line num="525" count="0" type="stmt"/>
        <line num="526" count="0" type="stmt"/>
        <line num="527" count="0" type="stmt"/>
        <line num="528" count="0" type="stmt"/>
        <line num="529" count="1" type="stmt"/>
        <line num="530" count="1" type="stmt"/>
        <line num="531" count="0" type="stmt"/>
        <line num="532" count="0" type="stmt"/>
        <line num="533" count="1" type="stmt"/>
        <line num="534" count="1" type="stmt"/>
        <line num="535" count="0" type="stmt"/>
        <line num="536" count="0" type="stmt"/>
        <line num="537" count="0" type="stmt"/>
        <line num="538" count="0" type="stmt"/>
        <line num="539" count="0" type="stmt"/>
        <line num="540" count="0" type="stmt"/>
        <line num="541" count="0" type="stmt"/>
        <line num="542" count="0" type="stmt"/>
        <line num="543" count="0" type="stmt"/>
      </file>
    </package>
    <package name="beam.src.lib.transducers">
      <metrics statements="568" coveredstatements="568" conditionals="166" coveredconditionals="166" methods="79" coveredmethods="79"/>
      <file name="core.ts" path="/home/prncss/Projects/github.com/prncss-xyz/beam/packages/beam/src/lib/transducers/core.ts">
        <metrics statements="141" coveredstatements="141" conditionals="29" coveredconditionals="29" methods="10" coveredmethods="10"/>
        <line num="1" count="1" type="stmt"/>
        <line num="2" count="1" type="stmt"/>
        <line num="3" count="1" type="cond" truecount="1" falsecount="0"/>
        <line num="4" count="2498" type="stmt"/>
        <line num="5" count="2498" type="cond" truecount="1" falsecount="0"/>
        <line num="6" count="2498" type="cond" truecount="1" falsecount="0"/>
        <line num="7" count="20816" type="stmt"/>
        <line num="8" count="20816" type="stmt"/>
        <line num="9" count="20816" type="stmt"/>
        <line num="10" count="2498" type="stmt"/>
        <line num="11" count="2498" type="stmt"/>
        <line num="12" count="1" type="stmt"/>
        <line num="13" count="1" type="stmt"/>
        <line num="14" count="1" type="stmt"/>
        <line num="15" count="1" type="stmt"/>
        <line num="16" count="1" type="stmt"/>
        <line num="17" count="1" type="stmt"/>
        <line num="18" count="1" type="stmt"/>
        <line num="19" count="1" type="stmt"/>
        <line num="20" count="1" type="stmt"/>
        <line num="21" count="1" type="stmt"/>
        <line num="22" count="1" type="stmt"/>
        <line num="23" count="1" type="stmt"/>
        <line num="24" count="1" type="stmt"/>
        <line num="25" count="1" type="stmt"/>
        <line num="26" count="1" type="stmt"/>
        <line num="27" count="1" type="stmt"/>
        <line num="28" count="1" type="stmt"/>
        <line num="29" count="1" type="stmt"/>
        <line num="30" count="1" type="stmt"/>
        <line num="31" count="1" type="stmt"/>
        <line num="32" count="1" type="stmt"/>
        <line num="33" count="1" type="stmt"/>
        <line num="34" count="1" type="stmt"/>
        <line num="35" count="1" type="stmt"/>
        <line num="36" count="1" type="stmt"/>
        <line num="37" count="1" type="stmt"/>
        <line num="38" count="1" type="stmt"/>
        <line num="39" count="1" type="stmt"/>
        <line num="40" count="1" type="stmt"/>
        <line num="41" count="211" type="cond" truecount="1" falsecount="0"/>
        <line num="42" count="211" type="stmt"/>
        <line num="43" count="211" type="stmt"/>
        <line num="44" count="1" type="stmt"/>
        <line num="45" count="1" type="cond" truecount="1" falsecount="0"/>
        <line num="46" count="6521" type="stmt"/>
        <line num="47" count="6521" type="stmt"/>
        <line num="48" count="6521" type="stmt"/>
        <line num="49" count="6521" type="stmt"/>
        <line num="50" count="6521" type="cond" truecount="1" falsecount="0"/>
        <line num="51" count="6521" type="stmt"/>
        <line num="52" count="6521" type="cond" truecount="1" falsecount="0"/>
        <line num="53" count="210" type="stmt"/>
        <line num="54" count="210" type="stmt"/>
        <line num="55" count="6521" type="stmt"/>
        <line num="56" count="6521" type="stmt"/>
        <line num="57" count="6521" type="stmt"/>
        <line num="58" count="6521" type="stmt"/>
        <line num="59" count="6521" type="stmt"/>
        <line num="60" count="6521" type="stmt"/>
        <line num="61" count="6521" type="stmt"/>
        <line num="62" count="6521" type="stmt"/>
        <line num="63" count="6521" type="stmt"/>
        <line num="64" count="6521" type="stmt"/>
        <line num="65" count="6521" type="cond" truecount="1" falsecount="0"/>
        <line num="66" count="35069" type="stmt"/>
        <line num="67" count="35069" type="cond" truecount="2" falsecount="0"/>
        <line num="68" count="28759" type="stmt"/>
        <line num="69" count="28759" type="stmt"/>
        <line num="70" count="28759" type="stmt"/>
        <line num="71" count="28759" type="stmt"/>
        <line num="72" count="35069" type="cond" truecount="1" falsecount="0"/>
        <line num="73" count="112" type="cond" truecount="2" falsecount="0"/>
        <line num="74" count="111" type="stmt"/>
        <line num="75" count="111" type="stmt"/>
        <line num="76" count="35069" type="cond" truecount="1" falsecount="0"/>
        <line num="77" count="6520" type="stmt"/>
        <line num="78" count="6521" type="stmt"/>
        <line num="79" count="6521" type="stmt"/>
        <line num="80" count="1" type="stmt"/>
        <line num="81" count="1" type="cond" truecount="1" falsecount="0"/>
        <line num="82" count="500" type="stmt"/>
        <line num="83" count="500" type="stmt"/>
        <line num="84" count="500" type="stmt"/>
        <line num="85" count="500" type="stmt"/>
        <line num="86" count="500" type="stmt"/>
        <line num="87" count="500" type="cond" truecount="1" falsecount="0"/>
        <line num="88" count="443" type="stmt"/>
        <line num="89" count="443" type="stmt"/>
        <line num="90" count="500" type="stmt"/>
        <line num="91" count="500" type="stmt"/>
        <line num="92" count="500" type="stmt"/>
        <line num="93" count="500" type="stmt"/>
        <line num="94" count="500" type="stmt"/>
        <line num="95" count="500" type="stmt"/>
        <line num="96" count="500" type="stmt"/>
        <line num="97" count="500" type="stmt"/>
        <line num="98" count="500" type="stmt"/>
        <line num="99" count="500" type="stmt"/>
        <line num="100" count="500" type="stmt"/>
        <line num="101" count="500" type="stmt"/>
        <line num="102" count="500" type="stmt"/>
        <line num="103" count="500" type="stmt"/>
        <line num="104" count="500" type="stmt"/>
        <line num="105" count="500" type="cond" truecount="1" falsecount="0"/>
        <line num="106" count="1644" type="cond" truecount="1" falsecount="0"/>
        <line num="107" count="2645" type="cond" truecount="1" falsecount="0"/>
        <line num="108" count="1101" type="stmt"/>
        <line num="109" count="1101" type="stmt"/>
        <line num="110" count="1101" type="cond" truecount="1" falsecount="0"/>
        <line num="111" count="1544" type="stmt"/>
        <line num="112" count="2645" type="cond" truecount="1" falsecount="0"/>
        <line num="113" count="143" type="stmt"/>
        <line num="114" count="143" type="stmt"/>
        <line num="115" count="143" type="cond" truecount="1" falsecount="0"/>
        <line num="116" count="1401" type="stmt"/>
        <line num="117" count="1401" type="stmt"/>
        <line num="118" count="1401" type="stmt"/>
        <line num="119" count="1401" type="stmt"/>
        <line num="120" count="2645" type="cond" truecount="1" falsecount="0"/>
        <line num="121" count="200" type="cond" truecount="1" falsecount="0"/>
        <line num="122" count="100" type="stmt"/>
        <line num="123" count="100" type="stmt"/>
        <line num="124" count="100" type="stmt"/>
        <line num="125" count="2645" type="cond" truecount="2" falsecount="0"/>
        <line num="126" count="1285" type="cond" truecount="1" falsecount="0"/>
        <line num="127" count="100" type="stmt"/>
        <line num="128" count="100" type="stmt"/>
        <line num="129" count="100" type="stmt"/>
        <line num="130" count="100" type="stmt"/>
        <line num="131" count="100" type="stmt"/>
        <line num="132" count="1644" type="stmt"/>
        <line num="133" count="500" type="stmt"/>
        <line num="134" count="1" type="stmt"/>
        <line num="135" count="1" type="stmt"/>
        <line num="136" count="1" type="cond" truecount="1" falsecount="0"/>
        <line num="137" count="2898" type="cond" truecount="1" falsecount="0"/>
        <line num="138" count="2857" type="stmt"/>
        <line num="139" count="2857" type="stmt"/>
        <line num="140" count="2857" type="stmt"/>
        <line num="141" count="2857" type="stmt"/>
      </file>
      <file name="iterators.ts" path="/home/prncss/Projects/github.com/prncss-xyz/beam/packages/beam/src/lib/transducers/iterators.ts">
        <metrics statements="16" coveredstatements="16" conditionals="3" coveredconditionals="3" methods="1" coveredmethods="1"/>
        <line num="1" count="1" type="stmt"/>
        <line num="2" count="1" type="stmt"/>
        <line num="3" count="1" type="cond" truecount="1" falsecount="0"/>
        <line num="4" count="400" type="stmt"/>
        <line num="5" count="400" type="stmt"/>
        <line num="6" count="400" type="stmt"/>
        <line num="7" count="400" type="cond" truecount="1" falsecount="0"/>
        <line num="8" count="400" type="stmt"/>
        <line num="9" count="400" type="stmt"/>
        <line num="10" count="400" type="stmt"/>
        <line num="11" count="400" type="cond" truecount="1" falsecount="0"/>
        <line num="12" count="400" type="stmt"/>
        <line num="13" count="400" type="stmt"/>
        <line num="14" count="400" type="stmt"/>
        <line num="15" count="400" type="stmt"/>
        <line num="16" count="400" type="stmt"/>
      </file>
      <file name="reducers.ts" path="/home/prncss/Projects/github.com/prncss-xyz/beam/packages/beam/src/lib/transducers/reducers.ts">
        <metrics statements="244" coveredstatements="244" conditionals="77" coveredconditionals="77" methods="33" coveredmethods="33"/>
        <line num="1" count="1" type="stmt"/>
        <line num="2" count="1" type="stmt"/>
        <line num="3" count="1" type="cond" truecount="1" falsecount="0"/>
        <line num="4" count="1897" type="cond" truecount="1" falsecount="0"/>
        <line num="5" count="5161" type="stmt"/>
        <line num="6" count="5161" type="stmt"/>
        <line num="7" count="5161" type="cond" truecount="1" falsecount="0"/>
        <line num="8" count="21968" type="stmt"/>
        <line num="9" count="21968" type="stmt"/>
        <line num="10" count="5161" type="stmt"/>
        <line num="11" count="5161" type="stmt"/>
        <line num="12" count="1897" type="stmt"/>
        <line num="13" count="1" type="stmt"/>
        <line num="14" count="1" type="cond" truecount="1" falsecount="0"/>
        <line num="15" count="200" type="cond" truecount="1" falsecount="0"/>
        <line num="16" count="200" type="stmt"/>
        <line num="17" count="200" type="cond" truecount="1" falsecount="0"/>
        <line num="18" count="22" type="stmt"/>
        <line num="19" count="22" type="stmt"/>
        <line num="20" count="22" type="cond" truecount="1" falsecount="0"/>
        <line num="21" count="19" type="stmt"/>
        <line num="22" count="19" type="stmt"/>
        <line num="23" count="22" type="cond" truecount="1" falsecount="0"/>
        <line num="24" count="178" type="stmt"/>
        <line num="25" count="178" type="stmt"/>
        <line num="26" count="178" type="stmt"/>
        <line num="27" count="178" type="cond" truecount="1" falsecount="0"/>
        <line num="28" count="347" type="stmt"/>
        <line num="29" count="347" type="cond" truecount="1" falsecount="0"/>
        <line num="30" count="347" type="stmt"/>
        <line num="31" count="347" type="stmt"/>
        <line num="32" count="178" type="stmt"/>
        <line num="33" count="200" type="stmt"/>
        <line num="34" count="200" type="stmt"/>
        <line num="35" count="1" type="stmt"/>
        <line num="36" count="1" type="cond" truecount="1" falsecount="0"/>
        <line num="37" count="100" type="cond" truecount="1" falsecount="0"/>
        <line num="38" count="100" type="stmt"/>
        <line num="39" count="100" type="stmt"/>
        <line num="40" count="100" type="stmt"/>
        <line num="41" count="100" type="cond" truecount="1" falsecount="0"/>
        <line num="42" count="370" type="stmt"/>
        <line num="43" count="370" type="cond" truecount="2" falsecount="0"/>
        <line num="44" count="124" type="stmt"/>
        <line num="45" count="370" type="stmt"/>
        <line num="46" count="100" type="stmt"/>
        <line num="47" count="100" type="stmt"/>
        <line num="48" count="100" type="stmt"/>
        <line num="49" count="1" type="stmt"/>
        <line num="50" count="1" type="cond" truecount="1" falsecount="0"/>
        <line num="51" count="200" type="cond" truecount="1" falsecount="0"/>
        <line num="52" count="200" type="stmt"/>
        <line num="53" count="200" type="stmt"/>
        <line num="54" count="200" type="cond" truecount="1" falsecount="0"/>
        <line num="55" count="607" type="cond" truecount="2" falsecount="0"/>
        <line num="56" count="149" type="stmt"/>
        <line num="57" count="607" type="stmt"/>
        <line num="58" count="200" type="stmt"/>
        <line num="59" count="200" type="stmt"/>
        <line num="60" count="200" type="stmt"/>
        <line num="61" count="1" type="stmt"/>
        <line num="62" count="1" type="cond" truecount="1" falsecount="0"/>
        <line num="63" count="100" type="cond" truecount="1" falsecount="0"/>
        <line num="64" count="100" type="stmt"/>
        <line num="65" count="100" type="stmt"/>
        <line num="66" count="100" type="stmt"/>
        <line num="67" count="100" type="cond" truecount="1" falsecount="0"/>
        <line num="68" count="460" type="stmt"/>
        <line num="69" count="460" type="cond" truecount="2" falsecount="0"/>
        <line num="70" count="238" type="stmt"/>
        <line num="71" count="460" type="stmt"/>
        <line num="72" count="100" type="stmt"/>
        <line num="73" count="100" type="stmt"/>
        <line num="74" count="100" type="stmt"/>
        <line num="75" count="1" type="cond" truecount="1" falsecount="0"/>
        <line num="76" count="100" type="cond" truecount="1" falsecount="0"/>
        <line num="77" count="100" type="stmt"/>
        <line num="78" count="100" type="stmt"/>
        <line num="79" count="100" type="cond" truecount="1" falsecount="0"/>
        <line num="80" count="290" type="cond" truecount="1" falsecount="0"/>
        <line num="81" count="43" type="stmt"/>
        <line num="82" count="43" type="stmt"/>
        <line num="83" count="43" type="cond" truecount="1" falsecount="0"/>
        <line num="84" count="247" type="stmt"/>
        <line num="85" count="290" type="stmt"/>
        <line num="86" count="100" type="stmt"/>
        <line num="87" count="100" type="stmt"/>
        <line num="88" count="100" type="stmt"/>
        <line num="89" count="1" type="stmt"/>
        <line num="90" count="1" type="cond" truecount="1" falsecount="0"/>
        <line num="91" count="100" type="cond" truecount="1" falsecount="0"/>
        <line num="92" count="100" type="stmt"/>
        <line num="93" count="100" type="stmt"/>
        <line num="94" count="100" type="cond" truecount="1" falsecount="0"/>
        <line num="95" count="397" type="cond" truecount="2" falsecount="0"/>
        <line num="96" count="239" type="stmt"/>
        <line num="97" count="397" type="stmt"/>
        <line num="98" count="100" type="stmt"/>
        <line num="99" count="100" type="stmt"/>
        <line num="100" count="100" type="stmt"/>
        <line num="101" count="1" type="stmt"/>
        <line num="102" count="1" type="cond" truecount="1" falsecount="0"/>
        <line num="103" count="100" type="cond" truecount="1" falsecount="0"/>
        <line num="104" count="100" type="stmt"/>
        <line num="105" count="100" type="stmt"/>
        <line num="106" count="100" type="cond" truecount="1" falsecount="0"/>
        <line num="107" count="434" type="cond" truecount="2" falsecount="0"/>
        <line num="108" count="77" type="stmt"/>
        <line num="109" count="434" type="stmt"/>
        <line num="110" count="100" type="stmt"/>
        <line num="111" count="100" type="stmt"/>
        <line num="112" count="100" type="stmt"/>
        <line num="113" count="1" type="stmt"/>
        <line num="114" count="1" type="cond" truecount="1" falsecount="0"/>
        <line num="115" count="100" type="cond" truecount="1" falsecount="0"/>
        <line num="116" count="100" type="stmt"/>
        <line num="117" count="100" type="stmt"/>
        <line num="118" count="100" type="stmt"/>
        <line num="119" count="100" type="stmt"/>
        <line num="120" count="100" type="cond" truecount="1" falsecount="0"/>
        <line num="121" count="1620" type="cond" truecount="1" falsecount="0"/>
        <line num="122" count="1620" type="stmt"/>
        <line num="123" count="1620" type="stmt"/>
        <line num="124" count="1620" type="cond" truecount="2" falsecount="0"/>
        <line num="125" count="1091" type="stmt"/>
        <line num="126" count="1620" type="stmt"/>
        <line num="127" count="100" type="stmt"/>
        <line num="128" count="100" type="stmt"/>
        <line num="129" count="100" type="stmt"/>
        <line num="130" count="1" type="stmt"/>
        <line num="131" count="1" type="cond" truecount="1" falsecount="0"/>
        <line num="132" count="201" type="cond" truecount="1" falsecount="0"/>
        <line num="133" count="201" type="stmt"/>
        <line num="134" count="201" type="stmt"/>
        <line num="135" count="201" type="cond" truecount="1" falsecount="0"/>
        <line num="136" count="642" type="stmt"/>
        <line num="137" count="642" type="stmt"/>
        <line num="138" count="201" type="stmt"/>
        <line num="139" count="201" type="stmt"/>
        <line num="140" count="201" type="stmt"/>
        <line num="141" count="1" type="stmt"/>
        <line num="142" count="1" type="cond" truecount="1" falsecount="0"/>
        <line num="143" count="100" type="cond" truecount="1" falsecount="0"/>
        <line num="144" count="100" type="stmt"/>
        <line num="145" count="100" type="stmt"/>
        <line num="146" count="100" type="stmt"/>
        <line num="147" count="100" type="cond" truecount="1" falsecount="0"/>
        <line num="148" count="455" type="stmt"/>
        <line num="149" count="455" type="stmt"/>
        <line num="150" count="455" type="stmt"/>
        <line num="151" count="100" type="stmt"/>
        <line num="152" count="100" type="stmt"/>
        <line num="153" count="100" type="stmt"/>
        <line num="154" count="1" type="stmt"/>
        <line num="155" count="1" type="cond" truecount="1" falsecount="0"/>
        <line num="156" count="100" type="cond" truecount="2" falsecount="0"/>
        <line num="157" count="72" type="cond" truecount="1" falsecount="0"/>
        <line num="158" count="72" type="stmt"/>
        <line num="159" count="72" type="stmt"/>
        <line num="160" count="72" type="stmt"/>
        <line num="161" count="72" type="cond" truecount="1" falsecount="0"/>
        <line num="162" count="328" type="stmt"/>
        <line num="163" count="328" type="cond" truecount="1" falsecount="0"/>
        <line num="164" count="134" type="stmt"/>
        <line num="165" count="134" type="stmt"/>
        <line num="166" count="134" type="stmt"/>
        <line num="167" count="134" type="cond" truecount="1" falsecount="0"/>
        <line num="168" count="194" type="stmt"/>
        <line num="169" count="328" type="stmt"/>
        <line num="170" count="72" type="stmt"/>
        <line num="171" count="72" type="stmt"/>
        <line num="172" count="72" type="stmt"/>
        <line num="173" count="1" type="stmt"/>
        <line num="174" count="1" type="cond" truecount="1" falsecount="0"/>
        <line num="175" count="100" type="cond" truecount="2" falsecount="0"/>
        <line num="176" count="87" type="cond" truecount="1" falsecount="0"/>
        <line num="177" count="87" type="stmt"/>
        <line num="178" count="87" type="stmt"/>
        <line num="179" count="87" type="stmt"/>
        <line num="180" count="87" type="cond" truecount="1" falsecount="0"/>
        <line num="181" count="463" type="stmt"/>
        <line num="182" count="463" type="cond" truecount="1" falsecount="0"/>
        <line num="183" count="326" type="stmt"/>
        <line num="184" count="326" type="stmt"/>
        <line num="185" count="326" type="stmt"/>
        <line num="186" count="326" type="cond" truecount="1" falsecount="0"/>
        <line num="187" count="137" type="stmt"/>
        <line num="188" count="463" type="stmt"/>
        <line num="189" count="87" type="stmt"/>
        <line num="190" count="87" type="stmt"/>
        <line num="191" count="87" type="stmt"/>
        <line num="192" count="1" type="stmt"/>
        <line num="193" count="1" type="stmt"/>
        <line num="194" count="1" type="cond" truecount="1" falsecount="0"/>
        <line num="195" count="100" type="stmt"/>
        <line num="196" count="100" type="stmt"/>
        <line num="197" count="100" type="stmt"/>
        <line num="198" count="100" type="stmt"/>
        <line num="199" count="100" type="cond" truecount="1" falsecount="0"/>
        <line num="200" count="100" type="stmt"/>
        <line num="201" count="100" type="stmt"/>
        <line num="202" count="100" type="cond" truecount="1" falsecount="0"/>
        <line num="203" count="460" type="stmt"/>
        <line num="204" count="460" type="stmt"/>
        <line num="205" count="100" type="stmt"/>
        <line num="206" count="100" type="stmt"/>
        <line num="207" count="100" type="stmt"/>
        <line num="208" count="1" type="stmt"/>
        <line num="209" count="1" type="stmt"/>
        <line num="210" count="1" type="cond" truecount="1" falsecount="0"/>
        <line num="211" count="300" type="stmt"/>
        <line num="212" count="300" type="stmt"/>
        <line num="213" count="300" type="stmt"/>
        <line num="214" count="300" type="cond" truecount="1" falsecount="0"/>
        <line num="215" count="300" type="stmt"/>
        <line num="216" count="300" type="stmt"/>
        <line num="217" count="300" type="cond" truecount="1" falsecount="0"/>
        <line num="218" count="3204" type="stmt"/>
        <line num="219" count="3204" type="stmt"/>
        <line num="220" count="300" type="stmt"/>
        <line num="221" count="300" type="stmt"/>
        <line num="222" count="300" type="stmt"/>
        <line num="223" count="1" type="stmt"/>
        <line num="224" count="1" type="cond" truecount="1" falsecount="0"/>
        <line num="225" count="100" type="stmt"/>
        <line num="226" count="100" type="stmt"/>
        <line num="227" count="100" type="stmt"/>
        <line num="228" count="100" type="stmt"/>
        <line num="229" count="100" type="stmt"/>
        <line num="230" count="100" type="cond" truecount="1" falsecount="0"/>
        <line num="231" count="100" type="stmt"/>
        <line num="232" count="100" type="stmt"/>
        <line num="233" count="100" type="stmt"/>
        <line num="234" count="100" type="cond" truecount="1" falsecount="0"/>
        <line num="235" count="359" type="stmt"/>
        <line num="236" count="359" type="cond" truecount="1" falsecount="0"/>
        <line num="237" count="43" type="stmt"/>
        <line num="238" count="43" type="cond" truecount="1" falsecount="0"/>
        <line num="239" count="316" type="stmt"/>
        <line num="240" count="316" type="stmt"/>
        <line num="241" count="359" type="stmt"/>
        <line num="242" count="100" type="stmt"/>
        <line num="243" count="100" type="stmt"/>
        <line num="244" count="100" type="stmt"/>
      </file>
      <file name="transformers.ts" path="/home/prncss/Projects/github.com/prncss-xyz/beam/packages/beam/src/lib/transducers/transformers.ts">
        <metrics statements="167" coveredstatements="167" conditionals="57" coveredconditionals="57" methods="35" coveredmethods="35"/>
        <line num="1" count="1" type="stmt"/>
        <line num="2" count="1" type="stmt"/>
        <line num="3" count="1" type="cond" truecount="1" falsecount="0"/>
        <line num="4" count="1" type="stmt"/>
        <line num="5" count="1" type="cond" truecount="1" falsecount="0"/>
        <line num="6" count="800" type="cond" truecount="1" falsecount="0"/>
        <line num="7" count="800" type="stmt"/>
        <line num="8" count="1" type="stmt"/>
        <line num="9" count="1" type="cond" truecount="1" falsecount="0"/>
        <line num="10" count="100" type="stmt"/>
        <line num="11" count="100" type="stmt"/>
        <line num="12" count="100" type="cond" truecount="1" falsecount="0"/>
        <line num="13" count="100" type="stmt"/>
        <line num="14" count="100" type="stmt"/>
        <line num="15" count="1" type="stmt"/>
        <line num="16" count="1" type="cond" truecount="1" falsecount="0"/>
        <line num="17" count="100" type="stmt"/>
        <line num="18" count="100" type="stmt"/>
        <line num="19" count="100" type="cond" truecount="1" falsecount="0"/>
        <line num="20" count="491" type="stmt"/>
        <line num="21" count="491" type="stmt"/>
        <line num="22" count="491" type="stmt"/>
        <line num="23" count="100" type="stmt"/>
        <line num="24" count="100" type="stmt"/>
        <line num="25" count="1" type="stmt"/>
        <line num="26" count="6426" type="cond" truecount="1" falsecount="0"/>
        <line num="27" count="6426" type="stmt"/>
        <line num="28" count="6426" type="cond" truecount="1" falsecount="0"/>
        <line num="29" count="6426" type="stmt"/>
        <line num="30" count="1" type="stmt"/>
        <line num="31" count="1" type="cond" truecount="1" falsecount="0"/>
        <line num="32" count="1" type="stmt"/>
        <line num="33" count="1" type="stmt"/>
        <line num="34" count="1" type="stmt"/>
        <line num="35" count="1" type="cond" truecount="1" falsecount="0"/>
        <line num="36" count="1" type="stmt"/>
        <line num="37" count="1" type="cond" truecount="1" falsecount="0"/>
        <line num="38" count="1" type="cond" truecount="1" falsecount="0"/>
        <line num="39" count="1" type="stmt"/>
        <line num="40" count="1" type="stmt"/>
        <line num="41" count="1" type="stmt"/>
        <line num="42" count="1" type="stmt"/>
        <line num="43" count="1" type="stmt"/>
        <line num="44" count="1" type="cond" truecount="1" falsecount="0"/>
        <line num="45" count="1" type="stmt"/>
        <line num="46" count="1" type="stmt"/>
        <line num="47" count="1" type="stmt"/>
        <line num="48" count="1" type="stmt"/>
        <line num="49" count="1" type="cond" truecount="1" falsecount="0"/>
        <line num="50" count="1" type="stmt"/>
        <line num="51" count="1" type="cond" truecount="1" falsecount="0"/>
        <line num="52" count="1" type="cond" truecount="1" falsecount="0"/>
        <line num="53" count="2" type="cond" truecount="1" falsecount="0"/>
        <line num="54" count="1" type="stmt"/>
        <line num="55" count="2" type="stmt"/>
        <line num="56" count="1" type="stmt"/>
        <line num="57" count="1" type="stmt"/>
        <line num="58" count="1" type="stmt"/>
        <line num="59" count="1" type="cond" truecount="1" falsecount="0"/>
        <line num="60" count="3203" type="stmt"/>
        <line num="61" count="3203" type="stmt"/>
        <line num="62" count="3203" type="stmt"/>
        <line num="63" count="3203" type="stmt"/>
        <line num="64" count="3203" type="stmt"/>
        <line num="65" count="3203" type="stmt"/>
        <line num="66" count="3203" type="cond" truecount="1" falsecount="0"/>
        <line num="67" count="35095" type="stmt"/>
        <line num="68" count="35095" type="cond" truecount="2" falsecount="0"/>
        <line num="69" count="29237" type="stmt"/>
        <line num="70" count="35095" type="stmt"/>
        <line num="71" count="3203" type="stmt"/>
        <line num="72" count="3203" type="stmt"/>
        <line num="73" count="1" type="stmt"/>
        <line num="74" count="1" type="cond" truecount="1" falsecount="0"/>
        <line num="75" count="2303" type="stmt"/>
        <line num="76" count="2303" type="stmt"/>
        <line num="77" count="1" type="stmt"/>
        <line num="78" count="1" type="cond" truecount="1" falsecount="0"/>
        <line num="79" count="100" type="stmt"/>
        <line num="80" count="100" type="cond" truecount="1" falsecount="0"/>
        <line num="81" count="100" type="cond" truecount="1" falsecount="0"/>
        <line num="82" count="478" type="stmt"/>
        <line num="83" count="478" type="stmt"/>
        <line num="84" count="478" type="stmt"/>
        <line num="85" count="100" type="stmt"/>
        <line num="86" count="100" type="stmt"/>
        <line num="87" count="1" type="stmt"/>
        <line num="88" count="1" type="stmt"/>
        <line num="89" count="1" type="stmt"/>
        <line num="90" count="1" type="cond" truecount="1" falsecount="0"/>
        <line num="91" count="101" type="stmt"/>
        <line num="92" count="101" type="cond" truecount="1" falsecount="0"/>
        <line num="93" count="101" type="cond" truecount="1" falsecount="0"/>
        <line num="94" count="570" type="stmt"/>
        <line num="95" count="570" type="cond" truecount="1" falsecount="0"/>
        <line num="96" count="101" type="stmt"/>
        <line num="97" count="101" type="cond" truecount="1" falsecount="0"/>
        <line num="98" count="469" type="stmt"/>
        <line num="99" count="570" type="stmt"/>
        <line num="100" count="101" type="stmt"/>
        <line num="101" count="101" type="stmt"/>
        <line num="102" count="1" type="stmt"/>
        <line num="103" count="1" type="cond" truecount="1" falsecount="0"/>
        <line num="104" count="101" type="stmt"/>
        <line num="105" count="101" type="stmt"/>
        <line num="106" count="1" type="stmt"/>
        <line num="107" count="1" type="stmt"/>
        <line num="108" count="9" type="cond" truecount="1" falsecount="0"/>
        <line num="109" count="9" type="cond" truecount="1" falsecount="0"/>
        <line num="110" count="600" type="stmt"/>
        <line num="111" count="600" type="stmt"/>
        <line num="112" count="600" type="stmt"/>
        <line num="113" count="600" type="stmt"/>
        <line num="114" count="600" type="stmt"/>
        <line num="115" count="9" type="stmt"/>
        <line num="116" count="1" type="stmt"/>
        <line num="117" count="1" type="stmt"/>
        <line num="118" count="303" type="cond" truecount="1" falsecount="0"/>
        <line num="119" count="303" type="stmt"/>
        <line num="120" count="303" type="stmt"/>
        <line num="121" count="303" type="cond" truecount="1" falsecount="0"/>
        <line num="122" count="592" type="cond" truecount="2" falsecount="0"/>
        <line num="123" count="289" type="stmt"/>
        <line num="124" count="592" type="stmt"/>
        <line num="125" count="303" type="stmt"/>
        <line num="126" count="303" type="stmt"/>
        <line num="127" count="1" type="stmt"/>
        <line num="128" count="9" type="cond" truecount="1" falsecount="0"/>
        <line num="129" count="9" type="cond" truecount="1" falsecount="0"/>
        <line num="130" count="303" type="stmt"/>
        <line num="131" count="303" type="stmt"/>
        <line num="132" count="9" type="stmt"/>
        <line num="133" count="1" type="stmt"/>
        <line num="134" count="1" type="cond" truecount="1" falsecount="0"/>
        <line num="135" count="1" type="stmt"/>
        <line num="136" count="1" type="cond" truecount="1" falsecount="0"/>
        <line num="137" count="1" type="stmt"/>
        <line num="138" count="1" type="cond" truecount="1" falsecount="0"/>
        <line num="139" count="1" type="stmt"/>
        <line num="140" count="1" type="stmt"/>
        <line num="141" count="1" type="cond" truecount="1" falsecount="0"/>
        <line num="142" count="189" type="stmt"/>
        <line num="143" count="189" type="stmt"/>
        <line num="144" count="189" type="stmt"/>
        <line num="145" count="189" type="stmt"/>
        <line num="146" count="189" type="stmt"/>
        <line num="147" count="189" type="cond" truecount="1" falsecount="0"/>
        <line num="148" count="353" type="stmt"/>
        <line num="149" count="353" type="cond" truecount="2" falsecount="0"/>
        <line num="150" count="164" type="stmt"/>
        <line num="151" count="164" type="stmt"/>
        <line num="152" count="353" type="stmt"/>
        <line num="153" count="189" type="stmt"/>
        <line num="154" count="189" type="stmt"/>
        <line num="155" count="1" type="cond" truecount="1" falsecount="0"/>
        <line num="156" count="189" type="cond" truecount="1" falsecount="0"/>
        <line num="157" count="189" type="stmt"/>
        <line num="158" count="189" type="stmt"/>
        <line num="159" count="189" type="stmt"/>
        <line num="160" count="1" type="stmt"/>
        <line num="161" count="1" type="cond" truecount="1" falsecount="0"/>
        <line num="162" count="100" type="cond" truecount="2" falsecount="0"/>
        <line num="163" count="89" type="stmt"/>
        <line num="164" count="100" type="cond" truecount="4" falsecount="0"/>
        <line num="165" count="100" type="stmt"/>
        <line num="166" count="100" type="cond" truecount="1" falsecount="0"/>
        <line num="167" count="100" type="stmt"/>
      </file>
    </package>
    <package name="beam.src.lib.utils">
      <metrics statements="5" coveredstatements="0" conditionals="1" coveredconditionals="0" methods="1" coveredmethods="0"/>
      <file name="index.ts" path="/home/prncss/Projects/github.com/prncss-xyz/beam/packages/beam/src/lib/utils/index.ts">
        <metrics statements="5" coveredstatements="0" conditionals="1" coveredconditionals="0" methods="1" coveredmethods="0"/>
        <line num="1" count="0" type="cond" truecount="0" falsecount="1"/>
        <line num="2" count="0" type="stmt"/>
        <line num="3" count="0" type="stmt"/>
        <line num="4" count="0" type="stmt"/>
        <line num="5" count="0" type="stmt"/>
      </file>
    </package>
  </project>
</coverage>
