<?xml version="1.0" encoding="UTF-8"?>
<coverage generated="1706310957822" clover="3.2.0">
  <project timestamp="1706310957822" name="All files">
    <metrics statements="579" coveredstatements="579" conditionals="159" coveredconditionals="159" methods="74" coveredmethods="74" elements="812" coveredelements="812" complexity="0" loc="579" ncloc="579" packages="3" files="6" classes="6"/>
    <package name="beam">
      <metrics statements="24" coveredstatements="24" conditionals="1" coveredconditionals="1" methods="1" coveredmethods="1"/>
      <file name="stryker.config.mjs" path="/home/prncss/Projects/github.com/prncss-xyz/beam/packages/beam/stryker.config.mjs">
        <metrics statements="24" coveredstatements="24" conditionals="1" coveredconditionals="1" methods="1" coveredmethods="1"/>
        <line num="1" count="1" type="cond" truecount="1" falsecount="0"/>
        <line num="2" count="1" type="stmt"/>
        <line num="3" count="1" type="stmt"/>
        <line num="4" count="1" type="stmt"/>
        <line num="5" count="1" type="stmt"/>
        <line num="6" count="1" type="stmt"/>
        <line num="7" count="1" type="stmt"/>
        <line num="8" count="1" type="stmt"/>
        <line num="9" count="1" type="stmt"/>
        <line num="10" count="1" type="stmt"/>
        <line num="11" count="1" type="stmt"/>
        <line num="12" count="1" type="stmt"/>
        <line num="13" count="1" type="stmt"/>
        <line num="14" count="1" type="stmt"/>
        <line num="15" count="1" type="stmt"/>
        <line num="16" count="1" type="stmt"/>
        <line num="17" count="1" type="stmt"/>
        <line num="18" count="1" type="stmt"/>
        <line num="19" count="1" type="stmt"/>
        <line num="20" count="1" type="stmt"/>
        <line num="21" count="1" type="stmt"/>
        <line num="22" count="1" type="stmt"/>
        <line num="23" count="1" type="stmt"/>
        <line num="24" count="1" type="stmt"/>
      </file>
    </package>
    <package name="beam.src">
      <metrics statements="4" coveredstatements="4" conditionals="1" coveredconditionals="1" methods="1" coveredmethods="1"/>
      <file name="index.ts" path="/home/prncss/Projects/github.com/prncss-xyz/beam/packages/beam/src/index.ts">
        <metrics statements="4" coveredstatements="4" conditionals="1" coveredconditionals="1" methods="1" coveredmethods="1"/>
        <line num="1" count="1" type="cond" truecount="1" falsecount="0"/>
        <line num="2" count="1" type="stmt"/>
        <line num="3" count="1" type="stmt"/>
        <line num="4" count="1" type="stmt"/>
      </file>
    </package>
    <package name="beam.src.lib.transducers">
      <metrics statements="551" coveredstatements="551" conditionals="157" coveredconditionals="157" methods="72" coveredmethods="72"/>
      <file name="core.ts" path="/home/prncss/Projects/github.com/prncss-xyz/beam/packages/beam/src/lib/transducers/core.ts">
        <metrics statements="124" coveredstatements="124" conditionals="25" coveredconditionals="25" methods="7" coveredmethods="7"/>
        <line num="1" count="1" type="stmt"/>
        <line num="2" count="1" type="stmt"/>
        <line num="3" count="1" type="stmt"/>
        <line num="4" count="1" type="stmt"/>
        <line num="5" count="1" type="stmt"/>
        <line num="6" count="1" type="stmt"/>
        <line num="7" count="1" type="stmt"/>
        <line num="8" count="1" type="stmt"/>
        <line num="9" count="1" type="stmt"/>
        <line num="10" count="1" type="stmt"/>
        <line num="11" count="1" type="stmt"/>
        <line num="12" count="1" type="stmt"/>
        <line num="13" count="1" type="stmt"/>
        <line num="14" count="1" type="stmt"/>
        <line num="15" count="1" type="stmt"/>
        <line num="16" count="1" type="stmt"/>
        <line num="17" count="1" type="stmt"/>
        <line num="18" count="1" type="stmt"/>
        <line num="19" count="1" type="stmt"/>
        <line num="20" count="1" type="stmt"/>
        <line num="21" count="1" type="stmt"/>
        <line num="22" count="1" type="stmt"/>
        <line num="23" count="1" type="stmt"/>
        <line num="24" count="232" type="cond" truecount="1" falsecount="0"/>
        <line num="25" count="232" type="stmt"/>
        <line num="26" count="232" type="stmt"/>
        <line num="27" count="1" type="stmt"/>
        <line num="28" count="1" type="cond" truecount="1" falsecount="0"/>
        <line num="29" count="6486" type="stmt"/>
        <line num="30" count="6486" type="stmt"/>
        <line num="31" count="6486" type="stmt"/>
        <line num="32" count="6486" type="stmt"/>
        <line num="33" count="6486" type="stmt"/>
        <line num="34" count="6486" type="stmt"/>
        <line num="35" count="6486" type="stmt"/>
        <line num="36" count="6486" type="cond" truecount="1" falsecount="0"/>
        <line num="37" count="235" type="stmt"/>
        <line num="38" count="235" type="stmt"/>
        <line num="39" count="6486" type="stmt"/>
        <line num="40" count="6486" type="stmt"/>
        <line num="41" count="6486" type="stmt"/>
        <line num="42" count="6486" type="stmt"/>
        <line num="43" count="6486" type="stmt"/>
        <line num="44" count="6486" type="stmt"/>
        <line num="45" count="6486" type="stmt"/>
        <line num="46" count="6486" type="stmt"/>
        <line num="47" count="6486" type="stmt"/>
        <line num="48" count="6486" type="stmt"/>
        <line num="49" count="6486" type="cond" truecount="1" falsecount="0"/>
        <line num="50" count="34523" type="stmt"/>
        <line num="51" count="34523" type="cond" truecount="2" falsecount="0"/>
        <line num="52" count="28273" type="stmt"/>
        <line num="53" count="28273" type="stmt"/>
        <line num="54" count="28273" type="stmt"/>
        <line num="55" count="28273" type="stmt"/>
        <line num="56" count="34523" type="cond" truecount="1" falsecount="0"/>
        <line num="57" count="133" type="cond" truecount="2" falsecount="0"/>
        <line num="58" count="132" type="stmt"/>
        <line num="59" count="132" type="stmt"/>
        <line num="60" count="34523" type="cond" truecount="1" falsecount="0"/>
        <line num="61" count="6485" type="stmt"/>
        <line num="62" count="6485" type="stmt"/>
        <line num="63" count="1" type="stmt"/>
        <line num="64" count="1" type="cond" truecount="1" falsecount="0"/>
        <line num="65" count="500" type="stmt"/>
        <line num="66" count="500" type="stmt"/>
        <line num="67" count="500" type="stmt"/>
        <line num="68" count="500" type="stmt"/>
        <line num="69" count="500" type="stmt"/>
        <line num="70" count="500" type="cond" truecount="1" falsecount="0"/>
        <line num="71" count="455" type="stmt"/>
        <line num="72" count="455" type="stmt"/>
        <line num="73" count="500" type="stmt"/>
        <line num="74" count="500" type="stmt"/>
        <line num="75" count="500" type="stmt"/>
        <line num="76" count="500" type="stmt"/>
        <line num="77" count="500" type="stmt"/>
        <line num="78" count="500" type="stmt"/>
        <line num="79" count="500" type="stmt"/>
        <line num="80" count="500" type="stmt"/>
        <line num="81" count="500" type="stmt"/>
        <line num="82" count="500" type="stmt"/>
        <line num="83" count="500" type="stmt"/>
        <line num="84" count="500" type="stmt"/>
        <line num="85" count="500" type="stmt"/>
        <line num="86" count="500" type="stmt"/>
        <line num="87" count="500" type="stmt"/>
        <line num="88" count="500" type="cond" truecount="1" falsecount="0"/>
        <line num="89" count="1578" type="cond" truecount="1" falsecount="0"/>
        <line num="90" count="2501" type="cond" truecount="1" falsecount="0"/>
        <line num="91" count="1023" type="stmt"/>
        <line num="92" count="1023" type="stmt"/>
        <line num="93" count="1023" type="cond" truecount="1" falsecount="0"/>
        <line num="94" count="1478" type="stmt"/>
        <line num="95" count="2501" type="cond" truecount="1" falsecount="0"/>
        <line num="96" count="155" type="stmt"/>
        <line num="97" count="155" type="stmt"/>
        <line num="98" count="155" type="cond" truecount="1" falsecount="0"/>
        <line num="99" count="1323" type="stmt"/>
        <line num="100" count="1323" type="stmt"/>
        <line num="101" count="1323" type="stmt"/>
        <line num="102" count="1323" type="stmt"/>
        <line num="103" count="2501" type="cond" truecount="1" falsecount="0"/>
        <line num="104" count="200" type="cond" truecount="1" falsecount="0"/>
        <line num="105" count="100" type="stmt"/>
        <line num="106" count="100" type="stmt"/>
        <line num="107" count="100" type="stmt"/>
        <line num="108" count="2501" type="cond" truecount="2" falsecount="0"/>
        <line num="109" count="1259" type="cond" truecount="1" falsecount="0"/>
        <line num="110" count="100" type="stmt"/>
        <line num="111" count="100" type="stmt"/>
        <line num="112" count="100" type="stmt"/>
        <line num="113" count="100" type="stmt"/>
        <line num="114" count="100" type="stmt"/>
        <line num="115" count="1578" type="stmt"/>
        <line num="116" count="500" type="stmt"/>
        <line num="117" count="1" type="stmt"/>
        <line num="118" count="1" type="stmt"/>
        <line num="119" count="1" type="cond" truecount="1" falsecount="0"/>
        <line num="120" count="2897" type="cond" truecount="1" falsecount="0"/>
        <line num="121" count="2853" type="stmt"/>
        <line num="122" count="2853" type="stmt"/>
        <line num="123" count="2853" type="stmt"/>
        <line num="124" count="2853" type="stmt"/>
      </file>
      <file name="reducers.ts" path="/home/prncss/Projects/github.com/prncss-xyz/beam/packages/beam/src/lib/transducers/reducers.ts">
        <metrics statements="246" coveredstatements="246" conditionals="77" coveredconditionals="77" methods="33" coveredmethods="33"/>
        <line num="1" count="1" type="stmt"/>
        <line num="2" count="1" type="stmt"/>
        <line num="3" count="1" type="stmt"/>
        <line num="4" count="1" type="stmt"/>
        <line num="5" count="1" type="stmt"/>
        <line num="6" count="1" type="cond" truecount="1" falsecount="0"/>
        <line num="7" count="1896" type="cond" truecount="1" falsecount="0"/>
        <line num="8" count="5129" type="stmt"/>
        <line num="9" count="5129" type="stmt"/>
        <line num="10" count="5129" type="cond" truecount="1" falsecount="0"/>
        <line num="11" count="21467" type="stmt"/>
        <line num="12" count="21467" type="stmt"/>
        <line num="13" count="5129" type="stmt"/>
        <line num="14" count="5129" type="stmt"/>
        <line num="15" count="1896" type="stmt"/>
        <line num="16" count="1" type="stmt"/>
        <line num="17" count="1" type="cond" truecount="1" falsecount="0"/>
        <line num="18" count="200" type="cond" truecount="1" falsecount="0"/>
        <line num="19" count="200" type="stmt"/>
        <line num="20" count="200" type="cond" truecount="1" falsecount="0"/>
        <line num="21" count="22" type="stmt"/>
        <line num="22" count="22" type="stmt"/>
        <line num="23" count="22" type="cond" truecount="1" falsecount="0"/>
        <line num="24" count="22" type="stmt"/>
        <line num="25" count="22" type="stmt"/>
        <line num="26" count="22" type="cond" truecount="1" falsecount="0"/>
        <line num="27" count="178" type="stmt"/>
        <line num="28" count="178" type="stmt"/>
        <line num="29" count="178" type="stmt"/>
        <line num="30" count="178" type="cond" truecount="1" falsecount="0"/>
        <line num="31" count="332" type="stmt"/>
        <line num="32" count="332" type="cond" truecount="1" falsecount="0"/>
        <line num="33" count="332" type="stmt"/>
        <line num="34" count="332" type="stmt"/>
        <line num="35" count="178" type="stmt"/>
        <line num="36" count="200" type="stmt"/>
        <line num="37" count="200" type="stmt"/>
        <line num="38" count="1" type="stmt"/>
        <line num="39" count="1" type="cond" truecount="1" falsecount="0"/>
        <line num="40" count="100" type="cond" truecount="1" falsecount="0"/>
        <line num="41" count="100" type="stmt"/>
        <line num="42" count="100" type="stmt"/>
        <line num="43" count="100" type="stmt"/>
        <line num="44" count="100" type="cond" truecount="1" falsecount="0"/>
        <line num="45" count="530" type="stmt"/>
        <line num="46" count="530" type="cond" truecount="2" falsecount="0"/>
        <line num="47" count="176" type="stmt"/>
        <line num="48" count="530" type="stmt"/>
        <line num="49" count="100" type="stmt"/>
        <line num="50" count="100" type="stmt"/>
        <line num="51" count="100" type="stmt"/>
        <line num="52" count="1" type="stmt"/>
        <line num="53" count="1" type="cond" truecount="1" falsecount="0"/>
        <line num="54" count="200" type="cond" truecount="1" falsecount="0"/>
        <line num="55" count="200" type="stmt"/>
        <line num="56" count="200" type="stmt"/>
        <line num="57" count="200" type="cond" truecount="1" falsecount="0"/>
        <line num="58" count="571" type="cond" truecount="2" falsecount="0"/>
        <line num="59" count="155" type="stmt"/>
        <line num="60" count="571" type="stmt"/>
        <line num="61" count="200" type="stmt"/>
        <line num="62" count="200" type="stmt"/>
        <line num="63" count="200" type="stmt"/>
        <line num="64" count="1" type="stmt"/>
        <line num="65" count="1" type="cond" truecount="1" falsecount="0"/>
        <line num="66" count="100" type="cond" truecount="1" falsecount="0"/>
        <line num="67" count="100" type="stmt"/>
        <line num="68" count="100" type="stmt"/>
        <line num="69" count="100" type="stmt"/>
        <line num="70" count="100" type="cond" truecount="1" falsecount="0"/>
        <line num="71" count="472" type="stmt"/>
        <line num="72" count="472" type="cond" truecount="2" falsecount="0"/>
        <line num="73" count="212" type="stmt"/>
        <line num="74" count="472" type="stmt"/>
        <line num="75" count="100" type="stmt"/>
        <line num="76" count="100" type="stmt"/>
        <line num="77" count="100" type="stmt"/>
        <line num="78" count="1" type="cond" truecount="1" falsecount="0"/>
        <line num="79" count="100" type="cond" truecount="1" falsecount="0"/>
        <line num="80" count="100" type="stmt"/>
        <line num="81" count="100" type="stmt"/>
        <line num="82" count="100" type="cond" truecount="1" falsecount="0"/>
        <line num="83" count="346" type="cond" truecount="1" falsecount="0"/>
        <line num="84" count="51" type="stmt"/>
        <line num="85" count="51" type="stmt"/>
        <line num="86" count="51" type="cond" truecount="1" falsecount="0"/>
        <line num="87" count="295" type="stmt"/>
        <line num="88" count="346" type="stmt"/>
        <line num="89" count="100" type="stmt"/>
        <line num="90" count="100" type="stmt"/>
        <line num="91" count="100" type="stmt"/>
        <line num="92" count="1" type="stmt"/>
        <line num="93" count="1" type="cond" truecount="1" falsecount="0"/>
        <line num="94" count="100" type="cond" truecount="1" falsecount="0"/>
        <line num="95" count="100" type="stmt"/>
        <line num="96" count="100" type="stmt"/>
        <line num="97" count="100" type="cond" truecount="1" falsecount="0"/>
        <line num="98" count="461" type="cond" truecount="2" falsecount="0"/>
        <line num="99" count="317" type="stmt"/>
        <line num="100" count="461" type="stmt"/>
        <line num="101" count="100" type="stmt"/>
        <line num="102" count="100" type="stmt"/>
        <line num="103" count="100" type="stmt"/>
        <line num="104" count="1" type="stmt"/>
        <line num="105" count="1" type="cond" truecount="1" falsecount="0"/>
        <line num="106" count="100" type="cond" truecount="1" falsecount="0"/>
        <line num="107" count="100" type="stmt"/>
        <line num="108" count="100" type="stmt"/>
        <line num="109" count="100" type="cond" truecount="1" falsecount="0"/>
        <line num="110" count="447" type="cond" truecount="2" falsecount="0"/>
        <line num="111" count="77" type="stmt"/>
        <line num="112" count="447" type="stmt"/>
        <line num="113" count="100" type="stmt"/>
        <line num="114" count="100" type="stmt"/>
        <line num="115" count="100" type="stmt"/>
        <line num="116" count="1" type="stmt"/>
        <line num="117" count="1" type="cond" truecount="1" falsecount="0"/>
        <line num="118" count="100" type="cond" truecount="1" falsecount="0"/>
        <line num="119" count="100" type="stmt"/>
        <line num="120" count="100" type="stmt"/>
        <line num="121" count="100" type="stmt"/>
        <line num="122" count="100" type="stmt"/>
        <line num="123" count="100" type="cond" truecount="1" falsecount="0"/>
        <line num="124" count="1385" type="cond" truecount="1" falsecount="0"/>
        <line num="125" count="1385" type="stmt"/>
        <line num="126" count="1385" type="stmt"/>
        <line num="127" count="1385" type="cond" truecount="2" falsecount="0"/>
        <line num="128" count="920" type="stmt"/>
        <line num="129" count="1385" type="stmt"/>
        <line num="130" count="100" type="stmt"/>
        <line num="131" count="100" type="stmt"/>
        <line num="132" count="100" type="stmt"/>
        <line num="133" count="1" type="stmt"/>
        <line num="134" count="1" type="cond" truecount="1" falsecount="0"/>
        <line num="135" count="201" type="cond" truecount="1" falsecount="0"/>
        <line num="136" count="201" type="stmt"/>
        <line num="137" count="201" type="stmt"/>
        <line num="138" count="201" type="cond" truecount="1" falsecount="0"/>
        <line num="139" count="604" type="stmt"/>
        <line num="140" count="604" type="stmt"/>
        <line num="141" count="201" type="stmt"/>
        <line num="142" count="201" type="stmt"/>
        <line num="143" count="201" type="stmt"/>
        <line num="144" count="1" type="stmt"/>
        <line num="145" count="1" type="cond" truecount="1" falsecount="0"/>
        <line num="146" count="100" type="cond" truecount="1" falsecount="0"/>
        <line num="147" count="100" type="stmt"/>
        <line num="148" count="100" type="stmt"/>
        <line num="149" count="100" type="stmt"/>
        <line num="150" count="100" type="cond" truecount="1" falsecount="0"/>
        <line num="151" count="459" type="stmt"/>
        <line num="152" count="459" type="stmt"/>
        <line num="153" count="459" type="stmt"/>
        <line num="154" count="100" type="stmt"/>
        <line num="155" count="100" type="stmt"/>
        <line num="156" count="100" type="stmt"/>
        <line num="157" count="1" type="stmt"/>
        <line num="158" count="1" type="cond" truecount="1" falsecount="0"/>
        <line num="159" count="100" type="cond" truecount="2" falsecount="0"/>
        <line num="160" count="78" type="cond" truecount="1" falsecount="0"/>
        <line num="161" count="78" type="stmt"/>
        <line num="162" count="78" type="stmt"/>
        <line num="163" count="78" type="stmt"/>
        <line num="164" count="78" type="cond" truecount="1" falsecount="0"/>
        <line num="165" count="428" type="stmt"/>
        <line num="166" count="428" type="cond" truecount="1" falsecount="0"/>
        <line num="167" count="191" type="stmt"/>
        <line num="168" count="191" type="stmt"/>
        <line num="169" count="191" type="stmt"/>
        <line num="170" count="191" type="cond" truecount="1" falsecount="0"/>
        <line num="171" count="237" type="stmt"/>
        <line num="172" count="428" type="stmt"/>
        <line num="173" count="78" type="stmt"/>
        <line num="174" count="78" type="stmt"/>
        <line num="175" count="78" type="stmt"/>
        <line num="176" count="1" type="stmt"/>
        <line num="177" count="1" type="cond" truecount="1" falsecount="0"/>
        <line num="178" count="100" type="cond" truecount="2" falsecount="0"/>
        <line num="179" count="78" type="cond" truecount="1" falsecount="0"/>
        <line num="180" count="78" type="stmt"/>
        <line num="181" count="78" type="stmt"/>
        <line num="182" count="78" type="stmt"/>
        <line num="183" count="78" type="cond" truecount="1" falsecount="0"/>
        <line num="184" count="381" type="stmt"/>
        <line num="185" count="381" type="cond" truecount="1" falsecount="0"/>
        <line num="186" count="275" type="stmt"/>
        <line num="187" count="275" type="stmt"/>
        <line num="188" count="275" type="stmt"/>
        <line num="189" count="275" type="cond" truecount="1" falsecount="0"/>
        <line num="190" count="106" type="stmt"/>
        <line num="191" count="381" type="stmt"/>
        <line num="192" count="78" type="stmt"/>
        <line num="193" count="78" type="stmt"/>
        <line num="194" count="78" type="stmt"/>
        <line num="195" count="1" type="stmt"/>
        <line num="196" count="1" type="stmt"/>
        <line num="197" count="1" type="cond" truecount="1" falsecount="0"/>
        <line num="198" count="100" type="stmt"/>
        <line num="199" count="100" type="stmt"/>
        <line num="200" count="100" type="stmt"/>
        <line num="201" count="100" type="stmt"/>
        <line num="202" count="100" type="cond" truecount="1" falsecount="0"/>
        <line num="203" count="100" type="stmt"/>
        <line num="204" count="100" type="stmt"/>
        <line num="205" count="100" type="cond" truecount="1" falsecount="0"/>
        <line num="206" count="500" type="stmt"/>
        <line num="207" count="500" type="stmt"/>
        <line num="208" count="100" type="stmt"/>
        <line num="209" count="100" type="stmt"/>
        <line num="210" count="100" type="stmt"/>
        <line num="211" count="1" type="stmt"/>
        <line num="212" count="1" type="stmt"/>
        <line num="213" count="1" type="cond" truecount="1" falsecount="0"/>
        <line num="214" count="300" type="stmt"/>
        <line num="215" count="300" type="stmt"/>
        <line num="216" count="300" type="stmt"/>
        <line num="217" count="300" type="cond" truecount="1" falsecount="0"/>
        <line num="218" count="300" type="stmt"/>
        <line num="219" count="300" type="stmt"/>
        <line num="220" count="300" type="cond" truecount="1" falsecount="0"/>
        <line num="221" count="3133" type="stmt"/>
        <line num="222" count="3133" type="stmt"/>
        <line num="223" count="300" type="stmt"/>
        <line num="224" count="300" type="stmt"/>
        <line num="225" count="300" type="stmt"/>
        <line num="226" count="1" type="stmt"/>
        <line num="227" count="1" type="cond" truecount="1" falsecount="0"/>
        <line num="228" count="100" type="stmt"/>
        <line num="229" count="100" type="stmt"/>
        <line num="230" count="100" type="stmt"/>
        <line num="231" count="100" type="stmt"/>
        <line num="232" count="100" type="cond" truecount="1" falsecount="0"/>
        <line num="233" count="100" type="stmt"/>
        <line num="234" count="100" type="stmt"/>
        <line num="235" count="100" type="stmt"/>
        <line num="236" count="100" type="cond" truecount="1" falsecount="0"/>
        <line num="237" count="319" type="stmt"/>
        <line num="238" count="319" type="cond" truecount="1" falsecount="0"/>
        <line num="239" count="55" type="stmt"/>
        <line num="240" count="55" type="cond" truecount="1" falsecount="0"/>
        <line num="241" count="264" type="stmt"/>
        <line num="242" count="264" type="stmt"/>
        <line num="243" count="319" type="stmt"/>
        <line num="244" count="100" type="stmt"/>
        <line num="245" count="100" type="stmt"/>
        <line num="246" count="100" type="stmt"/>
      </file>
      <file name="transformers.ts" path="/home/prncss/Projects/github.com/prncss-xyz/beam/packages/beam/src/lib/transducers/transformers.ts">
        <metrics statements="163" coveredstatements="163" conditionals="52" coveredconditionals="52" methods="31" coveredmethods="31"/>
        <line num="1" count="1" type="stmt"/>
        <line num="2" count="1" type="stmt"/>
        <line num="3" count="1" type="cond" truecount="1" falsecount="0"/>
        <line num="4" count="1" type="cond" truecount="1" falsecount="0"/>
        <line num="5" count="1" type="stmt"/>
        <line num="6" count="1" type="cond" truecount="1" falsecount="0"/>
        <line num="7" count="800" type="cond" truecount="1" falsecount="0"/>
        <line num="8" count="800" type="stmt"/>
        <line num="9" count="1" type="stmt"/>
        <line num="10" count="1" type="stmt"/>
        <line num="11" count="1" type="stmt"/>
        <line num="12" count="1" type="stmt"/>
        <line num="13" count="1" type="stmt"/>
        <line num="14" count="1" type="stmt"/>
        <line num="15" count="1" type="stmt"/>
        <line num="16" count="1" type="stmt"/>
        <line num="17" count="1" type="stmt"/>
        <line num="18" count="1" type="stmt"/>
        <line num="19" count="1" type="stmt"/>
        <line num="20" count="1" type="stmt"/>
        <line num="21" count="1" type="stmt"/>
        <line num="22" count="1" type="stmt"/>
        <line num="23" count="1" type="stmt"/>
        <line num="24" count="1" type="cond" truecount="1" falsecount="0"/>
        <line num="25" count="100" type="stmt"/>
        <line num="26" count="100" type="stmt"/>
        <line num="27" count="100" type="cond" truecount="1" falsecount="0"/>
        <line num="28" count="100" type="stmt"/>
        <line num="29" count="100" type="stmt"/>
        <line num="30" count="100" type="stmt"/>
        <line num="31" count="1" type="stmt"/>
        <line num="32" count="1" type="cond" truecount="1" falsecount="0"/>
        <line num="33" count="100" type="stmt"/>
        <line num="34" count="100" type="stmt"/>
        <line num="35" count="100" type="cond" truecount="1" falsecount="0"/>
        <line num="36" count="429" type="stmt"/>
        <line num="37" count="429" type="stmt"/>
        <line num="38" count="429" type="stmt"/>
        <line num="39" count="100" type="stmt"/>
        <line num="40" count="100" type="stmt"/>
        <line num="41" count="100" type="stmt"/>
        <line num="42" count="1" type="stmt"/>
        <line num="43" count="6392" type="cond" truecount="1" falsecount="0"/>
        <line num="44" count="6392" type="stmt"/>
        <line num="45" count="6392" type="cond" truecount="1" falsecount="0"/>
        <line num="46" count="6392" type="stmt"/>
        <line num="47" count="1" type="stmt"/>
        <line num="48" count="1" type="cond" truecount="1" falsecount="0"/>
        <line num="49" count="3203" type="stmt"/>
        <line num="50" count="3203" type="stmt"/>
        <line num="51" count="3203" type="cond" truecount="1" falsecount="0"/>
        <line num="52" count="34506" type="stmt"/>
        <line num="53" count="34506" type="cond" truecount="2" falsecount="0"/>
        <line num="54" count="28695" type="stmt"/>
        <line num="55" count="34506" type="stmt"/>
        <line num="56" count="3203" type="stmt"/>
        <line num="57" count="3203" type="stmt"/>
        <line num="58" count="3203" type="stmt"/>
        <line num="59" count="1" type="stmt"/>
        <line num="60" count="1" type="cond" truecount="1" falsecount="0"/>
        <line num="61" count="2303" type="stmt"/>
        <line num="62" count="2303" type="stmt"/>
        <line num="63" count="2303" type="stmt"/>
        <line num="64" count="2303" type="stmt"/>
        <line num="65" count="2303" type="stmt"/>
        <line num="66" count="1" type="stmt"/>
        <line num="67" count="1" type="cond" truecount="1" falsecount="0"/>
        <line num="68" count="100" type="stmt"/>
        <line num="69" count="100" type="cond" truecount="1" falsecount="0"/>
        <line num="70" count="100" type="cond" truecount="1" falsecount="0"/>
        <line num="71" count="524" type="stmt"/>
        <line num="72" count="524" type="stmt"/>
        <line num="73" count="524" type="stmt"/>
        <line num="74" count="100" type="stmt"/>
        <line num="75" count="100" type="stmt"/>
        <line num="76" count="100" type="stmt"/>
        <line num="77" count="1" type="stmt"/>
        <line num="78" count="1" type="cond" truecount="1" falsecount="0"/>
        <line num="79" count="2497" type="stmt"/>
        <line num="80" count="2497" type="cond" truecount="1" falsecount="0"/>
        <line num="81" count="2497" type="cond" truecount="1" falsecount="0"/>
        <line num="82" count="20364" type="stmt"/>
        <line num="83" count="20364" type="stmt"/>
        <line num="84" count="20364" type="stmt"/>
        <line num="85" count="2497" type="stmt"/>
        <line num="86" count="2497" type="stmt"/>
        <line num="87" count="2497" type="stmt"/>
        <line num="88" count="1" type="stmt"/>
        <line num="89" count="1" type="cond" truecount="1" falsecount="0"/>
        <line num="90" count="101" type="stmt"/>
        <line num="91" count="101" type="cond" truecount="1" falsecount="0"/>
        <line num="92" count="101" type="cond" truecount="1" falsecount="0"/>
        <line num="93" count="555" type="stmt"/>
        <line num="94" count="555" type="cond" truecount="1" falsecount="0"/>
        <line num="95" count="101" type="stmt"/>
        <line num="96" count="101" type="cond" truecount="1" falsecount="0"/>
        <line num="97" count="454" type="stmt"/>
        <line num="98" count="555" type="stmt"/>
        <line num="99" count="101" type="stmt"/>
        <line num="100" count="101" type="stmt"/>
        <line num="101" count="101" type="stmt"/>
        <line num="102" count="1" type="stmt"/>
        <line num="103" count="1" type="cond" truecount="1" falsecount="0"/>
        <line num="104" count="101" type="stmt"/>
        <line num="105" count="101" type="stmt"/>
        <line num="106" count="1" type="stmt"/>
        <line num="107" count="1" type="stmt"/>
        <line num="108" count="9" type="cond" truecount="1" falsecount="0"/>
        <line num="109" count="9" type="cond" truecount="1" falsecount="0"/>
        <line num="110" count="600" type="stmt"/>
        <line num="111" count="600" type="stmt"/>
        <line num="112" count="600" type="stmt"/>
        <line num="113" count="600" type="stmt"/>
        <line num="114" count="600" type="stmt"/>
        <line num="115" count="600" type="stmt"/>
        <line num="116" count="9" type="stmt"/>
        <line num="117" count="1" type="stmt"/>
        <line num="118" count="1" type="stmt"/>
        <line num="119" count="303" type="cond" truecount="1" falsecount="0"/>
        <line num="120" count="303" type="stmt"/>
        <line num="121" count="303" type="stmt"/>
        <line num="122" count="303" type="cond" truecount="1" falsecount="0"/>
        <line num="123" count="593" type="cond" truecount="2" falsecount="0"/>
        <line num="124" count="290" type="stmt"/>
        <line num="125" count="593" type="stmt"/>
        <line num="126" count="303" type="stmt"/>
        <line num="127" count="303" type="stmt"/>
        <line num="128" count="1" type="stmt"/>
        <line num="129" count="9" type="cond" truecount="1" falsecount="0"/>
        <line num="130" count="9" type="cond" truecount="1" falsecount="0"/>
        <line num="131" count="303" type="stmt"/>
        <line num="132" count="303" type="stmt"/>
        <line num="133" count="9" type="stmt"/>
        <line num="134" count="1" type="stmt"/>
        <line num="135" count="1" type="cond" truecount="1" falsecount="0"/>
        <line num="136" count="1" type="stmt"/>
        <line num="137" count="1" type="cond" truecount="1" falsecount="0"/>
        <line num="138" count="1" type="stmt"/>
        <line num="139" count="1" type="cond" truecount="1" falsecount="0"/>
        <line num="140" count="1" type="stmt"/>
        <line num="141" count="1" type="stmt"/>
        <line num="142" count="1" type="cond" truecount="1" falsecount="0"/>
        <line num="143" count="190" type="stmt"/>
        <line num="144" count="190" type="stmt"/>
        <line num="145" count="190" type="cond" truecount="1" falsecount="0"/>
        <line num="146" count="347" type="stmt"/>
        <line num="147" count="347" type="cond" truecount="2" falsecount="0"/>
        <line num="148" count="157" type="stmt"/>
        <line num="149" count="157" type="stmt"/>
        <line num="150" count="347" type="stmt"/>
        <line num="151" count="190" type="stmt"/>
        <line num="152" count="190" type="stmt"/>
        <line num="153" count="1" type="cond" truecount="1" falsecount="0"/>
        <line num="154" count="190" type="cond" truecount="1" falsecount="0"/>
        <line num="155" count="190" type="stmt"/>
        <line num="156" count="190" type="stmt"/>
        <line num="157" count="190" type="stmt"/>
        <line num="158" count="1" type="stmt"/>
        <line num="159" count="1" type="cond" truecount="1" falsecount="0"/>
        <line num="160" count="100" type="cond" truecount="2" falsecount="0"/>
        <line num="161" count="100" type="cond" truecount="4" falsecount="0"/>
        <line num="162" count="100" type="cond" truecount="1" falsecount="0"/>
        <line num="163" count="100" type="stmt"/>
      </file>
      <file name="utils.ts" path="/home/prncss/Projects/github.com/prncss-xyz/beam/packages/beam/src/lib/transducers/utils.ts">
        <metrics statements="18" coveredstatements="18" conditionals="3" coveredconditionals="3" methods="1" coveredmethods="1"/>
        <line num="1" count="1" type="stmt"/>
        <line num="2" count="1" type="stmt"/>
        <line num="3" count="1" type="stmt"/>
        <line num="4" count="1" type="stmt"/>
        <line num="5" count="1" type="cond" truecount="1" falsecount="0"/>
        <line num="6" count="400" type="stmt"/>
        <line num="7" count="400" type="stmt"/>
        <line num="8" count="400" type="stmt"/>
        <line num="9" count="400" type="cond" truecount="1" falsecount="0"/>
        <line num="10" count="400" type="stmt"/>
        <line num="11" count="400" type="stmt"/>
        <line num="12" count="400" type="stmt"/>
        <line num="13" count="400" type="cond" truecount="1" falsecount="0"/>
        <line num="14" count="400" type="stmt"/>
        <line num="15" count="400" type="stmt"/>
        <line num="16" count="400" type="stmt"/>
        <line num="17" count="400" type="stmt"/>
        <line num="18" count="400" type="stmt"/>
      </file>
    </package>
  </project>
</coverage>
