{"/home/prncss/Projects/github.com/prncss-xyz/beam/packages/beam/src/index.ts": {"path":"/home/prncss/Projects/github.com/prncss-xyz/beam/packages/beam/src/index.ts","all":true,"statementMap":{"0":{"start":{"line":1,"column":0},"end":{"line":1,"column":45}},"1":{"start":{"line":2,"column":0},"end":{"line":2,"column":51}},"2":{"start":{"line":3,"column":0},"end":{"line":3,"column":59}}},"s":{"0":0,"1":0,"2":0},"branchMap":{"0":{"type":"branch","line":1,"loc":{"start":{"line":1,"column":0},"end":{"line":3,"column":59}},"locations":[{"start":{"line":1,"column":0},"end":{"line":3,"column":59}}]}},"b":{"0":[0]},"fnMap":{"0":{"name":"(empty-report)","decl":{"start":{"line":1,"column":0},"end":{"line":3,"column":59}},"loc":{"start":{"line":1,"column":0},"end":{"line":3,"column":59}},"line":1}},"f":{"0":0}}
,"/home/prncss/Projects/github.com/prncss-xyz/beam/packages/beam/src/transducers/core.ts": {"path":"/home/prncss/Projects/github.com/prncss-xyz/beam/packages/beam/src/transducers/core.ts","all":false,"statementMap":{"0":{"start":{"line":1,"column":0},"end":{"line":1,"column":32}},"1":{"start":{"line":2,"column":0},"end":{"line":2,"column":62}},"2":{"start":{"line":3,"column":0},"end":{"line":3,"column":0}},"3":{"start":{"line":4,"column":0},"end":{"line":4,"column":28}},"4":{"start":{"line":5,"column":0},"end":{"line":5,"column":26}},"5":{"start":{"line":6,"column":0},"end":{"line":6,"column":19}},"6":{"start":{"line":7,"column":0},"end":{"line":7,"column":20}},"7":{"start":{"line":8,"column":0},"end":{"line":8,"column":21}},"8":{"start":{"line":9,"column":0},"end":{"line":9,"column":22}},"9":{"start":{"line":10,"column":0},"end":{"line":10,"column":12}},"10":{"start":{"line":11,"column":0},"end":{"line":11,"column":31}},"11":{"start":{"line":12,"column":0},"end":{"line":12,"column":31}},"12":{"start":{"line":13,"column":0},"end":{"line":13,"column":23}},"13":{"start":{"line":14,"column":0},"end":{"line":14,"column":20}},"14":{"start":{"line":15,"column":0},"end":{"line":15,"column":11}},"15":{"start":{"line":16,"column":0},"end":{"line":16,"column":28}},"16":{"start":{"line":17,"column":0},"end":{"line":17,"column":12}},"17":{"start":{"line":18,"column":0},"end":{"line":18,"column":31}},"18":{"start":{"line":19,"column":0},"end":{"line":19,"column":9}},"19":{"start":{"line":20,"column":0},"end":{"line":20,"column":1}},"20":{"start":{"line":21,"column":0},"end":{"line":21,"column":0}},"21":{"start":{"line":22,"column":0},"end":{"line":22,"column":32}},"22":{"start":{"line":23,"column":0},"end":{"line":23,"column":0}},"23":{"start":{"line":24,"column":0},"end":{"line":24,"column":23}},"24":{"start":{"line":25,"column":0},"end":{"line":25,"column":18}},"25":{"start":{"line":26,"column":0},"end":{"line":26,"column":1}},"26":{"start":{"line":27,"column":0},"end":{"line":27,"column":0}},"27":{"start":{"line":28,"column":0},"end":{"line":28,"column":41}},"28":{"start":{"line":29,"column":0},"end":{"line":29,"column":18}},"29":{"start":{"line":30,"column":0},"end":{"line":30,"column":9}},"30":{"start":{"line":31,"column":0},"end":{"line":31,"column":26}},"31":{"start":{"line":32,"column":0},"end":{"line":32,"column":10}},"32":{"start":{"line":33,"column":0},"end":{"line":33,"column":29}},"33":{"start":{"line":34,"column":0},"end":{"line":34,"column":6}},"34":{"start":{"line":35,"column":0},"end":{"line":35,"column":19}},"35":{"start":{"line":36,"column":0},"end":{"line":36,"column":20}},"36":{"start":{"line":37,"column":0},"end":{"line":37,"column":18}},"37":{"start":{"line":38,"column":0},"end":{"line":38,"column":3}},"38":{"start":{"line":39,"column":0},"end":{"line":39,"column":18}},"39":{"start":{"line":40,"column":0},"end":{"line":40,"column":8}},"40":{"start":{"line":41,"column":0},"end":{"line":41,"column":10}},"41":{"start":{"line":42,"column":0},"end":{"line":42,"column":9}},"42":{"start":{"line":43,"column":0},"end":{"line":43,"column":14}},"43":{"start":{"line":44,"column":0},"end":{"line":44,"column":9}},"44":{"start":{"line":45,"column":0},"end":{"line":45,"column":5}},"45":{"start":{"line":46,"column":0},"end":{"line":46,"column":25}},"46":{"start":{"line":47,"column":0},"end":{"line":47,"column":31}},"47":{"start":{"line":48,"column":0},"end":{"line":48,"column":29}},"48":{"start":{"line":49,"column":0},"end":{"line":49,"column":17}},"49":{"start":{"line":50,"column":0},"end":{"line":50,"column":28}},"50":{"start":{"line":51,"column":0},"end":{"line":51,"column":31}},"51":{"start":{"line":52,"column":0},"end":{"line":52,"column":10}},"52":{"start":{"line":53,"column":0},"end":{"line":53,"column":19}},"53":{"start":{"line":54,"column":0},"end":{"line":54,"column":9}},"54":{"start":{"line":55,"column":0},"end":{"line":55,"column":26}},"55":{"start":{"line":56,"column":0},"end":{"line":56,"column":21}},"56":{"start":{"line":57,"column":0},"end":{"line":57,"column":43}},"57":{"start":{"line":58,"column":0},"end":{"line":58,"column":14}},"58":{"start":{"line":59,"column":0},"end":{"line":59,"column":5}},"59":{"start":{"line":60,"column":0},"end":{"line":60,"column":3}},"60":{"start":{"line":61,"column":0},"end":{"line":61,"column":13}},"61":{"start":{"line":62,"column":0},"end":{"line":62,"column":1}},"62":{"start":{"line":63,"column":0},"end":{"line":63,"column":0}},"63":{"start":{"line":64,"column":0},"end":{"line":64,"column":33}},"64":{"start":{"line":65,"column":0},"end":{"line":65,"column":20}},"65":{"start":{"line":66,"column":0},"end":{"line":66,"column":10}},"66":{"start":{"line":67,"column":0},"end":{"line":67,"column":29}},"67":{"start":{"line":68,"column":0},"end":{"line":68,"column":3}},"68":{"start":{"line":69,"column":0},"end":{"line":69,"column":19}},"69":{"start":{"line":70,"column":0},"end":{"line":70,"column":23}},"70":{"start":{"line":71,"column":0},"end":{"line":71,"column":18}},"71":{"start":{"line":72,"column":0},"end":{"line":72,"column":3}},"72":{"start":{"line":73,"column":0},"end":{"line":73,"column":0}},"73":{"start":{"line":74,"column":0},"end":{"line":74,"column":28}},"74":{"start":{"line":75,"column":0},"end":{"line":75,"column":24}},"75":{"start":{"line":76,"column":0},"end":{"line":76,"column":25}},"76":{"start":{"line":77,"column":0},"end":{"line":77,"column":0}},"77":{"start":{"line":78,"column":0},"end":{"line":78,"column":18}},"78":{"start":{"line":79,"column":0},"end":{"line":79,"column":8}},"79":{"start":{"line":80,"column":0},"end":{"line":80,"column":20}},"80":{"start":{"line":81,"column":0},"end":{"line":81,"column":9}},"81":{"start":{"line":82,"column":0},"end":{"line":82,"column":14}},"82":{"start":{"line":83,"column":0},"end":{"line":83,"column":9}},"83":{"start":{"line":84,"column":0},"end":{"line":84,"column":5}},"84":{"start":{"line":85,"column":0},"end":{"line":85,"column":25}},"85":{"start":{"line":86,"column":0},"end":{"line":86,"column":31}},"86":{"start":{"line":87,"column":0},"end":{"line":87,"column":29}},"87":{"start":{"line":88,"column":0},"end":{"line":88,"column":45}},"88":{"start":{"line":89,"column":0},"end":{"line":89,"column":19}},"89":{"start":{"line":90,"column":0},"end":{"line":90,"column":27}},"90":{"start":{"line":91,"column":0},"end":{"line":91,"column":37}},"91":{"start":{"line":92,"column":0},"end":{"line":92,"column":43}},"92":{"start":{"line":93,"column":0},"end":{"line":93,"column":7}},"93":{"start":{"line":94,"column":0},"end":{"line":94,"column":30}},"94":{"start":{"line":95,"column":0},"end":{"line":95,"column":28}},"95":{"start":{"line":96,"column":0},"end":{"line":96,"column":19}},"96":{"start":{"line":97,"column":0},"end":{"line":97,"column":48}},"97":{"start":{"line":98,"column":0},"end":{"line":98,"column":7}},"98":{"start":{"line":99,"column":0},"end":{"line":99,"column":12}},"99":{"start":{"line":100,"column":0},"end":{"line":100,"column":21}},"100":{"start":{"line":101,"column":0},"end":{"line":101,"column":11}},"101":{"start":{"line":102,"column":0},"end":{"line":102,"column":28}},"102":{"start":{"line":103,"column":0},"end":{"line":103,"column":23}},"103":{"start":{"line":104,"column":0},"end":{"line":104,"column":45}},"104":{"start":{"line":105,"column":0},"end":{"line":105,"column":19}},"105":{"start":{"line":106,"column":0},"end":{"line":106,"column":48}},"106":{"start":{"line":107,"column":0},"end":{"line":107,"column":7}},"107":{"start":{"line":108,"column":0},"end":{"line":108,"column":5}},"108":{"start":{"line":109,"column":0},"end":{"line":109,"column":25}},"109":{"start":{"line":110,"column":0},"end":{"line":110,"column":35}},"110":{"start":{"line":111,"column":0},"end":{"line":111,"column":41}},"111":{"start":{"line":112,"column":0},"end":{"line":112,"column":5}},"112":{"start":{"line":113,"column":0},"end":{"line":113,"column":15}},"113":{"start":{"line":114,"column":0},"end":{"line":114,"column":44}},"114":{"start":{"line":115,"column":0},"end":{"line":115,"column":4}},"115":{"start":{"line":116,"column":0},"end":{"line":116,"column":1}},"116":{"start":{"line":117,"column":0},"end":{"line":117,"column":0}},"117":{"start":{"line":118,"column":0},"end":{"line":118,"column":24}},"118":{"start":{"line":119,"column":0},"end":{"line":119,"column":51}},"119":{"start":{"line":120,"column":0},"end":{"line":120,"column":56}},"120":{"start":{"line":121,"column":0},"end":{"line":121,"column":28}},"121":{"start":{"line":122,"column":0},"end":{"line":122,"column":27}},"122":{"start":{"line":123,"column":0},"end":{"line":123,"column":61}},"123":{"start":{"line":124,"column":0},"end":{"line":124,"column":4}}},"s":{"0":1,"1":1,"2":1,"3":1,"4":1,"5":1,"6":1,"7":1,"8":1,"9":1,"10":1,"11":1,"12":1,"13":1,"14":1,"15":1,"16":1,"17":1,"18":1,"19":1,"20":1,"21":1,"22":1,"23":5,"24":5,"25":5,"26":1,"27":1,"28":51,"29":51,"30":51,"31":51,"32":51,"33":51,"34":51,"35":51,"36":6,"37":6,"38":51,"39":51,"40":51,"41":51,"42":51,"43":51,"44":51,"45":51,"46":51,"47":51,"48":51,"49":172,"50":172,"51":129,"52":129,"53":129,"54":129,"55":172,"56":6,"57":4,"58":4,"59":172,"60":49,"61":49,"62":1,"63":1,"64":7,"65":7,"66":7,"67":7,"68":7,"69":7,"70":5,"71":5,"72":7,"73":7,"74":7,"75":7,"76":7,"77":7,"78":7,"79":7,"80":7,"81":7,"82":7,"83":7,"84":7,"85":7,"86":7,"87":7,"88":17,"89":27,"90":11,"91":11,"92":11,"93":16,"94":27,"95":2,"96":2,"97":2,"98":14,"99":14,"100":14,"101":14,"102":27,"103":2,"104":1,"105":1,"106":1,"107":27,"108":13,"109":1,"110":1,"111":1,"112":1,"113":1,"114":17,"115":7,"116":1,"117":1,"118":1,"119":40,"120":40,"121":40,"122":40,"123":40},"branchMap":{"0":{"type":"branch","line":24,"loc":{"start":{"line":24,"column":0},"end":{"line":26,"column":1}},"locations":[{"start":{"line":24,"column":0},"end":{"line":26,"column":1}}]},"1":{"type":"branch","line":28,"loc":{"start":{"line":28,"column":7},"end":{"line":62,"column":1}},"locations":[{"start":{"line":28,"column":7},"end":{"line":62,"column":1}}]},"2":{"type":"branch","line":49,"loc":{"start":{"line":49,"column":16},"end":{"line":60,"column":3}},"locations":[{"start":{"line":49,"column":16},"end":{"line":60,"column":3}}]},"3":{"type":"branch","line":51,"loc":{"start":{"line":51,"column":25},"end":{"line":51,"column":31}},"locations":[{"start":{"line":51,"column":25},"end":{"line":51,"column":31}}]},"4":{"type":"branch","line":51,"loc":{"start":{"line":51,"column":25},"end":{"line":56,"column":13}},"locations":[{"start":{"line":51,"column":25},"end":{"line":56,"column":13}}]},"5":{"type":"branch","line":56,"loc":{"start":{"line":56,"column":4},"end":{"line":59,"column":5}},"locations":[{"start":{"line":56,"column":4},"end":{"line":59,"column":5}}]},"6":{"type":"branch","line":57,"loc":{"start":{"line":57,"column":31},"end":{"line":57,"column":43}},"locations":[{"start":{"line":57,"column":31},"end":{"line":57,"column":43}}]},"7":{"type":"branch","line":57,"loc":{"start":{"line":57,"column":37},"end":{"line":59,"column":5}},"locations":[{"start":{"line":57,"column":37},"end":{"line":59,"column":5}}]},"8":{"type":"branch","line":60,"loc":{"start":{"line":60,"column":2},"end":{"line":62,"column":1}},"locations":[{"start":{"line":60,"column":2},"end":{"line":62,"column":1}}]},"9":{"type":"branch","line":36,"loc":{"start":{"line":36,"column":2},"end":{"line":38,"column":3}},"locations":[{"start":{"line":36,"column":2},"end":{"line":38,"column":3}}]},"10":{"type":"branch","line":64,"loc":{"start":{"line":64,"column":7},"end":{"line":116,"column":1}},"locations":[{"start":{"line":64,"column":7},"end":{"line":116,"column":1}}]},"11":{"type":"branch","line":70,"loc":{"start":{"line":70,"column":2},"end":{"line":72,"column":3}},"locations":[{"start":{"line":70,"column":2},"end":{"line":72,"column":3}}]},"12":{"type":"branch","line":88,"loc":{"start":{"line":88,"column":9},"end":{"line":115,"column":4}},"locations":[{"start":{"line":88,"column":9},"end":{"line":115,"column":4}}]},"13":{"type":"branch","line":89,"loc":{"start":{"line":89,"column":18},"end":{"line":108,"column":5}},"locations":[{"start":{"line":89,"column":18},"end":{"line":108,"column":5}}]},"14":{"type":"branch","line":90,"loc":{"start":{"line":90,"column":26},"end":{"line":93,"column":7}},"locations":[{"start":{"line":90,"column":26},"end":{"line":93,"column":7}}]},"15":{"type":"branch","line":93,"loc":{"start":{"line":93,"column":6},"end":{"line":95,"column":27}},"locations":[{"start":{"line":93,"column":6},"end":{"line":95,"column":27}}]},"16":{"type":"branch","line":95,"loc":{"start":{"line":95,"column":27},"end":{"line":98,"column":7}},"locations":[{"start":{"line":95,"column":27},"end":{"line":98,"column":7}}]},"17":{"type":"branch","line":98,"loc":{"start":{"line":98,"column":6},"end":{"line":103,"column":15}},"locations":[{"start":{"line":98,"column":6},"end":{"line":103,"column":15}}]},"18":{"type":"branch","line":103,"loc":{"start":{"line":103,"column":6},"end":{"line":107,"column":7}},"locations":[{"start":{"line":103,"column":6},"end":{"line":107,"column":7}}]},"19":{"type":"branch","line":104,"loc":{"start":{"line":104,"column":33},"end":{"line":107,"column":7}},"locations":[{"start":{"line":104,"column":33},"end":{"line":107,"column":7}}]},"20":{"type":"branch","line":108,"loc":{"start":{"line":108,"column":4},"end":{"line":114,"column":44}},"locations":[{"start":{"line":108,"column":4},"end":{"line":114,"column":44}}]},"21":{"type":"branch","line":108,"loc":{"start":{"line":108,"column":4},"end":{"line":109,"column":24}},"locations":[{"start":{"line":108,"column":4},"end":{"line":109,"column":24}}]},"22":{"type":"branch","line":109,"loc":{"start":{"line":109,"column":24},"end":{"line":114,"column":44}},"locations":[{"start":{"line":109,"column":24},"end":{"line":114,"column":44}}]},"23":{"type":"branch","line":119,"loc":{"start":{"line":119,"column":2},"end":{"line":124,"column":4}},"locations":[{"start":{"line":119,"column":2},"end":{"line":124,"column":4}}]},"24":{"type":"branch","line":120,"loc":{"start":{"line":120,"column":2},"end":{"line":124,"column":4}},"locations":[{"start":{"line":120,"column":2},"end":{"line":124,"column":4}}]}},"b":{"0":[5],"1":[51],"2":[172],"3":[43],"4":[129],"5":[6],"6":[2],"7":[4],"8":[49],"9":[6],"10":[7],"11":[5],"12":[17],"13":[27],"14":[11],"15":[16],"16":[2],"17":[14],"18":[2],"19":[1],"20":[13],"21":[2],"22":[1],"23":[40],"24":[40]},"fnMap":{"0":{"name":"cut","decl":{"start":{"line":24,"column":0},"end":{"line":26,"column":1}},"loc":{"start":{"line":24,"column":0},"end":{"line":26,"column":1}},"line":24},"1":{"name":"transform","decl":{"start":{"line":28,"column":7},"end":{"line":62,"column":1}},"loc":{"start":{"line":28,"column":7},"end":{"line":62,"column":1}},"line":28},"2":{"name":"close","decl":{"start":{"line":36,"column":2},"end":{"line":38,"column":3}},"loc":{"start":{"line":36,"column":2},"end":{"line":38,"column":3}},"line":36},"3":{"name":"step","decl":{"start":{"line":64,"column":7},"end":{"line":116,"column":1}},"loc":{"start":{"line":64,"column":7},"end":{"line":116,"column":1}},"line":64},"4":{"name":"complete","decl":{"start":{"line":70,"column":2},"end":{"line":72,"column":3}},"loc":{"start":{"line":70,"column":2},"end":{"line":72,"column":3}},"line":70},"5":{"name":"next","decl":{"start":{"line":88,"column":9},"end":{"line":115,"column":4}},"loc":{"start":{"line":88,"column":9},"end":{"line":115,"column":4}},"line":88},"6":{"name":"transduce","decl":{"start":{"line":119,"column":2},"end":{"line":124,"column":4}},"loc":{"start":{"line":119,"column":2},"end":{"line":124,"column":4}},"line":119}},"f":{"0":5,"1":51,"2":6,"3":7,"4":5,"5":17,"6":40}}
,"/home/prncss/Projects/github.com/prncss-xyz/beam/packages/beam/src/transducers/reducers.ts": {"path":"/home/prncss/Projects/github.com/prncss-xyz/beam/packages/beam/src/transducers/reducers.ts","all":false,"statementMap":{"0":{"start":{"line":1,"column":0},"end":{"line":1,"column":29}},"1":{"start":{"line":2,"column":0},"end":{"line":2,"column":45}},"2":{"start":{"line":3,"column":0},"end":{"line":3,"column":0}},"3":{"start":{"line":4,"column":0},"end":{"line":4,"column":54}},"4":{"start":{"line":5,"column":0},"end":{"line":5,"column":0}},"5":{"start":{"line":6,"column":0},"end":{"line":6,"column":41}},"6":{"start":{"line":7,"column":0},"end":{"line":7,"column":25}},"7":{"start":{"line":8,"column":0},"end":{"line":8,"column":12}},"8":{"start":{"line":9,"column":0},"end":{"line":9,"column":13}},"9":{"start":{"line":10,"column":0},"end":{"line":10,"column":29}},"10":{"start":{"line":11,"column":0},"end":{"line":11,"column":30}},"11":{"start":{"line":12,"column":0},"end":{"line":12,"column":8}},"12":{"start":{"line":13,"column":0},"end":{"line":13,"column":6}},"13":{"start":{"line":14,"column":0},"end":{"line":14,"column":4}},"14":{"start":{"line":15,"column":0},"end":{"line":15,"column":1}},"15":{"start":{"line":16,"column":0},"end":{"line":16,"column":0}},"16":{"start":{"line":17,"column":0},"end":{"line":17,"column":52}},"17":{"start":{"line":18,"column":0},"end":{"line":18,"column":25}},"18":{"start":{"line":19,"column":0},"end":{"line":19,"column":14}},"19":{"start":{"line":20,"column":0},"end":{"line":20,"column":12}},"20":{"start":{"line":21,"column":0},"end":{"line":21,"column":13}},"21":{"start":{"line":22,"column":0},"end":{"line":22,"column":29}},"22":{"start":{"line":23,"column":0},"end":{"line":23,"column":12}},"23":{"start":{"line":24,"column":0},"end":{"line":24,"column":33}},"24":{"start":{"line":25,"column":0},"end":{"line":25,"column":30}},"25":{"start":{"line":26,"column":0},"end":{"line":26,"column":8}},"26":{"start":{"line":27,"column":0},"end":{"line":27,"column":6}},"27":{"start":{"line":28,"column":0},"end":{"line":28,"column":4}},"28":{"start":{"line":29,"column":0},"end":{"line":29,"column":1}},"29":{"start":{"line":30,"column":0},"end":{"line":30,"column":0}},"30":{"start":{"line":31,"column":0},"end":{"line":31,"column":52}},"31":{"start":{"line":32,"column":0},"end":{"line":32,"column":25}},"32":{"start":{"line":33,"column":0},"end":{"line":33,"column":14}},"33":{"start":{"line":34,"column":0},"end":{"line":34,"column":12}},"34":{"start":{"line":35,"column":0},"end":{"line":35,"column":13}},"35":{"start":{"line":36,"column":0},"end":{"line":36,"column":29}},"36":{"start":{"line":37,"column":0},"end":{"line":37,"column":12}},"37":{"start":{"line":38,"column":0},"end":{"line":38,"column":41}},"38":{"start":{"line":39,"column":0},"end":{"line":39,"column":17}},"39":{"start":{"line":40,"column":0},"end":{"line":40,"column":8}},"40":{"start":{"line":41,"column":0},"end":{"line":41,"column":6}},"41":{"start":{"line":42,"column":0},"end":{"line":42,"column":4}},"42":{"start":{"line":43,"column":0},"end":{"line":43,"column":1}},"43":{"start":{"line":44,"column":0},"end":{"line":44,"column":0}},"44":{"start":{"line":45,"column":0},"end":{"line":45,"column":68}},"45":{"start":{"line":46,"column":0},"end":{"line":46,"column":25}},"46":{"start":{"line":47,"column":0},"end":{"line":47,"column":12}},"47":{"start":{"line":48,"column":0},"end":{"line":48,"column":13}},"48":{"start":{"line":49,"column":0},"end":{"line":49,"column":29}},"49":{"start":{"line":50,"column":0},"end":{"line":50,"column":40}},"50":{"start":{"line":51,"column":0},"end":{"line":51,"column":68}},"51":{"start":{"line":52,"column":0},"end":{"line":52,"column":8}},"52":{"start":{"line":53,"column":0},"end":{"line":53,"column":6}},"53":{"start":{"line":54,"column":0},"end":{"line":54,"column":4}},"54":{"start":{"line":55,"column":0},"end":{"line":55,"column":1}},"55":{"start":{"line":56,"column":0},"end":{"line":56,"column":0}},"56":{"start":{"line":57,"column":0},"end":{"line":57,"column":68}},"57":{"start":{"line":58,"column":0},"end":{"line":58,"column":25}},"58":{"start":{"line":59,"column":0},"end":{"line":59,"column":24}},"59":{"start":{"line":60,"column":0},"end":{"line":60,"column":12}},"60":{"start":{"line":61,"column":0},"end":{"line":61,"column":13}},"61":{"start":{"line":62,"column":0},"end":{"line":62,"column":29}},"62":{"start":{"line":63,"column":0},"end":{"line":63,"column":26}},"63":{"start":{"line":64,"column":0},"end":{"line":64,"column":31}},"64":{"start":{"line":65,"column":0},"end":{"line":65,"column":30}},"65":{"start":{"line":66,"column":0},"end":{"line":66,"column":8}},"66":{"start":{"line":67,"column":0},"end":{"line":67,"column":6}},"67":{"start":{"line":68,"column":0},"end":{"line":68,"column":4}},"68":{"start":{"line":69,"column":0},"end":{"line":69,"column":1}},"69":{"start":{"line":70,"column":0},"end":{"line":70,"column":0}},"70":{"start":{"line":71,"column":0},"end":{"line":71,"column":63}},"71":{"start":{"line":72,"column":0},"end":{"line":72,"column":25}},"72":{"start":{"line":73,"column":0},"end":{"line":73,"column":12}},"73":{"start":{"line":74,"column":0},"end":{"line":74,"column":13}},"74":{"start":{"line":75,"column":0},"end":{"line":75,"column":29}},"75":{"start":{"line":76,"column":0},"end":{"line":76,"column":41}},"76":{"start":{"line":77,"column":0},"end":{"line":77,"column":20}},"77":{"start":{"line":78,"column":0},"end":{"line":78,"column":30}},"78":{"start":{"line":79,"column":0},"end":{"line":79,"column":8}},"79":{"start":{"line":80,"column":0},"end":{"line":80,"column":6}},"80":{"start":{"line":81,"column":0},"end":{"line":81,"column":4}},"81":{"start":{"line":82,"column":0},"end":{"line":82,"column":1}},"82":{"start":{"line":83,"column":0},"end":{"line":83,"column":0}},"83":{"start":{"line":84,"column":0},"end":{"line":84,"column":65}},"84":{"start":{"line":85,"column":0},"end":{"line":85,"column":25}},"85":{"start":{"line":86,"column":0},"end":{"line":86,"column":12}},"86":{"start":{"line":87,"column":0},"end":{"line":87,"column":13}},"87":{"start":{"line":88,"column":0},"end":{"line":88,"column":29}},"88":{"start":{"line":89,"column":0},"end":{"line":89,"column":40}},"89":{"start":{"line":90,"column":0},"end":{"line":90,"column":17}},"90":{"start":{"line":91,"column":0},"end":{"line":91,"column":8}},"91":{"start":{"line":92,"column":0},"end":{"line":92,"column":6}},"92":{"start":{"line":93,"column":0},"end":{"line":93,"column":4}},"93":{"start":{"line":94,"column":0},"end":{"line":94,"column":1}},"94":{"start":{"line":95,"column":0},"end":{"line":95,"column":0}},"95":{"start":{"line":96,"column":0},"end":{"line":96,"column":72}},"96":{"start":{"line":97,"column":0},"end":{"line":97,"column":25}},"97":{"start":{"line":98,"column":0},"end":{"line":98,"column":12}},"98":{"start":{"line":99,"column":0},"end":{"line":99,"column":13}},"99":{"start":{"line":100,"column":0},"end":{"line":100,"column":29}},"100":{"start":{"line":101,"column":0},"end":{"line":101,"column":41}},"101":{"start":{"line":102,"column":0},"end":{"line":102,"column":30}},"102":{"start":{"line":103,"column":0},"end":{"line":103,"column":8}},"103":{"start":{"line":104,"column":0},"end":{"line":104,"column":6}},"104":{"start":{"line":105,"column":0},"end":{"line":105,"column":4}},"105":{"start":{"line":106,"column":0},"end":{"line":106,"column":1}},"106":{"start":{"line":107,"column":0},"end":{"line":107,"column":0}},"107":{"start":{"line":108,"column":0},"end":{"line":108,"column":43}},"108":{"start":{"line":109,"column":0},"end":{"line":109,"column":25}},"109":{"start":{"line":110,"column":0},"end":{"line":110,"column":21}},"110":{"start":{"line":111,"column":0},"end":{"line":111,"column":40}},"111":{"start":{"line":112,"column":0},"end":{"line":112,"column":12}},"112":{"start":{"line":113,"column":0},"end":{"line":113,"column":13}},"113":{"start":{"line":114,"column":0},"end":{"line":114,"column":31}},"114":{"start":{"line":115,"column":0},"end":{"line":115,"column":41}},"115":{"start":{"line":116,"column":0},"end":{"line":116,"column":22}},"116":{"start":{"line":117,"column":0},"end":{"line":117,"column":17}},"117":{"start":{"line":118,"column":0},"end":{"line":118,"column":42}},"118":{"start":{"line":119,"column":0},"end":{"line":119,"column":19}},"119":{"start":{"line":120,"column":0},"end":{"line":120,"column":8}},"120":{"start":{"line":121,"column":0},"end":{"line":121,"column":6}},"121":{"start":{"line":122,"column":0},"end":{"line":122,"column":4}},"122":{"start":{"line":123,"column":0},"end":{"line":123,"column":1}},"123":{"start":{"line":124,"column":0},"end":{"line":124,"column":0}},"124":{"start":{"line":125,"column":0},"end":{"line":125,"column":59}},"125":{"start":{"line":126,"column":0},"end":{"line":126,"column":25}},"126":{"start":{"line":127,"column":0},"end":{"line":127,"column":12}},"127":{"start":{"line":128,"column":0},"end":{"line":128,"column":13}},"128":{"start":{"line":129,"column":0},"end":{"line":129,"column":29}},"129":{"start":{"line":130,"column":0},"end":{"line":130,"column":33}},"130":{"start":{"line":131,"column":0},"end":{"line":131,"column":8}},"131":{"start":{"line":132,"column":0},"end":{"line":132,"column":6}},"132":{"start":{"line":133,"column":0},"end":{"line":133,"column":4}},"133":{"start":{"line":134,"column":0},"end":{"line":134,"column":1}},"134":{"start":{"line":135,"column":0},"end":{"line":135,"column":0}},"135":{"start":{"line":136,"column":0},"end":{"line":136,"column":75}},"136":{"start":{"line":137,"column":0},"end":{"line":137,"column":25}},"137":{"start":{"line":138,"column":0},"end":{"line":138,"column":20}},"138":{"start":{"line":139,"column":0},"end":{"line":139,"column":12}},"139":{"start":{"line":140,"column":0},"end":{"line":140,"column":13}},"140":{"start":{"line":141,"column":0},"end":{"line":141,"column":31}},"141":{"start":{"line":142,"column":0},"end":{"line":142,"column":27}},"142":{"start":{"line":143,"column":0},"end":{"line":143,"column":34}},"143":{"start":{"line":144,"column":0},"end":{"line":144,"column":8}},"144":{"start":{"line":145,"column":0},"end":{"line":145,"column":6}},"145":{"start":{"line":146,"column":0},"end":{"line":146,"column":4}},"146":{"start":{"line":147,"column":0},"end":{"line":147,"column":1}},"147":{"start":{"line":148,"column":0},"end":{"line":148,"column":0}},"148":{"start":{"line":149,"column":0},"end":{"line":149,"column":58}},"149":{"start":{"line":150,"column":0},"end":{"line":150,"column":25}},"150":{"start":{"line":151,"column":0},"end":{"line":151,"column":25}},"151":{"start":{"line":152,"column":0},"end":{"line":152,"column":12}},"152":{"start":{"line":153,"column":0},"end":{"line":153,"column":13}},"153":{"start":{"line":154,"column":0},"end":{"line":154,"column":31}},"154":{"start":{"line":155,"column":0},"end":{"line":155,"column":21}},"155":{"start":{"line":156,"column":0},"end":{"line":156,"column":34}},"156":{"start":{"line":157,"column":0},"end":{"line":157,"column":27}},"157":{"start":{"line":158,"column":0},"end":{"line":158,"column":20}},"158":{"start":{"line":159,"column":0},"end":{"line":159,"column":36}},"159":{"start":{"line":160,"column":0},"end":{"line":160,"column":9}},"160":{"start":{"line":161,"column":0},"end":{"line":161,"column":19}},"161":{"start":{"line":162,"column":0},"end":{"line":162,"column":8}},"162":{"start":{"line":163,"column":0},"end":{"line":163,"column":6}},"163":{"start":{"line":164,"column":0},"end":{"line":164,"column":4}},"164":{"start":{"line":165,"column":0},"end":{"line":165,"column":1}},"165":{"start":{"line":166,"column":0},"end":{"line":166,"column":0}},"166":{"start":{"line":167,"column":0},"end":{"line":167,"column":61}},"167":{"start":{"line":168,"column":0},"end":{"line":168,"column":25}},"168":{"start":{"line":169,"column":0},"end":{"line":169,"column":25}},"169":{"start":{"line":170,"column":0},"end":{"line":170,"column":12}},"170":{"start":{"line":171,"column":0},"end":{"line":171,"column":13}},"171":{"start":{"line":172,"column":0},"end":{"line":172,"column":31}},"172":{"start":{"line":173,"column":0},"end":{"line":173,"column":21}},"173":{"start":{"line":174,"column":0},"end":{"line":174,"column":34}},"174":{"start":{"line":175,"column":0},"end":{"line":175,"column":27}},"175":{"start":{"line":176,"column":0},"end":{"line":176,"column":31}},"176":{"start":{"line":177,"column":0},"end":{"line":177,"column":36}},"177":{"start":{"line":178,"column":0},"end":{"line":178,"column":9}},"178":{"start":{"line":179,"column":0},"end":{"line":179,"column":19}},"179":{"start":{"line":180,"column":0},"end":{"line":180,"column":8}},"180":{"start":{"line":181,"column":0},"end":{"line":181,"column":6}},"181":{"start":{"line":182,"column":0},"end":{"line":182,"column":4}},"182":{"start":{"line":183,"column":0},"end":{"line":183,"column":1}},"183":{"start":{"line":184,"column":0},"end":{"line":184,"column":0}},"184":{"start":{"line":185,"column":0},"end":{"line":185,"column":31}},"185":{"start":{"line":186,"column":0},"end":{"line":186,"column":31}},"186":{"start":{"line":187,"column":0},"end":{"line":187,"column":17}},"187":{"start":{"line":188,"column":0},"end":{"line":188,"column":31}},"188":{"start":{"line":189,"column":0},"end":{"line":189,"column":16}},"189":{"start":{"line":190,"column":0},"end":{"line":190,"column":25}},"190":{"start":{"line":191,"column":0},"end":{"line":191,"column":12}},"191":{"start":{"line":192,"column":0},"end":{"line":192,"column":13}},"192":{"start":{"line":193,"column":0},"end":{"line":193,"column":31}},"193":{"start":{"line":194,"column":0},"end":{"line":194,"column":60}},"194":{"start":{"line":195,"column":0},"end":{"line":195,"column":8}},"195":{"start":{"line":196,"column":0},"end":{"line":196,"column":6}},"196":{"start":{"line":197,"column":0},"end":{"line":197,"column":4}},"197":{"start":{"line":198,"column":0},"end":{"line":198,"column":1}},"198":{"start":{"line":199,"column":0},"end":{"line":199,"column":0}},"199":{"start":{"line":200,"column":0},"end":{"line":200,"column":33}},"200":{"start":{"line":201,"column":0},"end":{"line":201,"column":31}},"201":{"start":{"line":202,"column":0},"end":{"line":202,"column":31}},"202":{"start":{"line":203,"column":0},"end":{"line":203,"column":16}},"203":{"start":{"line":204,"column":0},"end":{"line":204,"column":25}},"204":{"start":{"line":205,"column":0},"end":{"line":205,"column":12}},"205":{"start":{"line":206,"column":0},"end":{"line":206,"column":13}},"206":{"start":{"line":207,"column":0},"end":{"line":207,"column":31}},"207":{"start":{"line":208,"column":0},"end":{"line":208,"column":57}},"208":{"start":{"line":209,"column":0},"end":{"line":209,"column":8}},"209":{"start":{"line":210,"column":0},"end":{"line":210,"column":6}},"210":{"start":{"line":211,"column":0},"end":{"line":211,"column":4}},"211":{"start":{"line":212,"column":0},"end":{"line":212,"column":1}},"212":{"start":{"line":213,"column":0},"end":{"line":213,"column":0}},"213":{"start":{"line":214,"column":0},"end":{"line":214,"column":32}},"214":{"start":{"line":215,"column":0},"end":{"line":215,"column":31}},"215":{"start":{"line":216,"column":0},"end":{"line":216,"column":11}},"216":{"start":{"line":217,"column":0},"end":{"line":217,"column":35}},"217":{"start":{"line":218,"column":0},"end":{"line":218,"column":21}},"218":{"start":{"line":219,"column":0},"end":{"line":219,"column":25}},"219":{"start":{"line":220,"column":0},"end":{"line":220,"column":43}},"220":{"start":{"line":221,"column":0},"end":{"line":221,"column":12}},"221":{"start":{"line":222,"column":0},"end":{"line":222,"column":13}},"222":{"start":{"line":223,"column":0},"end":{"line":223,"column":31}},"223":{"start":{"line":224,"column":0},"end":{"line":224,"column":25}},"224":{"start":{"line":225,"column":0},"end":{"line":225,"column":21}},"225":{"start":{"line":226,"column":0},"end":{"line":226,"column":27}},"226":{"start":{"line":227,"column":0},"end":{"line":227,"column":9}},"227":{"start":{"line":228,"column":0},"end":{"line":228,"column":26}},"228":{"start":{"line":229,"column":0},"end":{"line":229,"column":46}},"229":{"start":{"line":230,"column":0},"end":{"line":230,"column":8}},"230":{"start":{"line":231,"column":0},"end":{"line":231,"column":6}},"231":{"start":{"line":232,"column":0},"end":{"line":232,"column":4}},"232":{"start":{"line":233,"column":0},"end":{"line":233,"column":1}}},"s":{"0":1,"1":1,"2":1,"3":1,"4":1,"5":1,"6":8,"7":12,"8":12,"9":12,"10":26,"11":26,"12":12,"13":12,"14":8,"15":1,"16":1,"17":2,"18":2,"19":2,"20":2,"21":2,"22":2,"23":2,"24":2,"25":2,"26":2,"27":2,"28":2,"29":1,"30":1,"31":1,"32":1,"33":1,"34":1,"35":1,"36":3,"37":3,"38":1,"39":3,"40":1,"41":1,"42":1,"43":1,"44":1,"45":2,"46":2,"47":2,"48":2,"49":5,"50":2,"51":5,"52":2,"53":2,"54":2,"55":1,"56":1,"57":1,"58":1,"59":1,"60":1,"61":1,"62":4,"63":4,"64":2,"65":4,"66":1,"67":1,"68":1,"69":1,"70":1,"71":1,"72":1,"73":1,"74":1,"75":2,"76":1,"77":1,"78":2,"79":1,"80":1,"81":1,"82":1,"83":1,"84":1,"85":1,"86":1,"87":1,"88":3,"89":1,"90":3,"91":1,"92":1,"93":1,"94":1,"95":1,"96":1,"97":1,"98":1,"99":1,"100":3,"101":1,"102":3,"103":1,"104":1,"105":1,"106":1,"107":1,"108":2,"109":2,"110":2,"111":2,"112":2,"113":2,"114":13,"115":13,"116":13,"117":13,"118":3,"119":13,"120":2,"121":2,"122":2,"123":1,"124":1,"125":10,"126":11,"127":11,"128":11,"129":28,"130":28,"131":11,"132":11,"133":10,"134":1,"135":1,"136":1,"137":1,"138":1,"139":1,"140":1,"141":3,"142":3,"143":3,"144":1,"145":1,"146":1,"147":1,"148":1,"149":1,"150":1,"151":1,"152":1,"153":1,"154":5,"155":5,"156":2,"157":2,"158":2,"159":2,"160":3,"161":5,"162":1,"163":1,"164":1,"165":1,"166":1,"167":1,"168":1,"169":1,"170":1,"171":1,"172":3,"173":3,"174":2,"175":2,"176":2,"177":2,"178":1,"179":3,"180":1,"181":1,"182":1,"183":1,"184":1,"185":1,"186":1,"187":1,"188":1,"189":1,"190":1,"191":1,"192":1,"193":3,"194":3,"195":1,"196":1,"197":1,"198":1,"199":1,"200":5,"201":5,"202":5,"203":5,"204":5,"205":5,"206":5,"207":8,"208":8,"209":5,"210":5,"211":5,"212":1,"213":1,"214":6,"215":6,"216":6,"217":6,"218":6,"219":6,"220":6,"221":6,"222":6,"223":13,"224":13,"225":3,"226":3,"227":9,"228":9,"229":13,"230":6,"231":6,"232":6},"branchMap":{"0":{"type":"branch","line":6,"loc":{"start":{"line":6,"column":7},"end":{"line":15,"column":1}},"locations":[{"start":{"line":6,"column":7},"end":{"line":15,"column":1}}]},"1":{"type":"branch","line":7,"loc":{"start":{"line":7,"column":9},"end":{"line":14,"column":4}},"locations":[{"start":{"line":7,"column":9},"end":{"line":14,"column":4}}]},"2":{"type":"branch","line":10,"loc":{"start":{"line":10,"column":12},"end":{"line":12,"column":8}},"locations":[{"start":{"line":10,"column":12},"end":{"line":12,"column":8}}]},"3":{"type":"branch","line":17,"loc":{"start":{"line":17,"column":7},"end":{"line":29,"column":1}},"locations":[{"start":{"line":17,"column":7},"end":{"line":29,"column":1}}]},"4":{"type":"branch","line":18,"loc":{"start":{"line":18,"column":9},"end":{"line":28,"column":4}},"locations":[{"start":{"line":18,"column":9},"end":{"line":28,"column":4}}]},"5":{"type":"branch","line":22,"loc":{"start":{"line":22,"column":12},"end":{"line":26,"column":8}},"locations":[{"start":{"line":22,"column":12},"end":{"line":26,"column":8}}]},"6":{"type":"branch","line":31,"loc":{"start":{"line":31,"column":7},"end":{"line":43,"column":1}},"locations":[{"start":{"line":31,"column":7},"end":{"line":43,"column":1}}]},"7":{"type":"branch","line":32,"loc":{"start":{"line":32,"column":9},"end":{"line":42,"column":4}},"locations":[{"start":{"line":32,"column":9},"end":{"line":42,"column":4}}]},"8":{"type":"branch","line":36,"loc":{"start":{"line":36,"column":12},"end":{"line":40,"column":8}},"locations":[{"start":{"line":36,"column":12},"end":{"line":40,"column":8}}]},"9":{"type":"branch","line":38,"loc":{"start":{"line":38,"column":19},"end":{"line":38,"column":41}},"locations":[{"start":{"line":38,"column":19},"end":{"line":38,"column":41}}]},"10":{"type":"branch","line":38,"loc":{"start":{"line":38,"column":39},"end":{"line":39,"column":17}},"locations":[{"start":{"line":38,"column":39},"end":{"line":39,"column":17}}]},"11":{"type":"branch","line":45,"loc":{"start":{"line":45,"column":7},"end":{"line":55,"column":1}},"locations":[{"start":{"line":45,"column":7},"end":{"line":55,"column":1}}]},"12":{"type":"branch","line":46,"loc":{"start":{"line":46,"column":9},"end":{"line":54,"column":4}},"locations":[{"start":{"line":46,"column":9},"end":{"line":54,"column":4}}]},"13":{"type":"branch","line":49,"loc":{"start":{"line":49,"column":12},"end":{"line":52,"column":8}},"locations":[{"start":{"line":49,"column":12},"end":{"line":52,"column":8}}]},"14":{"type":"branch","line":50,"loc":{"start":{"line":50,"column":18},"end":{"line":50,"column":40}},"locations":[{"start":{"line":50,"column":18},"end":{"line":50,"column":40}}]},"15":{"type":"branch","line":50,"loc":{"start":{"line":50,"column":38},"end":{"line":51,"column":68}},"locations":[{"start":{"line":50,"column":38},"end":{"line":51,"column":68}}]},"16":{"type":"branch","line":57,"loc":{"start":{"line":57,"column":7},"end":{"line":69,"column":1}},"locations":[{"start":{"line":57,"column":7},"end":{"line":69,"column":1}}]},"17":{"type":"branch","line":58,"loc":{"start":{"line":58,"column":9},"end":{"line":68,"column":4}},"locations":[{"start":{"line":58,"column":9},"end":{"line":68,"column":4}}]},"18":{"type":"branch","line":62,"loc":{"start":{"line":62,"column":12},"end":{"line":66,"column":8}},"locations":[{"start":{"line":62,"column":12},"end":{"line":66,"column":8}}]},"19":{"type":"branch","line":64,"loc":{"start":{"line":64,"column":22},"end":{"line":65,"column":30}},"locations":[{"start":{"line":64,"column":22},"end":{"line":65,"column":30}}]},"20":{"type":"branch","line":71,"loc":{"start":{"line":71,"column":7},"end":{"line":82,"column":1}},"locations":[{"start":{"line":71,"column":7},"end":{"line":82,"column":1}}]},"21":{"type":"branch","line":72,"loc":{"start":{"line":72,"column":9},"end":{"line":81,"column":4}},"locations":[{"start":{"line":72,"column":9},"end":{"line":81,"column":4}}]},"22":{"type":"branch","line":75,"loc":{"start":{"line":75,"column":12},"end":{"line":79,"column":8}},"locations":[{"start":{"line":75,"column":12},"end":{"line":79,"column":8}}]},"23":{"type":"branch","line":76,"loc":{"start":{"line":76,"column":19},"end":{"line":78,"column":30}},"locations":[{"start":{"line":76,"column":19},"end":{"line":78,"column":30}}]},"24":{"type":"branch","line":84,"loc":{"start":{"line":84,"column":7},"end":{"line":94,"column":1}},"locations":[{"start":{"line":84,"column":7},"end":{"line":94,"column":1}}]},"25":{"type":"branch","line":85,"loc":{"start":{"line":85,"column":9},"end":{"line":93,"column":4}},"locations":[{"start":{"line":85,"column":9},"end":{"line":93,"column":4}}]},"26":{"type":"branch","line":88,"loc":{"start":{"line":88,"column":12},"end":{"line":91,"column":8}},"locations":[{"start":{"line":88,"column":12},"end":{"line":91,"column":8}}]},"27":{"type":"branch","line":89,"loc":{"start":{"line":89,"column":18},"end":{"line":89,"column":40}},"locations":[{"start":{"line":89,"column":18},"end":{"line":89,"column":40}}]},"28":{"type":"branch","line":89,"loc":{"start":{"line":89,"column":38},"end":{"line":90,"column":17}},"locations":[{"start":{"line":89,"column":38},"end":{"line":90,"column":17}}]},"29":{"type":"branch","line":96,"loc":{"start":{"line":96,"column":7},"end":{"line":106,"column":1}},"locations":[{"start":{"line":96,"column":7},"end":{"line":106,"column":1}}]},"30":{"type":"branch","line":97,"loc":{"start":{"line":97,"column":9},"end":{"line":105,"column":4}},"locations":[{"start":{"line":97,"column":9},"end":{"line":105,"column":4}}]},"31":{"type":"branch","line":100,"loc":{"start":{"line":100,"column":12},"end":{"line":103,"column":8}},"locations":[{"start":{"line":100,"column":12},"end":{"line":103,"column":8}}]},"32":{"type":"branch","line":101,"loc":{"start":{"line":101,"column":19},"end":{"line":101,"column":41}},"locations":[{"start":{"line":101,"column":19},"end":{"line":101,"column":41}}]},"33":{"type":"branch","line":101,"loc":{"start":{"line":101,"column":39},"end":{"line":102,"column":30}},"locations":[{"start":{"line":101,"column":39},"end":{"line":102,"column":30}}]},"34":{"type":"branch","line":108,"loc":{"start":{"line":108,"column":7},"end":{"line":123,"column":1}},"locations":[{"start":{"line":108,"column":7},"end":{"line":123,"column":1}}]},"35":{"type":"branch","line":109,"loc":{"start":{"line":109,"column":9},"end":{"line":122,"column":4}},"locations":[{"start":{"line":109,"column":9},"end":{"line":122,"column":4}}]},"36":{"type":"branch","line":114,"loc":{"start":{"line":114,"column":12},"end":{"line":120,"column":8}},"locations":[{"start":{"line":114,"column":12},"end":{"line":120,"column":8}}]},"37":{"type":"branch","line":115,"loc":{"start":{"line":115,"column":21},"end":{"line":115,"column":41}},"locations":[{"start":{"line":115,"column":21},"end":{"line":115,"column":41}}]},"38":{"type":"branch","line":118,"loc":{"start":{"line":118,"column":18},"end":{"line":118,"column":42}},"locations":[{"start":{"line":118,"column":18},"end":{"line":118,"column":42}}]},"39":{"type":"branch","line":118,"loc":{"start":{"line":118,"column":40},"end":{"line":119,"column":19}},"locations":[{"start":{"line":118,"column":40},"end":{"line":119,"column":19}}]},"40":{"type":"branch","line":125,"loc":{"start":{"line":125,"column":7},"end":{"line":134,"column":1}},"locations":[{"start":{"line":125,"column":7},"end":{"line":134,"column":1}}]},"41":{"type":"branch","line":126,"loc":{"start":{"line":126,"column":9},"end":{"line":133,"column":4}},"locations":[{"start":{"line":126,"column":9},"end":{"line":133,"column":4}}]},"42":{"type":"branch","line":129,"loc":{"start":{"line":129,"column":12},"end":{"line":131,"column":8}},"locations":[{"start":{"line":129,"column":12},"end":{"line":131,"column":8}}]},"43":{"type":"branch","line":136,"loc":{"start":{"line":136,"column":7},"end":{"line":147,"column":1}},"locations":[{"start":{"line":136,"column":7},"end":{"line":147,"column":1}}]},"44":{"type":"branch","line":137,"loc":{"start":{"line":137,"column":9},"end":{"line":146,"column":4}},"locations":[{"start":{"line":137,"column":9},"end":{"line":146,"column":4}}]},"45":{"type":"branch","line":141,"loc":{"start":{"line":141,"column":12},"end":{"line":144,"column":8}},"locations":[{"start":{"line":141,"column":12},"end":{"line":144,"column":8}}]},"46":{"type":"branch","line":149,"loc":{"start":{"line":149,"column":7},"end":{"line":165,"column":1}},"locations":[{"start":{"line":149,"column":7},"end":{"line":165,"column":1}}]},"47":{"type":"branch","line":150,"loc":{"start":{"line":150,"column":9},"end":{"line":164,"column":4}},"locations":[{"start":{"line":150,"column":9},"end":{"line":164,"column":4}}]},"48":{"type":"branch","line":154,"loc":{"start":{"line":154,"column":12},"end":{"line":162,"column":8}},"locations":[{"start":{"line":154,"column":12},"end":{"line":162,"column":8}}]},"49":{"type":"branch","line":156,"loc":{"start":{"line":156,"column":33},"end":{"line":160,"column":9}},"locations":[{"start":{"line":156,"column":33},"end":{"line":160,"column":9}}]},"50":{"type":"branch","line":160,"loc":{"start":{"line":160,"column":8},"end":{"line":161,"column":19}},"locations":[{"start":{"line":160,"column":8},"end":{"line":161,"column":19}}]},"51":{"type":"branch","line":167,"loc":{"start":{"line":167,"column":7},"end":{"line":183,"column":1}},"locations":[{"start":{"line":167,"column":7},"end":{"line":183,"column":1}}]},"52":{"type":"branch","line":168,"loc":{"start":{"line":168,"column":9},"end":{"line":182,"column":4}},"locations":[{"start":{"line":168,"column":9},"end":{"line":182,"column":4}}]},"53":{"type":"branch","line":172,"loc":{"start":{"line":172,"column":12},"end":{"line":180,"column":8}},"locations":[{"start":{"line":172,"column":12},"end":{"line":180,"column":8}}]},"54":{"type":"branch","line":174,"loc":{"start":{"line":174,"column":33},"end":{"line":178,"column":9}},"locations":[{"start":{"line":174,"column":33},"end":{"line":178,"column":9}}]},"55":{"type":"branch","line":178,"loc":{"start":{"line":178,"column":8},"end":{"line":179,"column":19}},"locations":[{"start":{"line":178,"column":8},"end":{"line":179,"column":19}}]},"56":{"type":"branch","line":185,"loc":{"start":{"line":185,"column":7},"end":{"line":198,"column":1}},"locations":[{"start":{"line":185,"column":7},"end":{"line":198,"column":1}}]},"57":{"type":"branch","line":190,"loc":{"start":{"line":190,"column":9},"end":{"line":197,"column":4}},"locations":[{"start":{"line":190,"column":9},"end":{"line":197,"column":4}}]},"58":{"type":"branch","line":193,"loc":{"start":{"line":193,"column":12},"end":{"line":195,"column":8}},"locations":[{"start":{"line":193,"column":12},"end":{"line":195,"column":8}}]},"59":{"type":"branch","line":200,"loc":{"start":{"line":200,"column":7},"end":{"line":212,"column":1}},"locations":[{"start":{"line":200,"column":7},"end":{"line":212,"column":1}}]},"60":{"type":"branch","line":204,"loc":{"start":{"line":204,"column":9},"end":{"line":211,"column":4}},"locations":[{"start":{"line":204,"column":9},"end":{"line":211,"column":4}}]},"61":{"type":"branch","line":207,"loc":{"start":{"line":207,"column":12},"end":{"line":209,"column":8}},"locations":[{"start":{"line":207,"column":12},"end":{"line":209,"column":8}}]},"62":{"type":"branch","line":214,"loc":{"start":{"line":214,"column":7},"end":{"line":233,"column":1}},"locations":[{"start":{"line":214,"column":7},"end":{"line":233,"column":1}}]},"63":{"type":"branch","line":219,"loc":{"start":{"line":219,"column":9},"end":{"line":232,"column":4}},"locations":[{"start":{"line":219,"column":9},"end":{"line":232,"column":4}}]},"64":{"type":"branch","line":223,"loc":{"start":{"line":223,"column":12},"end":{"line":230,"column":8}},"locations":[{"start":{"line":223,"column":12},"end":{"line":230,"column":8}}]},"65":{"type":"branch","line":225,"loc":{"start":{"line":225,"column":20},"end":{"line":227,"column":9}},"locations":[{"start":{"line":225,"column":20},"end":{"line":227,"column":9}}]},"66":{"type":"branch","line":227,"loc":{"start":{"line":227,"column":8},"end":{"line":229,"column":46}},"locations":[{"start":{"line":227,"column":8},"end":{"line":229,"column":46}}]}},"b":{"0":[8],"1":[12],"2":[26],"3":[2],"4":[2],"5":[2],"6":[1],"7":[1],"8":[3],"9":[2],"10":[1],"11":[2],"12":[2],"13":[5],"14":[3],"15":[2],"16":[1],"17":[1],"18":[4],"19":[2],"20":[1],"21":[1],"22":[2],"23":[1],"24":[1],"25":[1],"26":[3],"27":[2],"28":[1],"29":[1],"30":[1],"31":[3],"32":[2],"33":[1],"34":[2],"35":[2],"36":[13],"37":[11],"38":[10],"39":[3],"40":[10],"41":[11],"42":[28],"43":[1],"44":[1],"45":[3],"46":[1],"47":[1],"48":[5],"49":[2],"50":[3],"51":[1],"52":[1],"53":[3],"54":[2],"55":[1],"56":[1],"57":[1],"58":[3],"59":[5],"60":[5],"61":[8],"62":[6],"63":[6],"64":[13],"65":[3],"66":[9]},"fnMap":{"0":{"name":"id","decl":{"start":{"line":6,"column":7},"end":{"line":15,"column":1}},"loc":{"start":{"line":6,"column":7},"end":{"line":15,"column":1}},"line":6},"1":{"name":"fold","decl":{"start":{"line":10,"column":12},"end":{"line":12,"column":8}},"loc":{"start":{"line":10,"column":12},"end":{"line":12,"column":8}},"line":10},"2":{"name":"take","decl":{"start":{"line":17,"column":7},"end":{"line":29,"column":1}},"loc":{"start":{"line":17,"column":7},"end":{"line":29,"column":1}},"line":17},"3":{"name":"fold","decl":{"start":{"line":22,"column":12},"end":{"line":26,"column":8}},"loc":{"start":{"line":22,"column":12},"end":{"line":26,"column":8}},"line":22},"4":{"name":"drop","decl":{"start":{"line":31,"column":7},"end":{"line":43,"column":1}},"loc":{"start":{"line":31,"column":7},"end":{"line":43,"column":1}},"line":31},"5":{"name":"fold","decl":{"start":{"line":36,"column":12},"end":{"line":40,"column":8}},"loc":{"start":{"line":36,"column":12},"end":{"line":40,"column":8}},"line":36},"6":{"name":"takeWhile","decl":{"start":{"line":45,"column":7},"end":{"line":55,"column":1}},"loc":{"start":{"line":45,"column":7},"end":{"line":55,"column":1}},"line":45},"7":{"name":"fold","decl":{"start":{"line":49,"column":12},"end":{"line":52,"column":8}},"loc":{"start":{"line":49,"column":12},"end":{"line":52,"column":8}},"line":49},"8":{"name":"dropWhile","decl":{"start":{"line":57,"column":7},"end":{"line":69,"column":1}},"loc":{"start":{"line":57,"column":7},"end":{"line":69,"column":1}},"line":57},"9":{"name":"fold","decl":{"start":{"line":62,"column":12},"end":{"line":66,"column":8}},"loc":{"start":{"line":62,"column":12},"end":{"line":66,"column":8}},"line":62},"10":{"name":"find","decl":{"start":{"line":71,"column":7},"end":{"line":82,"column":1}},"loc":{"start":{"line":71,"column":7},"end":{"line":82,"column":1}},"line":71},"11":{"name":"fold","decl":{"start":{"line":75,"column":12},"end":{"line":79,"column":8}},"loc":{"start":{"line":75,"column":12},"end":{"line":79,"column":8}},"line":75},"12":{"name":"filter","decl":{"start":{"line":84,"column":7},"end":{"line":94,"column":1}},"loc":{"start":{"line":84,"column":7},"end":{"line":94,"column":1}},"line":84},"13":{"name":"fold","decl":{"start":{"line":88,"column":12},"end":{"line":91,"column":8}},"loc":{"start":{"line":88,"column":12},"end":{"line":91,"column":8}},"line":88},"14":{"name":"replace","decl":{"start":{"line":96,"column":7},"end":{"line":106,"column":1}},"loc":{"start":{"line":96,"column":7},"end":{"line":106,"column":1}},"line":96},"15":{"name":"fold","decl":{"start":{"line":100,"column":12},"end":{"line":103,"column":8}},"loc":{"start":{"line":100,"column":12},"end":{"line":103,"column":8}},"line":100},"16":{"name":"uniq","decl":{"start":{"line":108,"column":7},"end":{"line":123,"column":1}},"loc":{"start":{"line":108,"column":7},"end":{"line":123,"column":1}},"line":108},"17":{"name":"fold","decl":{"start":{"line":114,"column":12},"end":{"line":120,"column":8}},"loc":{"start":{"line":114,"column":12},"end":{"line":120,"column":8}},"line":114},"18":{"name":"map","decl":{"start":{"line":125,"column":7},"end":{"line":134,"column":1}},"loc":{"start":{"line":125,"column":7},"end":{"line":134,"column":1}},"line":125},"19":{"name":"fold","decl":{"start":{"line":129,"column":12},"end":{"line":131,"column":8}},"loc":{"start":{"line":129,"column":12},"end":{"line":131,"column":8}},"line":129},"20":{"name":"fold","decl":{"start":{"line":136,"column":7},"end":{"line":147,"column":1}},"loc":{"start":{"line":136,"column":7},"end":{"line":147,"column":1}},"line":136},"21":{"name":"fold","decl":{"start":{"line":141,"column":12},"end":{"line":144,"column":8}},"loc":{"start":{"line":141,"column":12},"end":{"line":144,"column":8}},"line":141},"22":{"name":"slices","decl":{"start":{"line":149,"column":7},"end":{"line":165,"column":1}},"loc":{"start":{"line":149,"column":7},"end":{"line":165,"column":1}},"line":149},"23":{"name":"fold","decl":{"start":{"line":154,"column":12},"end":{"line":162,"column":8}},"loc":{"start":{"line":154,"column":12},"end":{"line":162,"column":8}},"line":154},"24":{"name":"apertures","decl":{"start":{"line":167,"column":7},"end":{"line":183,"column":1}},"loc":{"start":{"line":167,"column":7},"end":{"line":183,"column":1}},"line":167},"25":{"name":"fold","decl":{"start":{"line":172,"column":12},"end":{"line":180,"column":8}},"loc":{"start":{"line":172,"column":12},"end":{"line":180,"column":8}},"line":172},"26":{"name":"chain","decl":{"start":{"line":185,"column":7},"end":{"line":198,"column":1}},"loc":{"start":{"line":185,"column":7},"end":{"line":198,"column":1}},"line":185},"27":{"name":"fold","decl":{"start":{"line":193,"column":12},"end":{"line":195,"column":8}},"loc":{"start":{"line":193,"column":12},"end":{"line":195,"column":8}},"line":193},"28":{"name":"flatten","decl":{"start":{"line":200,"column":7},"end":{"line":212,"column":1}},"loc":{"start":{"line":200,"column":7},"end":{"line":212,"column":1}},"line":200},"29":{"name":"fold","decl":{"start":{"line":207,"column":12},"end":{"line":209,"column":8}},"loc":{"start":{"line":207,"column":12},"end":{"line":209,"column":8}},"line":207},"30":{"name":"zip","decl":{"start":{"line":214,"column":7},"end":{"line":233,"column":1}},"loc":{"start":{"line":214,"column":7},"end":{"line":233,"column":1}},"line":214},"31":{"name":"fold","decl":{"start":{"line":223,"column":12},"end":{"line":230,"column":8}},"loc":{"start":{"line":223,"column":12},"end":{"line":230,"column":8}},"line":223}},"f":{"0":8,"1":26,"2":2,"3":2,"4":1,"5":3,"6":2,"7":5,"8":1,"9":4,"10":1,"11":2,"12":1,"13":3,"14":1,"15":3,"16":2,"17":13,"18":10,"19":28,"20":1,"21":3,"22":1,"23":5,"24":1,"25":3,"26":1,"27":3,"28":5,"29":8,"30":6,"31":13}}
,"/home/prncss/Projects/github.com/prncss-xyz/beam/packages/beam/src/transducers/transformers.ts": {"path":"/home/prncss/Projects/github.com/prncss-xyz/beam/packages/beam/src/transducers/transformers.ts","all":false,"statementMap":{"0":{"start":{"line":1,"column":0},"end":{"line":1,"column":35}},"1":{"start":{"line":2,"column":0},"end":{"line":2,"column":0}},"2":{"start":{"line":3,"column":0},"end":{"line":3,"column":28}},"3":{"start":{"line":4,"column":0},"end":{"line":4,"column":39}},"4":{"start":{"line":5,"column":0},"end":{"line":5,"column":23}},"5":{"start":{"line":6,"column":0},"end":{"line":6,"column":14}},"6":{"start":{"line":7,"column":0},"end":{"line":7,"column":7}},"7":{"start":{"line":8,"column":0},"end":{"line":8,"column":6}},"8":{"start":{"line":9,"column":0},"end":{"line":9,"column":0}},"9":{"start":{"line":10,"column":0},"end":{"line":10,"column":34}},"10":{"start":{"line":11,"column":0},"end":{"line":11,"column":49}},"11":{"start":{"line":12,"column":0},"end":{"line":12,"column":0}},"12":{"start":{"line":13,"column":0},"end":{"line":13,"column":34}},"13":{"start":{"line":14,"column":0},"end":{"line":14,"column":16}},"14":{"start":{"line":15,"column":0},"end":{"line":15,"column":26}},"15":{"start":{"line":16,"column":0},"end":{"line":16,"column":22}},"16":{"start":{"line":17,"column":0},"end":{"line":17,"column":1}},"17":{"start":{"line":18,"column":0},"end":{"line":18,"column":0}},"18":{"start":{"line":19,"column":0},"end":{"line":19,"column":39}},"19":{"start":{"line":20,"column":0},"end":{"line":20,"column":21}},"20":{"start":{"line":21,"column":0},"end":{"line":21,"column":52}},"21":{"start":{"line":22,"column":0},"end":{"line":22,"column":1}},"22":{"start":{"line":23,"column":0},"end":{"line":23,"column":0}},"23":{"start":{"line":24,"column":0},"end":{"line":24,"column":29}},"24":{"start":{"line":25,"column":0},"end":{"line":25,"column":10}},"25":{"start":{"line":26,"column":0},"end":{"line":26,"column":30}},"26":{"start":{"line":27,"column":0},"end":{"line":27,"column":43}},"27":{"start":{"line":28,"column":0},"end":{"line":28,"column":21}},"28":{"start":{"line":29,"column":0},"end":{"line":29,"column":4}},"29":{"start":{"line":30,"column":0},"end":{"line":30,"column":1}},"30":{"start":{"line":31,"column":0},"end":{"line":31,"column":0}},"31":{"start":{"line":32,"column":0},"end":{"line":32,"column":48}},"32":{"start":{"line":33,"column":0},"end":{"line":33,"column":10}},"33":{"start":{"line":34,"column":0},"end":{"line":34,"column":23}},"34":{"start":{"line":35,"column":0},"end":{"line":35,"column":42}},"35":{"start":{"line":36,"column":0},"end":{"line":36,"column":13}},"36":{"start":{"line":37,"column":0},"end":{"line":37,"column":17}},"37":{"start":{"line":38,"column":0},"end":{"line":38,"column":6}},"38":{"start":{"line":39,"column":0},"end":{"line":39,"column":16}},"39":{"start":{"line":40,"column":0},"end":{"line":40,"column":4}},"40":{"start":{"line":41,"column":0},"end":{"line":41,"column":1}},"41":{"start":{"line":42,"column":0},"end":{"line":42,"column":0}},"42":{"start":{"line":43,"column":0},"end":{"line":43,"column":44}},"43":{"start":{"line":44,"column":0},"end":{"line":44,"column":42}},"44":{"start":{"line":45,"column":0},"end":{"line":45,"column":26}},"45":{"start":{"line":46,"column":0},"end":{"line":46,"column":1}},"46":{"start":{"line":47,"column":0},"end":{"line":47,"column":0}},"47":{"start":{"line":48,"column":0},"end":{"line":48,"column":31}},"48":{"start":{"line":49,"column":0},"end":{"line":49,"column":16}},"49":{"start":{"line":50,"column":0},"end":{"line":50,"column":22}},"50":{"start":{"line":51,"column":0},"end":{"line":51,"column":59}},"51":{"start":{"line":52,"column":0},"end":{"line":52,"column":37}},"52":{"start":{"line":53,"column":0},"end":{"line":53,"column":33}},"53":{"start":{"line":54,"column":0},"end":{"line":54,"column":36}},"54":{"start":{"line":55,"column":0},"end":{"line":55,"column":6}},"55":{"start":{"line":56,"column":0},"end":{"line":56,"column":4}},"56":{"start":{"line":57,"column":0},"end":{"line":57,"column":14}},"57":{"start":{"line":58,"column":0},"end":{"line":58,"column":1}},"58":{"start":{"line":59,"column":0},"end":{"line":59,"column":0}},"59":{"start":{"line":60,"column":0},"end":{"line":60,"column":48}},"60":{"start":{"line":61,"column":0},"end":{"line":61,"column":65}},"61":{"start":{"line":62,"column":0},"end":{"line":62,"column":15}},"62":{"start":{"line":63,"column":0},"end":{"line":63,"column":9}},"63":{"start":{"line":64,"column":0},"end":{"line":64,"column":4}},"64":{"start":{"line":65,"column":0},"end":{"line":65,"column":1}},"65":{"start":{"line":66,"column":0},"end":{"line":66,"column":0}},"66":{"start":{"line":67,"column":0},"end":{"line":67,"column":31}},"67":{"start":{"line":68,"column":0},"end":{"line":68,"column":10}},"68":{"start":{"line":69,"column":0},"end":{"line":69,"column":32}},"69":{"start":{"line":70,"column":0},"end":{"line":70,"column":53}},"70":{"start":{"line":71,"column":0},"end":{"line":71,"column":20}},"71":{"start":{"line":72,"column":0},"end":{"line":72,"column":17}},"72":{"start":{"line":73,"column":0},"end":{"line":73,"column":6}},"73":{"start":{"line":74,"column":0},"end":{"line":74,"column":32}},"74":{"start":{"line":75,"column":0},"end":{"line":75,"column":4}},"75":{"start":{"line":76,"column":0},"end":{"line":76,"column":1}},"76":{"start":{"line":77,"column":0},"end":{"line":77,"column":0}},"77":{"start":{"line":78,"column":0},"end":{"line":78,"column":30}},"78":{"start":{"line":79,"column":0},"end":{"line":79,"column":10}},"79":{"start":{"line":80,"column":0},"end":{"line":80,"column":26}},"80":{"start":{"line":81,"column":0},"end":{"line":81,"column":37}},"81":{"start":{"line":82,"column":0},"end":{"line":82,"column":18}},"82":{"start":{"line":83,"column":0},"end":{"line":83,"column":17}},"83":{"start":{"line":84,"column":0},"end":{"line":84,"column":6}},"84":{"start":{"line":85,"column":0},"end":{"line":85,"column":26}},"85":{"start":{"line":86,"column":0},"end":{"line":86,"column":4}},"86":{"start":{"line":87,"column":0},"end":{"line":87,"column":1}},"87":{"start":{"line":88,"column":0},"end":{"line":88,"column":0}},"88":{"start":{"line":89,"column":0},"end":{"line":89,"column":58}},"89":{"start":{"line":90,"column":0},"end":{"line":90,"column":16}},"90":{"start":{"line":91,"column":0},"end":{"line":91,"column":25}},"91":{"start":{"line":92,"column":0},"end":{"line":92,"column":32}},"92":{"start":{"line":93,"column":0},"end":{"line":93,"column":27}},"93":{"start":{"line":94,"column":0},"end":{"line":94,"column":28}},"94":{"start":{"line":95,"column":0},"end":{"line":95,"column":25}},"95":{"start":{"line":96,"column":0},"end":{"line":96,"column":7}},"96":{"start":{"line":97,"column":0},"end":{"line":97,"column":35}},"97":{"start":{"line":98,"column":0},"end":{"line":98,"column":6}},"98":{"start":{"line":99,"column":0},"end":{"line":99,"column":4}},"99":{"start":{"line":100,"column":0},"end":{"line":100,"column":14}},"100":{"start":{"line":101,"column":0},"end":{"line":101,"column":1}},"101":{"start":{"line":102,"column":0},"end":{"line":102,"column":0}},"102":{"start":{"line":103,"column":0},"end":{"line":103,"column":41}},"103":{"start":{"line":104,"column":0},"end":{"line":104,"column":51}},"104":{"start":{"line":105,"column":0},"end":{"line":105,"column":1}},"105":{"start":{"line":106,"column":0},"end":{"line":106,"column":0}},"106":{"start":{"line":107,"column":0},"end":{"line":107,"column":33}},"107":{"start":{"line":108,"column":0},"end":{"line":108,"column":55}},"108":{"start":{"line":109,"column":0},"end":{"line":109,"column":22}},"109":{"start":{"line":110,"column":0},"end":{"line":110,"column":12}},"110":{"start":{"line":111,"column":0},"end":{"line":111,"column":25}},"111":{"start":{"line":112,"column":0},"end":{"line":112,"column":15}},"112":{"start":{"line":113,"column":0},"end":{"line":113,"column":23}},"113":{"start":{"line":114,"column":0},"end":{"line":114,"column":6}},"114":{"start":{"line":115,"column":0},"end":{"line":115,"column":4}},"115":{"start":{"line":116,"column":0},"end":{"line":116,"column":1}},"116":{"start":{"line":117,"column":0},"end":{"line":117,"column":0}},"117":{"start":{"line":118,"column":0},"end":{"line":118,"column":46}},"118":{"start":{"line":119,"column":0},"end":{"line":119,"column":34}},"119":{"start":{"line":120,"column":0},"end":{"line":120,"column":10}},"120":{"start":{"line":121,"column":0},"end":{"line":121,"column":23}},"121":{"start":{"line":122,"column":0},"end":{"line":122,"column":31}},"122":{"start":{"line":123,"column":0},"end":{"line":123,"column":39}},"123":{"start":{"line":124,"column":0},"end":{"line":124,"column":32}},"124":{"start":{"line":125,"column":0},"end":{"line":125,"column":6}},"125":{"start":{"line":126,"column":0},"end":{"line":126,"column":4}},"126":{"start":{"line":127,"column":0},"end":{"line":127,"column":1}},"127":{"start":{"line":128,"column":0},"end":{"line":128,"column":0}},"128":{"start":{"line":129,"column":0},"end":{"line":129,"column":34}},"129":{"start":{"line":130,"column":0},"end":{"line":130,"column":29}},"130":{"start":{"line":131,"column":0},"end":{"line":131,"column":55}},"131":{"start":{"line":132,"column":0},"end":{"line":132,"column":4}},"132":{"start":{"line":133,"column":0},"end":{"line":133,"column":1}},"133":{"start":{"line":134,"column":0},"end":{"line":134,"column":0}},"134":{"start":{"line":135,"column":0},"end":{"line":135,"column":69}},"135":{"start":{"line":136,"column":0},"end":{"line":136,"column":40}},"136":{"start":{"line":137,"column":0},"end":{"line":137,"column":69}},"137":{"start":{"line":138,"column":0},"end":{"line":138,"column":40}},"138":{"start":{"line":139,"column":0},"end":{"line":139,"column":73}},"139":{"start":{"line":140,"column":0},"end":{"line":140,"column":44}},"140":{"start":{"line":141,"column":0},"end":{"line":141,"column":0}},"141":{"start":{"line":142,"column":0},"end":{"line":142,"column":73}},"142":{"start":{"line":143,"column":0},"end":{"line":143,"column":10}},"143":{"start":{"line":144,"column":0},"end":{"line":144,"column":23}},"144":{"start":{"line":145,"column":0},"end":{"line":145,"column":25}},"145":{"start":{"line":146,"column":0},"end":{"line":146,"column":20}},"146":{"start":{"line":147,"column":0},"end":{"line":147,"column":37}},"147":{"start":{"line":148,"column":0},"end":{"line":148,"column":22}},"148":{"start":{"line":149,"column":0},"end":{"line":149,"column":31}},"149":{"start":{"line":150,"column":0},"end":{"line":150,"column":6}},"150":{"start":{"line":151,"column":0},"end":{"line":151,"column":4}},"151":{"start":{"line":152,"column":0},"end":{"line":152,"column":1}},"152":{"start":{"line":153,"column":0},"end":{"line":153,"column":73}},"153":{"start":{"line":154,"column":0},"end":{"line":154,"column":29}},"154":{"start":{"line":155,"column":0},"end":{"line":155,"column":58}},"155":{"start":{"line":156,"column":0},"end":{"line":156,"column":4}},"156":{"start":{"line":157,"column":0},"end":{"line":157,"column":1}},"157":{"start":{"line":158,"column":0},"end":{"line":158,"column":0}},"158":{"start":{"line":159,"column":0},"end":{"line":159,"column":53}},"159":{"start":{"line":160,"column":0},"end":{"line":160,"column":74}},"160":{"start":{"line":161,"column":0},"end":{"line":161,"column":41}},"161":{"start":{"line":162,"column":0},"end":{"line":162,"column":1}}},"s":{"0":1,"1":1,"2":1,"3":1,"4":1,"5":1,"6":8,"7":8,"8":1,"9":1,"10":1,"11":1,"12":1,"13":1,"14":1,"15":1,"16":1,"17":1,"18":1,"19":1,"20":1,"21":1,"22":1,"23":1,"24":1,"25":1,"26":1,"27":1,"28":1,"29":1,"30":1,"31":1,"32":1,"33":1,"34":1,"35":3,"36":3,"37":3,"38":1,"39":1,"40":1,"41":1,"42":51,"43":51,"44":51,"45":51,"46":1,"47":1,"48":46,"49":46,"50":46,"51":168,"52":168,"53":130,"54":168,"55":46,"56":46,"57":46,"58":1,"59":1,"60":33,"61":33,"62":33,"63":33,"64":33,"65":1,"66":1,"67":1,"68":1,"69":1,"70":2,"71":2,"72":2,"73":1,"74":1,"75":1,"76":1,"77":1,"78":38,"79":38,"80":38,"81":94,"82":94,"83":94,"84":38,"85":38,"86":38,"87":1,"88":1,"89":1,"90":1,"91":1,"92":4,"93":4,"94":1,"95":1,"96":3,"97":4,"98":1,"99":1,"100":1,"101":1,"102":1,"103":1,"104":1,"105":1,"106":1,"107":9,"108":9,"109":6,"110":6,"111":6,"112":6,"113":6,"114":6,"115":9,"116":1,"117":1,"118":3,"119":3,"120":3,"121":3,"122":6,"123":3,"124":6,"125":3,"126":3,"127":1,"128":9,"129":9,"130":3,"131":3,"132":9,"133":1,"134":1,"135":1,"136":1,"137":1,"138":1,"139":1,"140":1,"141":1,"142":3,"143":3,"144":3,"145":10,"146":10,"147":7,"148":7,"149":10,"150":3,"151":3,"152":1,"153":3,"154":3,"155":3,"156":3,"157":1,"158":1,"159":2,"160":2,"161":2},"branchMap":{"0":{"type":"branch","line":3,"loc":{"start":{"line":3,"column":19},"end":{"line":3,"column":28}},"locations":[{"start":{"line":3,"column":19},"end":{"line":3,"column":28}}]},"1":{"type":"branch","line":4,"loc":{"start":{"line":4,"column":24},"end":{"line":4,"column":39}},"locations":[{"start":{"line":4,"column":24},"end":{"line":4,"column":39}}]},"2":{"type":"branch","line":6,"loc":{"start":{"line":6,"column":2},"end":{"line":8,"column":6}},"locations":[{"start":{"line":6,"column":2},"end":{"line":8,"column":6}}]},"3":{"type":"branch","line":7,"loc":{"start":{"line":7,"column":2},"end":{"line":8,"column":6}},"locations":[{"start":{"line":7,"column":2},"end":{"line":8,"column":6}}]},"4":{"type":"branch","line":24,"loc":{"start":{"line":24,"column":7},"end":{"line":30,"column":1}},"locations":[{"start":{"line":24,"column":7},"end":{"line":30,"column":1}}]},"5":{"type":"branch","line":27,"loc":{"start":{"line":27,"column":10},"end":{"line":27,"column":43}},"locations":[{"start":{"line":27,"column":10},"end":{"line":27,"column":43}}]},"6":{"type":"branch","line":32,"loc":{"start":{"line":32,"column":7},"end":{"line":41,"column":1}},"locations":[{"start":{"line":32,"column":7},"end":{"line":41,"column":1}}]},"7":{"type":"branch","line":35,"loc":{"start":{"line":35,"column":10},"end":{"line":38,"column":6}},"locations":[{"start":{"line":35,"column":10},"end":{"line":38,"column":6}}]},"8":{"type":"branch","line":43,"loc":{"start":{"line":43,"column":0},"end":{"line":46,"column":1}},"locations":[{"start":{"line":43,"column":0},"end":{"line":46,"column":1}}]},"9":{"type":"branch","line":45,"loc":{"start":{"line":45,"column":9},"end":{"line":45,"column":26}},"locations":[{"start":{"line":45,"column":9},"end":{"line":45,"column":26}}]},"10":{"type":"branch","line":48,"loc":{"start":{"line":48,"column":7},"end":{"line":58,"column":1}},"locations":[{"start":{"line":48,"column":7},"end":{"line":58,"column":1}}]},"11":{"type":"branch","line":51,"loc":{"start":{"line":51,"column":12},"end":{"line":55,"column":6}},"locations":[{"start":{"line":51,"column":12},"end":{"line":55,"column":6}}]},"12":{"type":"branch","line":53,"loc":{"start":{"line":53,"column":16},"end":{"line":53,"column":33}},"locations":[{"start":{"line":53,"column":16},"end":{"line":53,"column":33}}]},"13":{"type":"branch","line":53,"loc":{"start":{"line":53,"column":23},"end":{"line":54,"column":36}},"locations":[{"start":{"line":53,"column":23},"end":{"line":54,"column":36}}]},"14":{"type":"branch","line":60,"loc":{"start":{"line":60,"column":7},"end":{"line":65,"column":1}},"locations":[{"start":{"line":60,"column":7},"end":{"line":65,"column":1}}]},"15":{"type":"branch","line":67,"loc":{"start":{"line":67,"column":7},"end":{"line":76,"column":1}},"locations":[{"start":{"line":67,"column":7},"end":{"line":76,"column":1}}]},"16":{"type":"branch","line":69,"loc":{"start":{"line":69,"column":10},"end":{"line":69,"column":32}},"locations":[{"start":{"line":69,"column":10},"end":{"line":69,"column":32}}]},"17":{"type":"branch","line":70,"loc":{"start":{"line":70,"column":10},"end":{"line":73,"column":6}},"locations":[{"start":{"line":70,"column":10},"end":{"line":73,"column":6}}]},"18":{"type":"branch","line":78,"loc":{"start":{"line":78,"column":7},"end":{"line":87,"column":1}},"locations":[{"start":{"line":78,"column":7},"end":{"line":87,"column":1}}]},"19":{"type":"branch","line":80,"loc":{"start":{"line":80,"column":10},"end":{"line":80,"column":26}},"locations":[{"start":{"line":80,"column":10},"end":{"line":80,"column":26}}]},"20":{"type":"branch","line":81,"loc":{"start":{"line":81,"column":10},"end":{"line":84,"column":6}},"locations":[{"start":{"line":81,"column":10},"end":{"line":84,"column":6}}]},"21":{"type":"branch","line":89,"loc":{"start":{"line":89,"column":7},"end":{"line":101,"column":1}},"locations":[{"start":{"line":89,"column":7},"end":{"line":101,"column":1}}]},"22":{"type":"branch","line":92,"loc":{"start":{"line":92,"column":12},"end":{"line":98,"column":6}},"locations":[{"start":{"line":92,"column":12},"end":{"line":98,"column":6}}]},"23":{"type":"branch","line":94,"loc":{"start":{"line":94,"column":27},"end":{"line":96,"column":7}},"locations":[{"start":{"line":94,"column":27},"end":{"line":96,"column":7}}]},"24":{"type":"branch","line":96,"loc":{"start":{"line":96,"column":6},"end":{"line":97,"column":35}},"locations":[{"start":{"line":96,"column":6},"end":{"line":97,"column":35}}]},"25":{"type":"branch","line":103,"loc":{"start":{"line":103,"column":7},"end":{"line":105,"column":1}},"locations":[{"start":{"line":103,"column":7},"end":{"line":105,"column":1}}]},"26":{"type":"branch","line":108,"loc":{"start":{"line":108,"column":0},"end":{"line":116,"column":1}},"locations":[{"start":{"line":108,"column":0},"end":{"line":116,"column":1}}]},"27":{"type":"branch","line":109,"loc":{"start":{"line":109,"column":9},"end":{"line":115,"column":4}},"locations":[{"start":{"line":109,"column":9},"end":{"line":115,"column":4}}]},"28":{"type":"branch","line":119,"loc":{"start":{"line":119,"column":0},"end":{"line":127,"column":1}},"locations":[{"start":{"line":119,"column":0},"end":{"line":127,"column":1}}]},"29":{"type":"branch","line":122,"loc":{"start":{"line":122,"column":12},"end":{"line":125,"column":6}},"locations":[{"start":{"line":122,"column":12},"end":{"line":125,"column":6}}]},"30":{"type":"branch","line":123,"loc":{"start":{"line":123,"column":22},"end":{"line":124,"column":32}},"locations":[{"start":{"line":123,"column":22},"end":{"line":124,"column":32}}]},"31":{"type":"branch","line":129,"loc":{"start":{"line":129,"column":0},"end":{"line":133,"column":1}},"locations":[{"start":{"line":129,"column":0},"end":{"line":133,"column":1}}]},"32":{"type":"branch","line":130,"loc":{"start":{"line":130,"column":9},"end":{"line":132,"column":4}},"locations":[{"start":{"line":130,"column":9},"end":{"line":132,"column":4}}]},"33":{"type":"branch","line":135,"loc":{"start":{"line":135,"column":36},"end":{"line":135,"column":67}},"locations":[{"start":{"line":135,"column":36},"end":{"line":135,"column":67}}]},"34":{"type":"branch","line":137,"loc":{"start":{"line":137,"column":36},"end":{"line":137,"column":67}},"locations":[{"start":{"line":137,"column":36},"end":{"line":137,"column":67}}]},"35":{"type":"branch","line":139,"loc":{"start":{"line":139,"column":40},"end":{"line":139,"column":71}},"locations":[{"start":{"line":139,"column":40},"end":{"line":139,"column":71}}]},"36":{"type":"branch","line":142,"loc":{"start":{"line":142,"column":7},"end":{"line":152,"column":1}},"locations":[{"start":{"line":142,"column":7},"end":{"line":152,"column":1}}]},"37":{"type":"branch","line":145,"loc":{"start":{"line":145,"column":12},"end":{"line":150,"column":6}},"locations":[{"start":{"line":145,"column":12},"end":{"line":150,"column":6}}]},"38":{"type":"branch","line":147,"loc":{"start":{"line":147,"column":20},"end":{"line":147,"column":37}},"locations":[{"start":{"line":147,"column":20},"end":{"line":147,"column":37}}]},"39":{"type":"branch","line":147,"loc":{"start":{"line":147,"column":27},"end":{"line":149,"column":31}},"locations":[{"start":{"line":147,"column":27},"end":{"line":149,"column":31}}]},"40":{"type":"branch","line":153,"loc":{"start":{"line":153,"column":7},"end":{"line":157,"column":1}},"locations":[{"start":{"line":153,"column":7},"end":{"line":157,"column":1}}]},"41":{"type":"branch","line":154,"loc":{"start":{"line":154,"column":9},"end":{"line":156,"column":4}},"locations":[{"start":{"line":154,"column":9},"end":{"line":156,"column":4}}]},"42":{"type":"branch","line":159,"loc":{"start":{"line":159,"column":7},"end":{"line":162,"column":1}},"locations":[{"start":{"line":159,"column":7},"end":{"line":162,"column":1}}]},"43":{"type":"branch","line":160,"loc":{"start":{"line":160,"column":22},"end":{"line":160,"column":51}},"locations":[{"start":{"line":160,"column":22},"end":{"line":160,"column":51}}]},"44":{"type":"branch","line":160,"loc":{"start":{"line":160,"column":46},"end":{"line":160,"column":74}},"locations":[{"start":{"line":160,"column":46},"end":{"line":160,"column":74}}]},"45":{"type":"branch","line":160,"loc":{"start":{"line":160,"column":26},"end":{"line":160,"column":51}},"locations":[{"start":{"line":160,"column":26},"end":{"line":160,"column":51}}]},"46":{"type":"branch","line":160,"loc":{"start":{"line":160,"column":51},"end":{"line":160,"column":74}},"locations":[{"start":{"line":160,"column":51},"end":{"line":160,"column":74}}]},"47":{"type":"branch","line":161,"loc":{"start":{"line":161,"column":24},"end":{"line":161,"column":39}},"locations":[{"start":{"line":161,"column":24},"end":{"line":161,"column":39}}]}},"b":{"0":[1],"1":[44],"2":[8],"3":[8],"4":[1],"5":[3],"6":[1],"7":[3],"8":[51],"9":[168],"10":[46],"11":[168],"12":[38],"13":[130],"14":[33],"15":[1],"16":[1],"17":[2],"18":[38],"19":[38],"20":[94],"21":[1],"22":[4],"23":[1],"24":[3],"25":[1],"26":[9],"27":[6],"28":[3],"29":[6],"30":[3],"31":[9],"32":[3],"33":[6],"34":[1],"35":[4],"36":[3],"37":[10],"38":[3],"39":[7],"40":[3],"41":[3],"42":[2],"43":[1],"44":[1],"45":[3],"46":[3],"47":[4]},"fnMap":{"0":{"name":"nop","decl":{"start":{"line":3,"column":19},"end":{"line":3,"column":28}},"loc":{"start":{"line":3,"column":19},"end":{"line":3,"column":28}},"line":3},"1":{"name":"identity","decl":{"start":{"line":4,"column":24},"end":{"line":4,"column":39}},"loc":{"start":{"line":4,"column":24},"end":{"line":4,"column":39}},"line":4},"2":{"name":"constant","decl":{"start":{"line":6,"column":2},"end":{"line":8,"column":6}},"loc":{"start":{"line":6,"column":2},"end":{"line":8,"column":6}},"line":6},"3":{"name":"toLast","decl":{"start":{"line":24,"column":7},"end":{"line":30,"column":1}},"loc":{"start":{"line":24,"column":7},"end":{"line":30,"column":1}},"line":24},"4":{"name":"fold","decl":{"start":{"line":27,"column":10},"end":{"line":27,"column":43}},"loc":{"start":{"line":27,"column":10},"end":{"line":27,"column":43}},"line":27},"5":{"name":"forEach","decl":{"start":{"line":32,"column":7},"end":{"line":41,"column":1}},"loc":{"start":{"line":32,"column":7},"end":{"line":41,"column":1}},"line":32},"6":{"name":"fold","decl":{"start":{"line":35,"column":10},"end":{"line":38,"column":6}},"loc":{"start":{"line":35,"column":10},"end":{"line":38,"column":6}},"line":35},"7":{"name":"getIter","decl":{"start":{"line":43,"column":0},"end":{"line":46,"column":1}},"loc":{"start":{"line":43,"column":0},"end":{"line":46,"column":1}},"line":43},"8":{"name":"iterColl","decl":{"start":{"line":48,"column":7},"end":{"line":58,"column":1}},"loc":{"start":{"line":48,"column":7},"end":{"line":58,"column":1}},"line":48},"9":{"name":"unfold","decl":{"start":{"line":51,"column":12},"end":{"line":55,"column":6}},"loc":{"start":{"line":51,"column":12},"end":{"line":55,"column":6}},"line":51},"10":{"name":"fromIter","decl":{"start":{"line":60,"column":7},"end":{"line":65,"column":1}},"loc":{"start":{"line":60,"column":7},"end":{"line":65,"column":1}},"line":60},"11":{"name":"toMap","decl":{"start":{"line":67,"column":7},"end":{"line":76,"column":1}},"loc":{"start":{"line":67,"column":7},"end":{"line":76,"column":1}},"line":67},"12":{"name":"init","decl":{"start":{"line":69,"column":10},"end":{"line":69,"column":32}},"loc":{"start":{"line":69,"column":10},"end":{"line":69,"column":32}},"line":69},"13":{"name":"fold","decl":{"start":{"line":70,"column":10},"end":{"line":73,"column":6}},"loc":{"start":{"line":70,"column":10},"end":{"line":73,"column":6}},"line":70},"14":{"name":"toArray","decl":{"start":{"line":78,"column":7},"end":{"line":87,"column":1}},"loc":{"start":{"line":78,"column":7},"end":{"line":87,"column":1}},"line":78},"15":{"name":"init","decl":{"start":{"line":80,"column":10},"end":{"line":80,"column":26}},"loc":{"start":{"line":80,"column":10},"end":{"line":80,"column":26}},"line":80},"16":{"name":"fold","decl":{"start":{"line":81,"column":10},"end":{"line":84,"column":6}},"loc":{"start":{"line":81,"column":10},"end":{"line":84,"column":6}},"line":81},"17":{"name":"arrayColl","decl":{"start":{"line":89,"column":7},"end":{"line":101,"column":1}},"loc":{"start":{"line":89,"column":7},"end":{"line":101,"column":1}},"line":89},"18":{"name":"unfold","decl":{"start":{"line":92,"column":12},"end":{"line":98,"column":6}},"loc":{"start":{"line":92,"column":12},"end":{"line":98,"column":6}},"line":92},"19":{"name":"fromArray","decl":{"start":{"line":103,"column":7},"end":{"line":105,"column":1}},"loc":{"start":{"line":103,"column":7},"end":{"line":105,"column":1}},"line":103},"20":{"name":"toOpFactory","decl":{"start":{"line":108,"column":0},"end":{"line":116,"column":1}},"loc":{"start":{"line":108,"column":0},"end":{"line":116,"column":1}},"line":108},"21":{"name":"opCollFactory","decl":{"start":{"line":119,"column":0},"end":{"line":127,"column":1}},"loc":{"start":{"line":119,"column":0},"end":{"line":127,"column":1}},"line":119},"22":{"name":"unfold","decl":{"start":{"line":122,"column":12},"end":{"line":125,"column":6}},"loc":{"start":{"line":122,"column":12},"end":{"line":125,"column":6}},"line":122},"23":{"name":"fromOpFactory","decl":{"start":{"line":129,"column":0},"end":{"line":133,"column":1}},"loc":{"start":{"line":129,"column":0},"end":{"line":133,"column":1}},"line":129},"24":{"name":"loopColl","decl":{"start":{"line":142,"column":7},"end":{"line":152,"column":1}},"loc":{"start":{"line":142,"column":7},"end":{"line":152,"column":1}},"line":142},"25":{"name":"unfold","decl":{"start":{"line":145,"column":12},"end":{"line":150,"column":6}},"loc":{"start":{"line":145,"column":12},"end":{"line":150,"column":6}},"line":145},"26":{"name":"fromLoop","decl":{"start":{"line":153,"column":7},"end":{"line":157,"column":1}},"loc":{"start":{"line":153,"column":7},"end":{"line":157,"column":1}},"line":153},"27":{"name":"fromRange","decl":{"start":{"line":159,"column":7},"end":{"line":162,"column":1}},"loc":{"start":{"line":159,"column":7},"end":{"line":162,"column":1}},"line":159},"28":{"name":"cond","decl":{"start":{"line":160,"column":26},"end":{"line":160,"column":51}},"loc":{"start":{"line":160,"column":26},"end":{"line":160,"column":51}},"line":160},"29":{"name":"cond","decl":{"start":{"line":160,"column":51},"end":{"line":160,"column":74}},"loc":{"start":{"line":160,"column":51},"end":{"line":160,"column":74}},"line":160}},"f":{"0":1,"1":44,"2":8,"3":1,"4":3,"5":1,"6":3,"7":51,"8":46,"9":168,"10":33,"11":1,"12":1,"13":2,"14":38,"15":38,"16":94,"17":1,"18":4,"19":1,"20":9,"21":3,"22":6,"23":9,"24":3,"25":10,"26":3,"27":2,"28":3,"29":3}}
,"/home/prncss/Projects/github.com/prncss-xyz/beam/packages/beam/src/transducers/utils.ts": {"path":"/home/prncss/Projects/github.com/prncss-xyz/beam/packages/beam/src/transducers/utils.ts","all":false,"statementMap":{"0":{"start":{"line":1,"column":0},"end":{"line":1,"column":30}},"1":{"start":{"line":2,"column":0},"end":{"line":2,"column":32}},"2":{"start":{"line":3,"column":0},"end":{"line":3,"column":45}},"3":{"start":{"line":4,"column":0},"end":{"line":4,"column":0}},"4":{"start":{"line":5,"column":0},"end":{"line":5,"column":43}},"5":{"start":{"line":6,"column":0},"end":{"line":6,"column":29}},"6":{"start":{"line":7,"column":0},"end":{"line":7,"column":10}},"7":{"start":{"line":8,"column":0},"end":{"line":8,"column":3}},"8":{"start":{"line":9,"column":0},"end":{"line":9,"column":42}},"9":{"start":{"line":10,"column":0},"end":{"line":10,"column":50}},"10":{"start":{"line":11,"column":0},"end":{"line":11,"column":12}},"11":{"start":{"line":12,"column":0},"end":{"line":12,"column":11}},"12":{"start":{"line":13,"column":0},"end":{"line":13,"column":27}},"13":{"start":{"line":14,"column":0},"end":{"line":14,"column":20}},"14":{"start":{"line":15,"column":0},"end":{"line":15,"column":8}},"15":{"start":{"line":16,"column":0},"end":{"line":16,"column":6}},"16":{"start":{"line":17,"column":0},"end":{"line":17,"column":4}},"17":{"start":{"line":18,"column":0},"end":{"line":18,"column":1}}},"s":{"0":1,"1":1,"2":1,"3":1,"4":1,"5":1,"6":1,"7":1,"8":1,"9":1,"10":1,"11":1,"12":1,"13":1,"14":1,"15":1,"16":1,"17":1},"branchMap":{"0":{"type":"branch","line":5,"loc":{"start":{"line":5,"column":7},"end":{"line":18,"column":1}},"locations":[{"start":{"line":5,"column":7},"end":{"line":18,"column":1}}]},"1":{"type":"branch","line":9,"loc":{"start":{"line":9,"column":9},"end":{"line":17,"column":4}},"locations":[{"start":{"line":9,"column":9},"end":{"line":17,"column":4}}]},"2":{"type":"branch","line":13,"loc":{"start":{"line":13,"column":6},"end":{"line":15,"column":8}},"locations":[{"start":{"line":13,"column":6},"end":{"line":15,"column":8}}]}},"b":{"0":[1],"1":[1],"2":[1]},"fnMap":{"0":{"name":"transformIterator","decl":{"start":{"line":5,"column":7},"end":{"line":18,"column":1}},"loc":{"start":{"line":5,"column":7},"end":{"line":18,"column":1}},"line":5}},"f":{"0":1}}
}
