{"/home/prncss/Projects/github.com/prncss-xyz/beam/packages/beam/stryker.config.mjs": {"path":"/home/prncss/Projects/github.com/prncss-xyz/beam/packages/beam/stryker.config.mjs","all":true,"statementMap":{},"s":{},"branchMap":{"0":{"type":"branch","line":1,"loc":{"start":{"line":1,"column":0},"end":{"line":22,"column":14}},"locations":[{"start":{"line":1,"column":0},"end":{"line":22,"column":14}}]}},"b":{"0":[1]},"fnMap":{"0":{"name":"(empty-report)","decl":{"start":{"line":1,"column":0},"end":{"line":22,"column":14}},"loc":{"start":{"line":1,"column":0},"end":{"line":22,"column":14}},"line":1}},"f":{"0":1}}
,"/home/prncss/Projects/github.com/prncss-xyz/beam/packages/beam/src/index.ts": {"path":"/home/prncss/Projects/github.com/prncss-xyz/beam/packages/beam/src/index.ts","all":true,"statementMap":{},"s":{},"branchMap":{"0":{"type":"branch","line":1,"loc":{"start":{"line":1,"column":200},"end":{"line":4,"column":63}},"locations":[{"start":{"line":1,"column":200},"end":{"line":4,"column":63}}]}},"b":{"0":[1]},"fnMap":{"0":{"name":"(empty-report)","decl":{"start":{"line":1,"column":200},"end":{"line":4,"column":63}},"loc":{"start":{"line":1,"column":200},"end":{"line":4,"column":63}},"line":1}},"f":{"0":1}}
,"/home/prncss/Projects/github.com/prncss-xyz/beam/packages/beam/src/lib/optics/index.ts": {"path":"/home/prncss/Projects/github.com/prncss-xyz/beam/packages/beam/src/lib/optics/index.ts","all":false,"statementMap":{"0":{"start":{"line":1,"column":0},"end":{"line":1,"column":34}},"1":{"start":{"line":2,"column":0},"end":{"line":2,"column":40}},"2":{"start":{"line":3,"column":0},"end":{"line":3,"column":32}},"3":{"start":{"line":4,"column":0},"end":{"line":4,"column":0}},"4":{"start":{"line":5,"column":0},"end":{"line":5,"column":20}},"5":{"start":{"line":6,"column":0},"end":{"line":6,"column":25}},"6":{"start":{"line":7,"column":0},"end":{"line":7,"column":0}},"7":{"start":{"line":8,"column":0},"end":{"line":8,"column":24}},"8":{"start":{"line":9,"column":0},"end":{"line":9,"column":56}},"9":{"start":{"line":10,"column":0},"end":{"line":10,"column":11}},"10":{"start":{"line":11,"column":0},"end":{"line":11,"column":27}},"11":{"start":{"line":12,"column":0},"end":{"line":12,"column":56}},"12":{"start":{"line":13,"column":0},"end":{"line":13,"column":11}},"13":{"start":{"line":14,"column":0},"end":{"line":14,"column":0}},"14":{"start":{"line":15,"column":0},"end":{"line":15,"column":18}},"15":{"start":{"line":16,"column":0},"end":{"line":16,"column":16}},"16":{"start":{"line":17,"column":0},"end":{"line":17,"column":19}},"17":{"start":{"line":18,"column":0},"end":{"line":18,"column":14}},"18":{"start":{"line":19,"column":0},"end":{"line":19,"column":18}},"19":{"start":{"line":20,"column":0},"end":{"line":20,"column":20}},"20":{"start":{"line":21,"column":0},"end":{"line":21,"column":0}},"21":{"start":{"line":22,"column":0},"end":{"line":22,"column":25}},"22":{"start":{"line":23,"column":0},"end":{"line":23,"column":25}},"23":{"start":{"line":24,"column":0},"end":{"line":24,"column":21}},"24":{"start":{"line":25,"column":0},"end":{"line":25,"column":21}},"25":{"start":{"line":26,"column":0},"end":{"line":26,"column":5}},"26":{"start":{"line":27,"column":0},"end":{"line":27,"column":1}},"27":{"start":{"line":28,"column":0},"end":{"line":28,"column":0}},"28":{"start":{"line":29,"column":0},"end":{"line":29,"column":23}},"29":{"start":{"line":30,"column":0},"end":{"line":30,"column":37}},"30":{"start":{"line":31,"column":0},"end":{"line":31,"column":67}},"31":{"start":{"line":32,"column":0},"end":{"line":32,"column":25}},"32":{"start":{"line":33,"column":0},"end":{"line":33,"column":3}},"33":{"start":{"line":34,"column":0},"end":{"line":34,"column":51}},"34":{"start":{"line":35,"column":0},"end":{"line":35,"column":32}},"35":{"start":{"line":36,"column":0},"end":{"line":36,"column":25}},"36":{"start":{"line":37,"column":0},"end":{"line":37,"column":33}},"37":{"start":{"line":38,"column":0},"end":{"line":38,"column":46}},"38":{"start":{"line":39,"column":0},"end":{"line":39,"column":31}},"39":{"start":{"line":40,"column":0},"end":{"line":40,"column":8}},"40":{"start":{"line":41,"column":0},"end":{"line":41,"column":7}},"41":{"start":{"line":42,"column":0},"end":{"line":42,"column":3}},"42":{"start":{"line":43,"column":0},"end":{"line":43,"column":30}},"43":{"start":{"line":44,"column":0},"end":{"line":44,"column":34}},"44":{"start":{"line":45,"column":0},"end":{"line":45,"column":3}},"45":{"start":{"line":46,"column":0},"end":{"line":46,"column":45}},"46":{"start":{"line":47,"column":0},"end":{"line":47,"column":37}},"47":{"start":{"line":48,"column":0},"end":{"line":48,"column":3}},"48":{"start":{"line":49,"column":0},"end":{"line":49,"column":1}},"49":{"start":{"line":50,"column":0},"end":{"line":50,"column":0}},"50":{"start":{"line":51,"column":0},"end":{"line":51,"column":20}},"51":{"start":{"line":52,"column":0},"end":{"line":52,"column":25}},"52":{"start":{"line":53,"column":0},"end":{"line":53,"column":55}},"53":{"start":{"line":54,"column":0},"end":{"line":54,"column":25}},"54":{"start":{"line":55,"column":0},"end":{"line":55,"column":3}},"55":{"start":{"line":56,"column":0},"end":{"line":56,"column":71}},"56":{"start":{"line":57,"column":0},"end":{"line":57,"column":61}},"57":{"start":{"line":58,"column":0},"end":{"line":58,"column":47}},"58":{"start":{"line":59,"column":0},"end":{"line":59,"column":57}},"59":{"start":{"line":60,"column":0},"end":{"line":60,"column":25}},"60":{"start":{"line":61,"column":0},"end":{"line":61,"column":55}},"61":{"start":{"line":62,"column":0},"end":{"line":62,"column":9}},"62":{"start":{"line":63,"column":0},"end":{"line":63,"column":32}},"63":{"start":{"line":64,"column":0},"end":{"line":64,"column":53}},"64":{"start":{"line":65,"column":0},"end":{"line":65,"column":7}},"65":{"start":{"line":66,"column":0},"end":{"line":66,"column":3}},"66":{"start":{"line":67,"column":0},"end":{"line":67,"column":44}},"67":{"start":{"line":68,"column":0},"end":{"line":68,"column":48}},"68":{"start":{"line":69,"column":0},"end":{"line":69,"column":3}},"69":{"start":{"line":70,"column":0},"end":{"line":70,"column":45}},"70":{"start":{"line":71,"column":0},"end":{"line":71,"column":37}},"71":{"start":{"line":72,"column":0},"end":{"line":72,"column":3}},"72":{"start":{"line":73,"column":0},"end":{"line":73,"column":1}},"73":{"start":{"line":74,"column":0},"end":{"line":74,"column":0}},"74":{"start":{"line":75,"column":0},"end":{"line":75,"column":18}},"75":{"start":{"line":76,"column":0},"end":{"line":76,"column":25}},"76":{"start":{"line":77,"column":0},"end":{"line":77,"column":25}},"77":{"start":{"line":78,"column":0},"end":{"line":78,"column":15}},"78":{"start":{"line":79,"column":0},"end":{"line":79,"column":11}},"79":{"start":{"line":80,"column":0},"end":{"line":80,"column":11}},"80":{"start":{"line":81,"column":0},"end":{"line":81,"column":6}},"81":{"start":{"line":82,"column":0},"end":{"line":82,"column":27}},"82":{"start":{"line":83,"column":0},"end":{"line":83,"column":27}},"83":{"start":{"line":84,"column":0},"end":{"line":84,"column":6}},"84":{"start":{"line":85,"column":0},"end":{"line":85,"column":25}},"85":{"start":{"line":86,"column":0},"end":{"line":86,"column":25}},"86":{"start":{"line":87,"column":0},"end":{"line":87,"column":3}},"87":{"start":{"line":88,"column":0},"end":{"line":88,"column":54}},"88":{"start":{"line":89,"column":0},"end":{"line":89,"column":44}},"89":{"start":{"line":90,"column":0},"end":{"line":90,"column":52}},"90":{"start":{"line":91,"column":0},"end":{"line":91,"column":48}},"91":{"start":{"line":92,"column":0},"end":{"line":92,"column":54}},"92":{"start":{"line":93,"column":0},"end":{"line":93,"column":47}},"93":{"start":{"line":94,"column":0},"end":{"line":94,"column":35}},"94":{"start":{"line":95,"column":0},"end":{"line":95,"column":28}},"95":{"start":{"line":96,"column":0},"end":{"line":96,"column":55}},"96":{"start":{"line":97,"column":0},"end":{"line":97,"column":74}},"97":{"start":{"line":98,"column":0},"end":{"line":98,"column":73}},"98":{"start":{"line":99,"column":0},"end":{"line":99,"column":9}},"99":{"start":{"line":100,"column":0},"end":{"line":100,"column":30}},"100":{"start":{"line":101,"column":0},"end":{"line":101,"column":23}},"101":{"start":{"line":102,"column":0},"end":{"line":102,"column":55}},"102":{"start":{"line":103,"column":0},"end":{"line":103,"column":74}},"103":{"start":{"line":104,"column":0},"end":{"line":104,"column":9}},"104":{"start":{"line":105,"column":0},"end":{"line":105,"column":34}},"105":{"start":{"line":106,"column":0},"end":{"line":106,"column":33}},"106":{"start":{"line":107,"column":0},"end":{"line":107,"column":55}},"107":{"start":{"line":108,"column":0},"end":{"line":108,"column":74}},"108":{"start":{"line":109,"column":0},"end":{"line":109,"column":9}},"109":{"start":{"line":110,"column":0},"end":{"line":110,"column":32}},"110":{"start":{"line":111,"column":0},"end":{"line":111,"column":31}},"111":{"start":{"line":112,"column":0},"end":{"line":112,"column":55}},"112":{"start":{"line":113,"column":0},"end":{"line":113,"column":9}},"113":{"start":{"line":114,"column":0},"end":{"line":114,"column":32}},"114":{"start":{"line":115,"column":0},"end":{"line":115,"column":53}},"115":{"start":{"line":116,"column":0},"end":{"line":116,"column":7}},"116":{"start":{"line":117,"column":0},"end":{"line":117,"column":3}},"117":{"start":{"line":118,"column":0},"end":{"line":118,"column":0}},"118":{"start":{"line":119,"column":0},"end":{"line":119,"column":44}},"119":{"start":{"line":120,"column":0},"end":{"line":120,"column":48}},"120":{"start":{"line":121,"column":0},"end":{"line":121,"column":3}},"121":{"start":{"line":122,"column":0},"end":{"line":122,"column":45}},"122":{"start":{"line":123,"column":0},"end":{"line":123,"column":37}},"123":{"start":{"line":124,"column":0},"end":{"line":124,"column":3}},"124":{"start":{"line":125,"column":0},"end":{"line":125,"column":71}},"125":{"start":{"line":126,"column":0},"end":{"line":126,"column":54}},"126":{"start":{"line":127,"column":0},"end":{"line":127,"column":3}},"127":{"start":{"line":128,"column":0},"end":{"line":128,"column":14}},"128":{"start":{"line":129,"column":0},"end":{"line":129,"column":36}},"129":{"start":{"line":130,"column":0},"end":{"line":130,"column":30}},"130":{"start":{"line":131,"column":0},"end":{"line":131,"column":21}},"131":{"start":{"line":132,"column":0},"end":{"line":132,"column":58}},"132":{"start":{"line":133,"column":0},"end":{"line":133,"column":3}},"133":{"start":{"line":134,"column":0},"end":{"line":134,"column":15}},"134":{"start":{"line":135,"column":0},"end":{"line":135,"column":36}},"135":{"start":{"line":136,"column":0},"end":{"line":136,"column":30}},"136":{"start":{"line":137,"column":0},"end":{"line":137,"column":25}},"137":{"start":{"line":138,"column":0},"end":{"line":138,"column":5}},"138":{"start":{"line":139,"column":0},"end":{"line":139,"column":68}},"139":{"start":{"line":140,"column":0},"end":{"line":140,"column":3}},"140":{"start":{"line":141,"column":0},"end":{"line":141,"column":60}},"141":{"start":{"line":142,"column":0},"end":{"line":142,"column":21}},"142":{"start":{"line":143,"column":0},"end":{"line":143,"column":20}},"143":{"start":{"line":144,"column":0},"end":{"line":144,"column":44}},"144":{"start":{"line":145,"column":0},"end":{"line":145,"column":6}},"145":{"start":{"line":146,"column":0},"end":{"line":146,"column":3}},"146":{"start":{"line":147,"column":0},"end":{"line":147,"column":60}},"147":{"start":{"line":148,"column":0},"end":{"line":148,"column":26}},"148":{"start":{"line":149,"column":0},"end":{"line":149,"column":20}},"149":{"start":{"line":150,"column":0},"end":{"line":150,"column":37}},"150":{"start":{"line":151,"column":0},"end":{"line":151,"column":14}},"151":{"start":{"line":152,"column":0},"end":{"line":152,"column":28}},"152":{"start":{"line":153,"column":0},"end":{"line":153,"column":23}},"153":{"start":{"line":154,"column":0},"end":{"line":154,"column":18}},"154":{"start":{"line":155,"column":0},"end":{"line":155,"column":8}},"155":{"start":{"line":156,"column":0},"end":{"line":156,"column":6}},"156":{"start":{"line":157,"column":0},"end":{"line":157,"column":3}},"157":{"start":{"line":158,"column":0},"end":{"line":158,"column":0}},"158":{"start":{"line":159,"column":0},"end":{"line":159,"column":57}},"159":{"start":{"line":160,"column":0},"end":{"line":160,"column":79}},"160":{"start":{"line":161,"column":0},"end":{"line":161,"column":3}},"161":{"start":{"line":162,"column":0},"end":{"line":162,"column":0}},"162":{"start":{"line":163,"column":0},"end":{"line":163,"column":23}},"163":{"start":{"line":164,"column":0},"end":{"line":164,"column":48}},"164":{"start":{"line":165,"column":0},"end":{"line":165,"column":21}},"165":{"start":{"line":166,"column":0},"end":{"line":166,"column":73}},"166":{"start":{"line":167,"column":0},"end":{"line":167,"column":57}},"167":{"start":{"line":168,"column":0},"end":{"line":168,"column":77}},"168":{"start":{"line":169,"column":0},"end":{"line":169,"column":3}},"169":{"start":{"line":170,"column":0},"end":{"line":170,"column":0}},"170":{"start":{"line":171,"column":0},"end":{"line":171,"column":34}},"171":{"start":{"line":172,"column":0},"end":{"line":172,"column":70}},"172":{"start":{"line":173,"column":0},"end":{"line":173,"column":71}},"173":{"start":{"line":174,"column":0},"end":{"line":174,"column":75}},"174":{"start":{"line":175,"column":0},"end":{"line":175,"column":3}},"175":{"start":{"line":176,"column":0},"end":{"line":176,"column":0}},"176":{"start":{"line":177,"column":0},"end":{"line":177,"column":63}},"177":{"start":{"line":178,"column":0},"end":{"line":178,"column":24}},"178":{"start":{"line":179,"column":0},"end":{"line":179,"column":64}},"179":{"start":{"line":180,"column":0},"end":{"line":180,"column":6}},"180":{"start":{"line":181,"column":0},"end":{"line":181,"column":3}},"181":{"start":{"line":182,"column":0},"end":{"line":182,"column":0}},"182":{"start":{"line":183,"column":0},"end":{"line":183,"column":70}},"183":{"start":{"line":184,"column":0},"end":{"line":184,"column":24}},"184":{"start":{"line":185,"column":0},"end":{"line":185,"column":63}},"185":{"start":{"line":186,"column":0},"end":{"line":186,"column":6}},"186":{"start":{"line":187,"column":0},"end":{"line":187,"column":3}},"187":{"start":{"line":188,"column":0},"end":{"line":188,"column":0}},"188":{"start":{"line":189,"column":0},"end":{"line":189,"column":27}},"189":{"start":{"line":190,"column":0},"end":{"line":190,"column":21}},"190":{"start":{"line":191,"column":0},"end":{"line":191,"column":18}},"191":{"start":{"line":192,"column":0},"end":{"line":192,"column":15}},"192":{"start":{"line":193,"column":0},"end":{"line":193,"column":6}},"193":{"start":{"line":194,"column":0},"end":{"line":194,"column":3}},"194":{"start":{"line":195,"column":0},"end":{"line":195,"column":26}},"195":{"start":{"line":196,"column":0},"end":{"line":196,"column":21}},"196":{"start":{"line":197,"column":0},"end":{"line":197,"column":15}},"197":{"start":{"line":198,"column":0},"end":{"line":198,"column":18}},"198":{"start":{"line":199,"column":0},"end":{"line":199,"column":6}},"199":{"start":{"line":200,"column":0},"end":{"line":200,"column":3}},"200":{"start":{"line":201,"column":0},"end":{"line":201,"column":57}},"201":{"start":{"line":202,"column":0},"end":{"line":202,"column":45}},"202":{"start":{"line":203,"column":0},"end":{"line":203,"column":30}},"203":{"start":{"line":204,"column":0},"end":{"line":204,"column":25}},"204":{"start":{"line":205,"column":0},"end":{"line":205,"column":36}},"205":{"start":{"line":206,"column":0},"end":{"line":206,"column":15}},"206":{"start":{"line":207,"column":0},"end":{"line":207,"column":6}},"207":{"start":{"line":208,"column":0},"end":{"line":208,"column":3}},"208":{"start":{"line":209,"column":0},"end":{"line":209,"column":1}},"209":{"start":{"line":210,"column":0},"end":{"line":210,"column":0}},"210":{"start":{"line":211,"column":0},"end":{"line":211,"column":22}},"211":{"start":{"line":212,"column":0},"end":{"line":212,"column":37}},"212":{"start":{"line":213,"column":0},"end":{"line":213,"column":25}},"213":{"start":{"line":214,"column":0},"end":{"line":214,"column":15}},"214":{"start":{"line":215,"column":0},"end":{"line":215,"column":11}},"215":{"start":{"line":216,"column":0},"end":{"line":216,"column":11}},"216":{"start":{"line":217,"column":0},"end":{"line":217,"column":6}},"217":{"start":{"line":218,"column":0},"end":{"line":218,"column":39}},"218":{"start":{"line":219,"column":0},"end":{"line":219,"column":27}},"219":{"start":{"line":220,"column":0},"end":{"line":220,"column":6}},"220":{"start":{"line":221,"column":0},"end":{"line":221,"column":25}},"221":{"start":{"line":222,"column":0},"end":{"line":222,"column":25}},"222":{"start":{"line":223,"column":0},"end":{"line":223,"column":3}},"223":{"start":{"line":224,"column":0},"end":{"line":224,"column":54}},"224":{"start":{"line":225,"column":0},"end":{"line":225,"column":48}},"225":{"start":{"line":226,"column":0},"end":{"line":226,"column":52}},"226":{"start":{"line":227,"column":0},"end":{"line":227,"column":54}},"227":{"start":{"line":228,"column":0},"end":{"line":228,"column":51}},"228":{"start":{"line":229,"column":0},"end":{"line":229,"column":47}},"229":{"start":{"line":230,"column":0},"end":{"line":230,"column":35}},"230":{"start":{"line":231,"column":0},"end":{"line":231,"column":28}},"231":{"start":{"line":232,"column":0},"end":{"line":232,"column":27}},"232":{"start":{"line":233,"column":0},"end":{"line":233,"column":35}},"233":{"start":{"line":234,"column":0},"end":{"line":234,"column":48}},"234":{"start":{"line":235,"column":0},"end":{"line":235,"column":33}},"235":{"start":{"line":236,"column":0},"end":{"line":236,"column":10}},"236":{"start":{"line":237,"column":0},"end":{"line":237,"column":27}},"237":{"start":{"line":238,"column":0},"end":{"line":238,"column":35}},"238":{"start":{"line":239,"column":0},"end":{"line":239,"column":40}},"239":{"start":{"line":240,"column":0},"end":{"line":240,"column":52}},"240":{"start":{"line":241,"column":0},"end":{"line":241,"column":10}},"241":{"start":{"line":242,"column":0},"end":{"line":242,"column":25}},"242":{"start":{"line":243,"column":0},"end":{"line":243,"column":35}},"243":{"start":{"line":244,"column":0},"end":{"line":244,"column":40}},"244":{"start":{"line":245,"column":0},"end":{"line":245,"column":50}},"245":{"start":{"line":246,"column":0},"end":{"line":246,"column":10}},"246":{"start":{"line":247,"column":0},"end":{"line":247,"column":9}},"247":{"start":{"line":248,"column":0},"end":{"line":248,"column":30}},"248":{"start":{"line":249,"column":0},"end":{"line":249,"column":27}},"249":{"start":{"line":250,"column":0},"end":{"line":250,"column":27}},"250":{"start":{"line":251,"column":0},"end":{"line":251,"column":35}},"251":{"start":{"line":252,"column":0},"end":{"line":252,"column":48}},"252":{"start":{"line":253,"column":0},"end":{"line":253,"column":33}},"253":{"start":{"line":254,"column":0},"end":{"line":254,"column":10}},"254":{"start":{"line":255,"column":0},"end":{"line":255,"column":27}},"255":{"start":{"line":256,"column":0},"end":{"line":256,"column":35}},"256":{"start":{"line":257,"column":0},"end":{"line":257,"column":40}},"257":{"start":{"line":258,"column":0},"end":{"line":258,"column":52}},"258":{"start":{"line":259,"column":0},"end":{"line":259,"column":10}},"259":{"start":{"line":260,"column":0},"end":{"line":260,"column":9}},"260":{"start":{"line":261,"column":0},"end":{"line":261,"column":34}},"261":{"start":{"line":262,"column":0},"end":{"line":262,"column":27}},"262":{"start":{"line":263,"column":0},"end":{"line":263,"column":27}},"263":{"start":{"line":264,"column":0},"end":{"line":264,"column":35}},"264":{"start":{"line":265,"column":0},"end":{"line":265,"column":48}},"265":{"start":{"line":266,"column":0},"end":{"line":266,"column":33}},"266":{"start":{"line":267,"column":0},"end":{"line":267,"column":10}},"267":{"start":{"line":268,"column":0},"end":{"line":268,"column":27}},"268":{"start":{"line":269,"column":0},"end":{"line":269,"column":35}},"269":{"start":{"line":270,"column":0},"end":{"line":270,"column":40}},"270":{"start":{"line":271,"column":0},"end":{"line":271,"column":52}},"271":{"start":{"line":272,"column":0},"end":{"line":272,"column":10}},"272":{"start":{"line":273,"column":0},"end":{"line":273,"column":9}},"273":{"start":{"line":274,"column":0},"end":{"line":274,"column":32}},"274":{"start":{"line":275,"column":0},"end":{"line":275,"column":25}},"275":{"start":{"line":276,"column":0},"end":{"line":276,"column":33}},"276":{"start":{"line":277,"column":0},"end":{"line":277,"column":46}},"277":{"start":{"line":278,"column":0},"end":{"line":278,"column":31}},"278":{"start":{"line":279,"column":0},"end":{"line":279,"column":8}},"279":{"start":{"line":280,"column":0},"end":{"line":280,"column":7}},"280":{"start":{"line":281,"column":0},"end":{"line":281,"column":3}},"281":{"start":{"line":282,"column":0},"end":{"line":282,"column":0}},"282":{"start":{"line":283,"column":0},"end":{"line":283,"column":47}},"283":{"start":{"line":284,"column":0},"end":{"line":284,"column":51}},"284":{"start":{"line":285,"column":0},"end":{"line":285,"column":3}},"285":{"start":{"line":286,"column":0},"end":{"line":286,"column":45}},"286":{"start":{"line":287,"column":0},"end":{"line":287,"column":37}},"287":{"start":{"line":288,"column":0},"end":{"line":288,"column":3}},"288":{"start":{"line":289,"column":0},"end":{"line":289,"column":75}},"289":{"start":{"line":290,"column":0},"end":{"line":290,"column":24}},"290":{"start":{"line":291,"column":0},"end":{"line":291,"column":16}},"291":{"start":{"line":292,"column":0},"end":{"line":292,"column":15}},"292":{"start":{"line":293,"column":0},"end":{"line":293,"column":15}},"293":{"start":{"line":294,"column":0},"end":{"line":294,"column":9}},"294":{"start":{"line":295,"column":0},"end":{"line":295,"column":6}},"295":{"start":{"line":296,"column":0},"end":{"line":296,"column":3}},"296":{"start":{"line":297,"column":0},"end":{"line":297,"column":14}},"297":{"start":{"line":298,"column":0},"end":{"line":298,"column":36}},"298":{"start":{"line":299,"column":0},"end":{"line":299,"column":30}},"299":{"start":{"line":300,"column":0},"end":{"line":300,"column":21}},"300":{"start":{"line":301,"column":0},"end":{"line":301,"column":58}},"301":{"start":{"line":302,"column":0},"end":{"line":302,"column":3}},"302":{"start":{"line":303,"column":0},"end":{"line":303,"column":15}},"303":{"start":{"line":304,"column":0},"end":{"line":304,"column":36}},"304":{"start":{"line":305,"column":0},"end":{"line":305,"column":30}},"305":{"start":{"line":306,"column":0},"end":{"line":306,"column":25}},"306":{"start":{"line":307,"column":0},"end":{"line":307,"column":5}},"307":{"start":{"line":308,"column":0},"end":{"line":308,"column":68}},"308":{"start":{"line":309,"column":0},"end":{"line":309,"column":3}},"309":{"start":{"line":310,"column":0},"end":{"line":310,"column":60}},"310":{"start":{"line":311,"column":0},"end":{"line":311,"column":21}},"311":{"start":{"line":312,"column":0},"end":{"line":312,"column":20}},"312":{"start":{"line":313,"column":0},"end":{"line":313,"column":44}},"313":{"start":{"line":314,"column":0},"end":{"line":314,"column":6}},"314":{"start":{"line":315,"column":0},"end":{"line":315,"column":3}},"315":{"start":{"line":316,"column":0},"end":{"line":316,"column":60}},"316":{"start":{"line":317,"column":0},"end":{"line":317,"column":26}},"317":{"start":{"line":318,"column":0},"end":{"line":318,"column":20}},"318":{"start":{"line":319,"column":0},"end":{"line":319,"column":37}},"319":{"start":{"line":320,"column":0},"end":{"line":320,"column":14}},"320":{"start":{"line":321,"column":0},"end":{"line":321,"column":28}},"321":{"start":{"line":322,"column":0},"end":{"line":322,"column":23}},"322":{"start":{"line":323,"column":0},"end":{"line":323,"column":18}},"323":{"start":{"line":324,"column":0},"end":{"line":324,"column":8}},"324":{"start":{"line":325,"column":0},"end":{"line":325,"column":6}},"325":{"start":{"line":326,"column":0},"end":{"line":326,"column":3}},"326":{"start":{"line":327,"column":0},"end":{"line":327,"column":0}},"327":{"start":{"line":328,"column":0},"end":{"line":328,"column":57}},"328":{"start":{"line":329,"column":0},"end":{"line":329,"column":79}},"329":{"start":{"line":330,"column":0},"end":{"line":330,"column":3}},"330":{"start":{"line":331,"column":0},"end":{"line":331,"column":0}},"331":{"start":{"line":332,"column":0},"end":{"line":332,"column":23}},"332":{"start":{"line":333,"column":0},"end":{"line":333,"column":48}},"333":{"start":{"line":334,"column":0},"end":{"line":334,"column":21}},"334":{"start":{"line":335,"column":0},"end":{"line":335,"column":73}},"335":{"start":{"line":336,"column":0},"end":{"line":336,"column":57}},"336":{"start":{"line":337,"column":0},"end":{"line":337,"column":77}},"337":{"start":{"line":338,"column":0},"end":{"line":338,"column":3}},"338":{"start":{"line":339,"column":0},"end":{"line":339,"column":0}},"339":{"start":{"line":340,"column":0},"end":{"line":340,"column":34}},"340":{"start":{"line":341,"column":0},"end":{"line":341,"column":74}},"341":{"start":{"line":342,"column":0},"end":{"line":342,"column":75}},"342":{"start":{"line":343,"column":0},"end":{"line":343,"column":75}},"343":{"start":{"line":344,"column":0},"end":{"line":344,"column":3}},"344":{"start":{"line":345,"column":0},"end":{"line":345,"column":0}},"345":{"start":{"line":346,"column":0},"end":{"line":346,"column":67}},"346":{"start":{"line":347,"column":0},"end":{"line":347,"column":24}},"347":{"start":{"line":348,"column":0},"end":{"line":348,"column":64}},"348":{"start":{"line":349,"column":0},"end":{"line":349,"column":6}},"349":{"start":{"line":350,"column":0},"end":{"line":350,"column":3}},"350":{"start":{"line":351,"column":0},"end":{"line":351,"column":0}},"351":{"start":{"line":352,"column":0},"end":{"line":352,"column":74}},"352":{"start":{"line":353,"column":0},"end":{"line":353,"column":24}},"353":{"start":{"line":354,"column":0},"end":{"line":354,"column":63}},"354":{"start":{"line":355,"column":0},"end":{"line":355,"column":6}},"355":{"start":{"line":356,"column":0},"end":{"line":356,"column":3}},"356":{"start":{"line":357,"column":0},"end":{"line":357,"column":0}},"357":{"start":{"line":358,"column":0},"end":{"line":358,"column":27}},"358":{"start":{"line":359,"column":0},"end":{"line":359,"column":21}},"359":{"start":{"line":360,"column":0},"end":{"line":360,"column":18}},"360":{"start":{"line":361,"column":0},"end":{"line":361,"column":15}},"361":{"start":{"line":362,"column":0},"end":{"line":362,"column":6}},"362":{"start":{"line":363,"column":0},"end":{"line":363,"column":3}},"363":{"start":{"line":364,"column":0},"end":{"line":364,"column":26}},"364":{"start":{"line":365,"column":0},"end":{"line":365,"column":21}},"365":{"start":{"line":366,"column":0},"end":{"line":366,"column":15}},"366":{"start":{"line":367,"column":0},"end":{"line":367,"column":18}},"367":{"start":{"line":368,"column":0},"end":{"line":368,"column":6}},"368":{"start":{"line":369,"column":0},"end":{"line":369,"column":3}},"369":{"start":{"line":370,"column":0},"end":{"line":370,"column":57}},"370":{"start":{"line":371,"column":0},"end":{"line":371,"column":45}},"371":{"start":{"line":372,"column":0},"end":{"line":372,"column":30}},"372":{"start":{"line":373,"column":0},"end":{"line":373,"column":25}},"373":{"start":{"line":374,"column":0},"end":{"line":374,"column":36}},"374":{"start":{"line":375,"column":0},"end":{"line":375,"column":15}},"375":{"start":{"line":376,"column":0},"end":{"line":376,"column":6}},"376":{"start":{"line":377,"column":0},"end":{"line":377,"column":3}},"377":{"start":{"line":378,"column":0},"end":{"line":378,"column":1}},"378":{"start":{"line":379,"column":0},"end":{"line":379,"column":0}},"379":{"start":{"line":380,"column":0},"end":{"line":380,"column":46}},"380":{"start":{"line":381,"column":0},"end":{"line":381,"column":24}},"381":{"start":{"line":382,"column":0},"end":{"line":382,"column":15}},"382":{"start":{"line":383,"column":0},"end":{"line":383,"column":11}},"383":{"start":{"line":384,"column":0},"end":{"line":384,"column":11}},"384":{"start":{"line":385,"column":0},"end":{"line":385,"column":12}},"385":{"start":{"line":386,"column":0},"end":{"line":386,"column":6}},"386":{"start":{"line":387,"column":0},"end":{"line":387,"column":39}},"387":{"start":{"line":388,"column":0},"end":{"line":388,"column":27}},"388":{"start":{"line":389,"column":0},"end":{"line":389,"column":26}},"389":{"start":{"line":390,"column":0},"end":{"line":390,"column":6}},"390":{"start":{"line":391,"column":0},"end":{"line":391,"column":30}},"391":{"start":{"line":392,"column":0},"end":{"line":392,"column":27}},"392":{"start":{"line":393,"column":0},"end":{"line":393,"column":3}},"393":{"start":{"line":394,"column":0},"end":{"line":394,"column":1}},"394":{"start":{"line":395,"column":0},"end":{"line":395,"column":0}},"395":{"start":{"line":396,"column":0},"end":{"line":396,"column":31}},"396":{"start":{"line":397,"column":0},"end":{"line":397,"column":32}},"397":{"start":{"line":398,"column":0},"end":{"line":398,"column":31}},"398":{"start":{"line":399,"column":0},"end":{"line":399,"column":61}},"399":{"start":{"line":400,"column":0},"end":{"line":400,"column":53}},"400":{"start":{"line":401,"column":0},"end":{"line":401,"column":5}},"401":{"start":{"line":402,"column":0},"end":{"line":402,"column":1}},"402":{"start":{"line":403,"column":0},"end":{"line":403,"column":0}},"403":{"start":{"line":404,"column":0},"end":{"line":404,"column":40}},"404":{"start":{"line":405,"column":0},"end":{"line":405,"column":24}},"405":{"start":{"line":406,"column":0},"end":{"line":406,"column":36}},"406":{"start":{"line":407,"column":0},"end":{"line":407,"column":32}},"407":{"start":{"line":408,"column":0},"end":{"line":408,"column":32}},"408":{"start":{"line":409,"column":0},"end":{"line":409,"column":35}},"409":{"start":{"line":410,"column":0},"end":{"line":410,"column":19}},"410":{"start":{"line":411,"column":0},"end":{"line":411,"column":16}},"411":{"start":{"line":412,"column":0},"end":{"line":412,"column":16}},"412":{"start":{"line":413,"column":0},"end":{"line":413,"column":6}},"413":{"start":{"line":414,"column":0},"end":{"line":414,"column":27}},"414":{"start":{"line":415,"column":0},"end":{"line":415,"column":32}},"415":{"start":{"line":416,"column":0},"end":{"line":416,"column":27}},"416":{"start":{"line":417,"column":0},"end":{"line":417,"column":31}},"417":{"start":{"line":418,"column":0},"end":{"line":418,"column":33}},"418":{"start":{"line":419,"column":0},"end":{"line":419,"column":15}},"419":{"start":{"line":420,"column":0},"end":{"line":420,"column":6}},"420":{"start":{"line":421,"column":0},"end":{"line":421,"column":5}},"421":{"start":{"line":422,"column":0},"end":{"line":422,"column":1}},"422":{"start":{"line":423,"column":0},"end":{"line":423,"column":0}},"423":{"start":{"line":424,"column":0},"end":{"line":424,"column":42}},"424":{"start":{"line":425,"column":0},"end":{"line":425,"column":19}},"425":{"start":{"line":426,"column":0},"end":{"line":426,"column":38}},"426":{"start":{"line":427,"column":0},"end":{"line":427,"column":35}},"427":{"start":{"line":428,"column":0},"end":{"line":428,"column":20}},"428":{"start":{"line":429,"column":0},"end":{"line":429,"column":16}},"429":{"start":{"line":430,"column":0},"end":{"line":430,"column":16}},"430":{"start":{"line":431,"column":0},"end":{"line":431,"column":16}},"431":{"start":{"line":432,"column":0},"end":{"line":432,"column":39}},"432":{"start":{"line":433,"column":0},"end":{"line":433,"column":24}},"433":{"start":{"line":434,"column":0},"end":{"line":434,"column":19}},"434":{"start":{"line":435,"column":0},"end":{"line":435,"column":30}},"435":{"start":{"line":436,"column":0},"end":{"line":436,"column":30}},"436":{"start":{"line":437,"column":0},"end":{"line":437,"column":11}},"437":{"start":{"line":438,"column":0},"end":{"line":438,"column":16}},"438":{"start":{"line":439,"column":0},"end":{"line":439,"column":22}},"439":{"start":{"line":440,"column":0},"end":{"line":440,"column":9}},"440":{"start":{"line":441,"column":0},"end":{"line":441,"column":7}},"441":{"start":{"line":442,"column":0},"end":{"line":442,"column":39}},"442":{"start":{"line":443,"column":0},"end":{"line":443,"column":24}},"443":{"start":{"line":444,"column":0},"end":{"line":444,"column":7}},"444":{"start":{"line":445,"column":0},"end":{"line":445,"column":16}},"445":{"start":{"line":446,"column":0},"end":{"line":446,"column":6}},"446":{"start":{"line":447,"column":0},"end":{"line":447,"column":5}},"447":{"start":{"line":448,"column":0},"end":{"line":448,"column":1}},"448":{"start":{"line":449,"column":0},"end":{"line":449,"column":0}},"449":{"start":{"line":450,"column":0},"end":{"line":450,"column":28}},"450":{"start":{"line":451,"column":0},"end":{"line":451,"column":33}},"451":{"start":{"line":452,"column":0},"end":{"line":452,"column":35}},"452":{"start":{"line":453,"column":0},"end":{"line":453,"column":24}},"453":{"start":{"line":454,"column":0},"end":{"line":454,"column":42}},"454":{"start":{"line":455,"column":0},"end":{"line":455,"column":31}},"455":{"start":{"line":456,"column":0},"end":{"line":456,"column":41}},"456":{"start":{"line":457,"column":0},"end":{"line":457,"column":6}},"457":{"start":{"line":458,"column":0},"end":{"line":458,"column":5}},"458":{"start":{"line":459,"column":0},"end":{"line":459,"column":1}},"459":{"start":{"line":460,"column":0},"end":{"line":460,"column":0}},"460":{"start":{"line":461,"column":0},"end":{"line":461,"column":35}},"461":{"start":{"line":462,"column":0},"end":{"line":462,"column":35}},"462":{"start":{"line":463,"column":0},"end":{"line":463,"column":29}},"463":{"start":{"line":464,"column":0},"end":{"line":464,"column":31}},"464":{"start":{"line":465,"column":0},"end":{"line":465,"column":5}},"465":{"start":{"line":466,"column":0},"end":{"line":466,"column":1}},"466":{"start":{"line":467,"column":0},"end":{"line":467,"column":0}},"467":{"start":{"line":468,"column":0},"end":{"line":468,"column":20}},"468":{"start":{"line":469,"column":0},"end":{"line":469,"column":35}},"469":{"start":{"line":470,"column":0},"end":{"line":470,"column":27}},"470":{"start":{"line":471,"column":0},"end":{"line":471,"column":24}},"471":{"start":{"line":472,"column":0},"end":{"line":472,"column":23}},"472":{"start":{"line":473,"column":0},"end":{"line":473,"column":27}},"473":{"start":{"line":474,"column":0},"end":{"line":474,"column":16}},"474":{"start":{"line":475,"column":0},"end":{"line":475,"column":16}},"475":{"start":{"line":476,"column":0},"end":{"line":476,"column":6}},"476":{"start":{"line":477,"column":0},"end":{"line":477,"column":5}},"477":{"start":{"line":478,"column":0},"end":{"line":478,"column":1}},"478":{"start":{"line":479,"column":0},"end":{"line":479,"column":0}},"479":{"start":{"line":480,"column":0},"end":{"line":480,"column":30}},"480":{"start":{"line":481,"column":0},"end":{"line":481,"column":19}},"481":{"start":{"line":482,"column":0},"end":{"line":482,"column":56}},"482":{"start":{"line":483,"column":0},"end":{"line":483,"column":53}},"483":{"start":{"line":484,"column":0},"end":{"line":484,"column":5}},"484":{"start":{"line":485,"column":0},"end":{"line":485,"column":1}},"485":{"start":{"line":486,"column":0},"end":{"line":486,"column":0}},"486":{"start":{"line":487,"column":0},"end":{"line":487,"column":30}},"487":{"start":{"line":488,"column":0},"end":{"line":488,"column":19}},"488":{"start":{"line":489,"column":0},"end":{"line":489,"column":59}},"489":{"start":{"line":490,"column":0},"end":{"line":490,"column":52}},"490":{"start":{"line":491,"column":0},"end":{"line":491,"column":26}},"491":{"start":{"line":492,"column":0},"end":{"line":492,"column":45}},"492":{"start":{"line":493,"column":0},"end":{"line":493,"column":27}},"493":{"start":{"line":494,"column":0},"end":{"line":494,"column":7}},"494":{"start":{"line":495,"column":0},"end":{"line":495,"column":17}},"495":{"start":{"line":496,"column":0},"end":{"line":496,"column":6}},"496":{"start":{"line":497,"column":0},"end":{"line":497,"column":5}},"497":{"start":{"line":498,"column":0},"end":{"line":498,"column":1}},"498":{"start":{"line":499,"column":0},"end":{"line":499,"column":0}},"499":{"start":{"line":500,"column":0},"end":{"line":500,"column":39}},"500":{"start":{"line":501,"column":0},"end":{"line":501,"column":37}},"501":{"start":{"line":502,"column":0},"end":{"line":502,"column":39}},"502":{"start":{"line":503,"column":0},"end":{"line":503,"column":22}},"503":{"start":{"line":504,"column":0},"end":{"line":504,"column":34}},"504":{"start":{"line":505,"column":0},"end":{"line":505,"column":6}},"505":{"start":{"line":506,"column":0},"end":{"line":506,"column":5}},"506":{"start":{"line":507,"column":0},"end":{"line":507,"column":1}},"507":{"start":{"line":508,"column":0},"end":{"line":508,"column":0}},"508":{"start":{"line":509,"column":0},"end":{"line":509,"column":40}},"509":{"start":{"line":510,"column":0},"end":{"line":510,"column":37}},"510":{"start":{"line":511,"column":0},"end":{"line":511,"column":42}},"511":{"start":{"line":512,"column":0},"end":{"line":512,"column":21}},"512":{"start":{"line":513,"column":0},"end":{"line":513,"column":32}},"513":{"start":{"line":514,"column":0},"end":{"line":514,"column":6}},"514":{"start":{"line":515,"column":0},"end":{"line":515,"column":5}},"515":{"start":{"line":516,"column":0},"end":{"line":516,"column":1}},"516":{"start":{"line":517,"column":0},"end":{"line":517,"column":0}},"517":{"start":{"line":518,"column":0},"end":{"line":518,"column":33}},"518":{"start":{"line":519,"column":0},"end":{"line":519,"column":29}},"519":{"start":{"line":520,"column":0},"end":{"line":520,"column":22}},"520":{"start":{"line":521,"column":0},"end":{"line":521,"column":4}},"521":{"start":{"line":522,"column":0},"end":{"line":522,"column":1}},"522":{"start":{"line":523,"column":0},"end":{"line":523,"column":0}},"523":{"start":{"line":524,"column":0},"end":{"line":524,"column":34}},"524":{"start":{"line":525,"column":0},"end":{"line":525,"column":29}},"525":{"start":{"line":526,"column":0},"end":{"line":526,"column":22}},"526":{"start":{"line":527,"column":0},"end":{"line":527,"column":4}},"527":{"start":{"line":528,"column":0},"end":{"line":528,"column":1}},"528":{"start":{"line":529,"column":0},"end":{"line":529,"column":0}},"529":{"start":{"line":530,"column":0},"end":{"line":530,"column":48}},"530":{"start":{"line":531,"column":0},"end":{"line":531,"column":31}},"531":{"start":{"line":532,"column":0},"end":{"line":532,"column":1}},"532":{"start":{"line":533,"column":0},"end":{"line":533,"column":0}},"533":{"start":{"line":534,"column":0},"end":{"line":534,"column":28}},"534":{"start":{"line":535,"column":0},"end":{"line":535,"column":23}},"535":{"start":{"line":536,"column":0},"end":{"line":536,"column":28}},"536":{"start":{"line":537,"column":0},"end":{"line":537,"column":28}},"537":{"start":{"line":538,"column":0},"end":{"line":538,"column":39}},"538":{"start":{"line":539,"column":0},"end":{"line":539,"column":17}},"539":{"start":{"line":540,"column":0},"end":{"line":540,"column":6}},"540":{"start":{"line":541,"column":0},"end":{"line":541,"column":29}},"541":{"start":{"line":542,"column":0},"end":{"line":542,"column":5}},"542":{"start":{"line":543,"column":0},"end":{"line":543,"column":1}}},"s":{"0":1,"1":1,"2":1,"3":1,"4":1,"5":1,"6":1,"7":1,"8":1,"9":1,"10":1,"11":1,"12":1,"13":1,"14":1,"15":1,"16":1,"17":1,"18":1,"19":1,"20":1,"21":1,"22":19,"23":19,"24":19,"25":19,"26":19,"27":1,"28":1,"29":0,"30":0,"31":0,"32":0,"33":0,"34":0,"35":0,"36":0,"37":0,"38":0,"39":0,"40":0,"41":0,"42":0,"43":0,"44":0,"45":0,"46":0,"47":0,"48":0,"49":1,"50":1,"51":0,"52":0,"53":0,"54":0,"55":0,"56":0,"57":0,"58":0,"59":0,"60":0,"61":0,"62":0,"63":0,"64":0,"65":0,"66":0,"67":0,"68":0,"69":0,"70":0,"71":0,"72":0,"73":1,"74":1,"75":47,"76":47,"77":47,"78":47,"79":47,"80":47,"81":47,"82":47,"83":47,"84":47,"85":47,"86":47,"87":47,"88":47,"89":47,"90":47,"91":47,"92":47,"93":23,"94":23,"95":7,"96":7,"97":7,"98":7,"99":16,"100":23,"101":14,"102":14,"103":14,"104":2,"105":2,"106":2,"107":2,"108":2,"109":0,"110":0,"111":0,"112":0,"113":0,"114":0,"115":0,"116":23,"117":47,"118":47,"119":0,"120":0,"121":47,"122":0,"123":0,"124":47,"125":4,"126":4,"127":47,"128":2,"129":2,"130":2,"131":2,"132":2,"133":47,"134":0,"135":0,"136":0,"137":0,"138":0,"139":0,"140":47,"141":4,"142":4,"143":4,"144":4,"145":4,"146":47,"147":0,"148":0,"149":0,"150":0,"151":0,"152":0,"153":0,"154":0,"155":0,"156":0,"157":47,"158":47,"159":3,"160":3,"161":47,"162":47,"163":47,"164":47,"165":47,"166":47,"167":4,"168":4,"169":47,"170":47,"171":47,"172":47,"173":3,"174":3,"175":47,"176":47,"177":6,"178":6,"179":6,"180":6,"181":47,"182":47,"183":1,"184":1,"185":1,"186":1,"187":47,"188":47,"189":0,"190":0,"191":0,"192":0,"193":0,"194":47,"195":0,"196":0,"197":0,"198":0,"199":0,"200":47,"201":47,"202":47,"203":2,"204":2,"205":2,"206":2,"207":2,"208":47,"209":1,"210":1,"211":18,"212":18,"213":18,"214":18,"215":18,"216":18,"217":18,"218":18,"219":18,"220":18,"221":18,"222":18,"223":18,"224":18,"225":18,"226":18,"227":18,"228":18,"229":0,"230":0,"231":0,"232":0,"233":0,"234":0,"235":0,"236":0,"237":0,"238":0,"239":0,"240":0,"241":0,"242":0,"243":0,"244":0,"245":0,"246":0,"247":0,"248":0,"249":0,"250":0,"251":0,"252":0,"253":0,"254":0,"255":0,"256":0,"257":0,"258":0,"259":0,"260":0,"261":0,"262":0,"263":0,"264":0,"265":0,"266":0,"267":0,"268":0,"269":0,"270":0,"271":0,"272":0,"273":0,"274":0,"275":0,"276":0,"277":0,"278":0,"279":0,"280":0,"281":18,"282":18,"283":0,"284":0,"285":18,"286":0,"287":0,"288":18,"289":0,"290":0,"291":0,"292":0,"293":0,"294":0,"295":0,"296":18,"297":0,"298":0,"299":0,"300":0,"301":0,"302":18,"303":0,"304":0,"305":0,"306":0,"307":0,"308":0,"309":18,"310":0,"311":0,"312":0,"313":0,"314":0,"315":18,"316":0,"317":0,"318":0,"319":0,"320":0,"321":0,"322":0,"323":0,"324":0,"325":0,"326":18,"327":18,"328":0,"329":0,"330":18,"331":18,"332":18,"333":18,"334":18,"335":18,"336":0,"337":0,"338":18,"339":18,"340":18,"341":18,"342":0,"343":0,"344":18,"345":18,"346":0,"347":0,"348":0,"349":0,"350":18,"351":18,"352":0,"353":0,"354":0,"355":0,"356":18,"357":18,"358":0,"359":0,"360":0,"361":0,"362":0,"363":18,"364":0,"365":0,"366":0,"367":0,"368":0,"369":18,"370":18,"371":18,"372":0,"373":0,"374":0,"375":0,"376":0,"377":18,"378":1,"379":1,"380":14,"381":14,"382":14,"383":14,"384":14,"385":14,"386":14,"387":14,"388":14,"389":14,"390":14,"391":14,"392":14,"393":14,"394":1,"395":3,"396":3,"397":3,"398":3,"399":3,"400":3,"401":3,"402":1,"403":4,"404":4,"405":4,"406":4,"407":2,"408":2,"409":1,"410":1,"411":1,"412":2,"413":4,"414":1,"415":1,"416":1,"417":1,"418":1,"419":1,"420":4,"421":4,"422":1,"423":3,"424":3,"425":3,"426":3,"427":2,"428":2,"429":2,"430":2,"431":2,"432":8,"433":8,"434":4,"435":3,"436":3,"437":4,"438":4,"439":4,"440":8,"441":2,"442":1,"443":1,"444":2,"445":2,"446":3,"447":3,"448":1,"449":6,"450":6,"451":6,"452":6,"453":4,"454":4,"455":1,"456":4,"457":6,"458":6,"459":1,"460":1,"461":1,"462":1,"463":1,"464":1,"465":1,"466":1,"467":1,"468":1,"469":0,"470":0,"471":0,"472":0,"473":0,"474":0,"475":0,"476":0,"477":0,"478":1,"479":1,"480":0,"481":0,"482":0,"483":0,"484":0,"485":1,"486":1,"487":0,"488":0,"489":0,"490":0,"491":0,"492":0,"493":0,"494":0,"495":0,"496":0,"497":0,"498":1,"499":1,"500":0,"501":0,"502":0,"503":0,"504":0,"505":0,"506":0,"507":1,"508":1,"509":0,"510":0,"511":0,"512":0,"513":0,"514":0,"515":0,"516":1,"517":1,"518":0,"519":0,"520":0,"521":0,"522":1,"523":1,"524":0,"525":0,"526":0,"527":0,"528":1,"529":1,"530":0,"531":0,"532":1,"533":1,"534":0,"535":0,"536":0,"537":0,"538":0,"539":0,"540":0,"541":0,"542":0},"branchMap":{"0":{"type":"branch","line":22,"loc":{"start":{"line":22,"column":7},"end":{"line":27,"column":1}},"locations":[{"start":{"line":22,"column":7},"end":{"line":27,"column":1}}]},"1":{"type":"branch","line":24,"loc":{"start":{"line":24,"column":12},"end":{"line":24,"column":21}},"locations":[{"start":{"line":24,"column":12},"end":{"line":24,"column":21}}]},"2":{"type":"branch","line":25,"loc":{"start":{"line":25,"column":12},"end":{"line":25,"column":21}},"locations":[{"start":{"line":25,"column":12},"end":{"line":25,"column":21}}]},"3":{"type":"branch","line":29,"loc":{"start":{"line":29,"column":22},"end":{"line":49,"column":1}},"locations":[{"start":{"line":29,"column":22},"end":{"line":49,"column":1}}]},"4":{"type":"branch","line":51,"loc":{"start":{"line":51,"column":19},"end":{"line":73,"column":1}},"locations":[{"start":{"line":51,"column":19},"end":{"line":73,"column":1}}]},"5":{"type":"branch","line":75,"loc":{"start":{"line":75,"column":17},"end":{"line":209,"column":1}},"locations":[{"start":{"line":75,"column":17},"end":{"line":209,"column":1}}]},"6":{"type":"branch","line":78,"loc":{"start":{"line":78,"column":2},"end":{"line":87,"column":3}},"locations":[{"start":{"line":78,"column":2},"end":{"line":87,"column":3}}]},"7":{"type":"branch","line":93,"loc":{"start":{"line":93,"column":2},"end":{"line":117,"column":3}},"locations":[{"start":{"line":93,"column":2},"end":{"line":117,"column":3}}]},"8":{"type":"branch","line":95,"loc":{"start":{"line":95,"column":6},"end":{"line":99,"column":9}},"locations":[{"start":{"line":95,"column":6},"end":{"line":99,"column":9}}]},"9":{"type":"branch","line":99,"loc":{"start":{"line":99,"column":7},"end":{"line":101,"column":13}},"locations":[{"start":{"line":99,"column":7},"end":{"line":101,"column":13}}]},"10":{"type":"branch","line":101,"loc":{"start":{"line":101,"column":6},"end":{"line":104,"column":9}},"locations":[{"start":{"line":101,"column":6},"end":{"line":104,"column":9}}]},"11":{"type":"branch","line":104,"loc":{"start":{"line":104,"column":7},"end":{"line":109,"column":9}},"locations":[{"start":{"line":104,"column":7},"end":{"line":109,"column":9}}]},"12":{"type":"branch","line":109,"loc":{"start":{"line":109,"column":7},"end":{"line":116,"column":7}},"locations":[{"start":{"line":109,"column":7},"end":{"line":116,"column":7}}]},"13":{"type":"branch","line":96,"loc":{"start":{"line":96,"column":16},"end":{"line":96,"column":55}},"locations":[{"start":{"line":96,"column":16},"end":{"line":96,"column":55}}]},"14":{"type":"branch","line":97,"loc":{"start":{"line":97,"column":16},"end":{"line":97,"column":74}},"locations":[{"start":{"line":97,"column":16},"end":{"line":97,"column":74}}]},"15":{"type":"branch","line":98,"loc":{"start":{"line":98,"column":17},"end":{"line":98,"column":73}},"locations":[{"start":{"line":98,"column":17},"end":{"line":98,"column":73}}]},"16":{"type":"branch","line":102,"loc":{"start":{"line":102,"column":16},"end":{"line":102,"column":55}},"locations":[{"start":{"line":102,"column":16},"end":{"line":102,"column":55}}]},"17":{"type":"branch","line":103,"loc":{"start":{"line":103,"column":16},"end":{"line":103,"column":74}},"locations":[{"start":{"line":103,"column":16},"end":{"line":103,"column":74}}]},"18":{"type":"branch","line":107,"loc":{"start":{"line":107,"column":16},"end":{"line":107,"column":55}},"locations":[{"start":{"line":107,"column":16},"end":{"line":107,"column":55}}]},"19":{"type":"branch","line":125,"loc":{"start":{"line":125,"column":2},"end":{"line":127,"column":3}},"locations":[{"start":{"line":125,"column":2},"end":{"line":127,"column":3}}]},"20":{"type":"branch","line":128,"loc":{"start":{"line":128,"column":2},"end":{"line":133,"column":3}},"locations":[{"start":{"line":128,"column":2},"end":{"line":133,"column":3}}]},"21":{"type":"branch","line":141,"loc":{"start":{"line":141,"column":2},"end":{"line":146,"column":3}},"locations":[{"start":{"line":141,"column":2},"end":{"line":146,"column":3}}]},"22":{"type":"branch","line":143,"loc":{"start":{"line":143,"column":6},"end":{"line":143,"column":20}},"locations":[{"start":{"line":143,"column":6},"end":{"line":143,"column":20}}]},"23":{"type":"branch","line":144,"loc":{"start":{"line":144,"column":6},"end":{"line":144,"column":44}},"locations":[{"start":{"line":144,"column":6},"end":{"line":144,"column":44}}]},"24":{"type":"branch","line":159,"loc":{"start":{"line":159,"column":2},"end":{"line":161,"column":3}},"locations":[{"start":{"line":159,"column":2},"end":{"line":161,"column":3}}]},"25":{"type":"branch","line":167,"loc":{"start":{"line":167,"column":2},"end":{"line":169,"column":3}},"locations":[{"start":{"line":167,"column":2},"end":{"line":169,"column":3}}]},"26":{"type":"branch","line":173,"loc":{"start":{"line":173,"column":2},"end":{"line":175,"column":3}},"locations":[{"start":{"line":173,"column":2},"end":{"line":175,"column":3}}]},"27":{"type":"branch","line":177,"loc":{"start":{"line":177,"column":2},"end":{"line":181,"column":3}},"locations":[{"start":{"line":177,"column":2},"end":{"line":181,"column":3}}]},"28":{"type":"branch","line":183,"loc":{"start":{"line":183,"column":2},"end":{"line":187,"column":3}},"locations":[{"start":{"line":183,"column":2},"end":{"line":187,"column":3}}]},"29":{"type":"branch","line":203,"loc":{"start":{"line":203,"column":2},"end":{"line":208,"column":3}},"locations":[{"start":{"line":203,"column":2},"end":{"line":208,"column":3}}]},"30":{"type":"branch","line":205,"loc":{"start":{"line":205,"column":6},"end":{"line":205,"column":36}},"locations":[{"start":{"line":205,"column":6},"end":{"line":205,"column":36}}]},"31":{"type":"branch","line":205,"loc":{"start":{"line":205,"column":17},"end":{"line":205,"column":25}},"locations":[{"start":{"line":205,"column":17},"end":{"line":205,"column":25}}]},"32":{"type":"branch","line":205,"loc":{"start":{"line":205,"column":21},"end":{"line":205,"column":36}},"locations":[{"start":{"line":205,"column":21},"end":{"line":205,"column":36}}]},"33":{"type":"branch","line":211,"loc":{"start":{"line":211,"column":21},"end":{"line":378,"column":1}},"locations":[{"start":{"line":211,"column":21},"end":{"line":378,"column":1}}]},"34":{"type":"branch","line":214,"loc":{"start":{"line":214,"column":2},"end":{"line":223,"column":3}},"locations":[{"start":{"line":214,"column":2},"end":{"line":223,"column":3}}]},"35":{"type":"branch","line":380,"loc":{"start":{"line":380,"column":45},"end":{"line":394,"column":1}},"locations":[{"start":{"line":380,"column":45},"end":{"line":394,"column":1}}]},"36":{"type":"branch","line":382,"loc":{"start":{"line":382,"column":2},"end":{"line":393,"column":3}},"locations":[{"start":{"line":382,"column":2},"end":{"line":393,"column":3}}]},"37":{"type":"branch","line":396,"loc":{"start":{"line":396,"column":0},"end":{"line":402,"column":1}},"locations":[{"start":{"line":396,"column":0},"end":{"line":402,"column":1}}]},"38":{"type":"branch","line":398,"loc":{"start":{"line":398,"column":12},"end":{"line":398,"column":31}},"locations":[{"start":{"line":398,"column":12},"end":{"line":398,"column":31}}]},"39":{"type":"branch","line":399,"loc":{"start":{"line":399,"column":12},"end":{"line":399,"column":61}},"locations":[{"start":{"line":399,"column":12},"end":{"line":399,"column":61}}]},"40":{"type":"branch","line":399,"loc":{"start":{"line":399,"column":28},"end":{"line":399,"column":59}},"locations":[{"start":{"line":399,"column":28},"end":{"line":399,"column":59}}]},"41":{"type":"branch","line":399,"loc":{"start":{"line":399,"column":45},"end":{"line":399,"column":57}},"locations":[{"start":{"line":399,"column":45},"end":{"line":399,"column":57}}]},"42":{"type":"branch","line":399,"loc":{"start":{"line":399,"column":53},"end":{"line":399,"column":59}},"locations":[{"start":{"line":399,"column":53},"end":{"line":399,"column":59}}]},"43":{"type":"branch","line":400,"loc":{"start":{"line":400,"column":13},"end":{"line":400,"column":53}},"locations":[{"start":{"line":400,"column":13},"end":{"line":400,"column":53}}]},"44":{"type":"branch","line":400,"loc":{"start":{"line":400,"column":29},"end":{"line":400,"column":51}},"locations":[{"start":{"line":400,"column":29},"end":{"line":400,"column":51}}]},"45":{"type":"branch","line":404,"loc":{"start":{"line":404,"column":0},"end":{"line":422,"column":1}},"locations":[{"start":{"line":404,"column":0},"end":{"line":422,"column":1}}]},"46":{"type":"branch","line":406,"loc":{"start":{"line":406,"column":12},"end":{"line":406,"column":36}},"locations":[{"start":{"line":406,"column":12},"end":{"line":406,"column":36}}]},"47":{"type":"branch","line":407,"loc":{"start":{"line":407,"column":12},"end":{"line":413,"column":6}},"locations":[{"start":{"line":407,"column":12},"end":{"line":413,"column":6}}]},"48":{"type":"branch","line":409,"loc":{"start":{"line":409,"column":17},"end":{"line":412,"column":16}},"locations":[{"start":{"line":409,"column":17},"end":{"line":412,"column":16}}]},"49":{"type":"branch","line":414,"loc":{"start":{"line":414,"column":13},"end":{"line":420,"column":6}},"locations":[{"start":{"line":414,"column":13},"end":{"line":420,"column":6}}]},"50":{"type":"branch","line":416,"loc":{"start":{"line":416,"column":17},"end":{"line":416,"column":27}},"locations":[{"start":{"line":416,"column":17},"end":{"line":416,"column":27}}]},"51":{"type":"branch","line":424,"loc":{"start":{"line":424,"column":0},"end":{"line":448,"column":1}},"locations":[{"start":{"line":424,"column":0},"end":{"line":448,"column":1}}]},"52":{"type":"branch","line":426,"loc":{"start":{"line":426,"column":12},"end":{"line":426,"column":38}},"locations":[{"start":{"line":426,"column":12},"end":{"line":426,"column":38}}]},"53":{"type":"branch","line":427,"loc":{"start":{"line":427,"column":12},"end":{"line":446,"column":6}},"locations":[{"start":{"line":427,"column":12},"end":{"line":446,"column":6}}]},"54":{"type":"branch","line":432,"loc":{"start":{"line":432,"column":38},"end":{"line":441,"column":7}},"locations":[{"start":{"line":432,"column":38},"end":{"line":441,"column":7}}]},"55":{"type":"branch","line":434,"loc":{"start":{"line":434,"column":18},"end":{"line":440,"column":9}},"locations":[{"start":{"line":434,"column":18},"end":{"line":440,"column":9}}]},"56":{"type":"branch","line":435,"loc":{"start":{"line":435,"column":29},"end":{"line":437,"column":11}},"locations":[{"start":{"line":435,"column":29},"end":{"line":437,"column":11}}]},"57":{"type":"branch","line":442,"loc":{"start":{"line":442,"column":38},"end":{"line":444,"column":7}},"locations":[{"start":{"line":442,"column":38},"end":{"line":444,"column":7}}]},"58":{"type":"branch","line":450,"loc":{"start":{"line":450,"column":0},"end":{"line":459,"column":1}},"locations":[{"start":{"line":450,"column":0},"end":{"line":459,"column":1}}]},"59":{"type":"branch","line":452,"loc":{"start":{"line":452,"column":12},"end":{"line":452,"column":35}},"locations":[{"start":{"line":452,"column":12},"end":{"line":452,"column":35}}]},"60":{"type":"branch","line":453,"loc":{"start":{"line":453,"column":12},"end":{"line":457,"column":6}},"locations":[{"start":{"line":453,"column":12},"end":{"line":457,"column":6}}]},"61":{"type":"branch","line":454,"loc":{"start":{"line":454,"column":32},"end":{"line":455,"column":20}},"locations":[{"start":{"line":454,"column":32},"end":{"line":455,"column":20}}]},"62":{"type":"branch","line":455,"loc":{"start":{"line":455,"column":13},"end":{"line":456,"column":41}},"locations":[{"start":{"line":455,"column":13},"end":{"line":456,"column":41}}]},"63":{"type":"branch","line":456,"loc":{"start":{"line":456,"column":23},"end":{"line":456,"column":39}},"locations":[{"start":{"line":456,"column":23},"end":{"line":456,"column":39}}]},"64":{"type":"branch","line":461,"loc":{"start":{"line":461,"column":0},"end":{"line":466,"column":1}},"locations":[{"start":{"line":461,"column":0},"end":{"line":466,"column":1}}]},"65":{"type":"branch","line":463,"loc":{"start":{"line":463,"column":12},"end":{"line":463,"column":29}},"locations":[{"start":{"line":463,"column":12},"end":{"line":463,"column":29}}]},"66":{"type":"branch","line":464,"loc":{"start":{"line":464,"column":12},"end":{"line":464,"column":31}},"locations":[{"start":{"line":464,"column":12},"end":{"line":464,"column":31}}]}},"b":{"0":[19],"1":[23],"2":[13],"3":[0],"4":[0],"5":[47],"6":[47],"7":[23],"8":[7],"9":[16],"10":[14],"11":[2],"12":[0],"13":[2],"14":[3],"15":[2],"16":[7],"17":[8],"18":[2],"19":[4],"20":[2],"21":[4],"22":[3],"23":[1],"24":[3],"25":[4],"26":[3],"27":[6],"28":[1],"29":[2],"30":[2],"31":[1],"32":[1],"33":[18],"34":[18],"35":[14],"36":[14],"37":[3],"38":[1],"39":[1],"40":[4],"41":[1],"42":[3],"43":[1],"44":[4],"45":[4],"46":[1],"47":[2],"48":[1],"49":[1],"50":[0],"51":[3],"52":[1],"53":[2],"54":[8],"55":[4],"56":[3],"57":[1],"58":[6],"59":[2],"60":[4],"61":[2],"62":[1],"63":[3],"64":[1],"65":[1],"66":[1]},"fnMap":{"0":{"name":"eq","decl":{"start":{"line":22,"column":7},"end":{"line":27,"column":1}},"loc":{"start":{"line":22,"column":7},"end":{"line":27,"column":1}},"line":22},"1":{"name":"getter","decl":{"start":{"line":24,"column":12},"end":{"line":24,"column":21}},"loc":{"start":{"line":24,"column":12},"end":{"line":24,"column":21}},"line":24},"2":{"name":"setter","decl":{"start":{"line":25,"column":12},"end":{"line":25,"column":21}},"loc":{"start":{"line":25,"column":12},"end":{"line":25,"column":21}},"line":25},"3":{"name":"<instance_members_initializer>","decl":{"start":{"line":29,"column":22},"end":{"line":49,"column":1}},"loc":{"start":{"line":29,"column":22},"end":{"line":49,"column":1}},"line":29},"4":{"name":"<instance_members_initializer>","decl":{"start":{"line":51,"column":19},"end":{"line":73,"column":1}},"loc":{"start":{"line":51,"column":19},"end":{"line":73,"column":1}},"line":51},"5":{"name":"<instance_members_initializer>","decl":{"start":{"line":75,"column":17},"end":{"line":209,"column":1}},"loc":{"start":{"line":75,"column":17},"end":{"line":209,"column":1}},"line":75},"6":{"name":"Lens","decl":{"start":{"line":78,"column":2},"end":{"line":87,"column":3}},"loc":{"start":{"line":78,"column":2},"end":{"line":87,"column":3}},"line":78},"7":{"name":"compose","decl":{"start":{"line":93,"column":2},"end":{"line":117,"column":3}},"loc":{"start":{"line":93,"column":2},"end":{"line":117,"column":3}},"line":93},"8":{"name":"getter","decl":{"start":{"line":96,"column":16},"end":{"line":96,"column":55}},"loc":{"start":{"line":96,"column":16},"end":{"line":96,"column":55}},"line":96},"9":{"name":"setter","decl":{"start":{"line":97,"column":16},"end":{"line":97,"column":74}},"loc":{"start":{"line":97,"column":16},"end":{"line":97,"column":74}},"line":97},"10":{"name":"remover","decl":{"start":{"line":98,"column":17},"end":{"line":98,"column":73}},"loc":{"start":{"line":98,"column":17},"end":{"line":98,"column":73}},"line":98},"11":{"name":"getter","decl":{"start":{"line":102,"column":16},"end":{"line":102,"column":55}},"loc":{"start":{"line":102,"column":16},"end":{"line":102,"column":55}},"line":102},"12":{"name":"setter","decl":{"start":{"line":103,"column":16},"end":{"line":103,"column":74}},"loc":{"start":{"line":103,"column":16},"end":{"line":103,"column":74}},"line":103},"13":{"name":"getter","decl":{"start":{"line":107,"column":16},"end":{"line":107,"column":55}},"loc":{"start":{"line":107,"column":16},"end":{"line":107,"column":55}},"line":107},"14":{"name":"setter","decl":{"start":{"line":108,"column":16},"end":{"line":108,"column":74}},"loc":{"start":{"line":108,"column":16},"end":{"line":108,"column":74}},"line":108},"15":{"name":"getter","decl":{"start":{"line":112,"column":16},"end":{"line":112,"column":55}},"loc":{"start":{"line":112,"column":16},"end":{"line":112,"column":55}},"line":112},"16":{"name":"getter","decl":{"start":{"line":115,"column":14},"end":{"line":115,"column":53}},"loc":{"start":{"line":115,"column":14},"end":{"line":115,"column":53}},"line":115},"17":{"name":"to","decl":{"start":{"line":119,"column":2},"end":{"line":121,"column":3}},"loc":{"start":{"line":119,"column":2},"end":{"line":121,"column":3}},"line":119},"18":{"name":"toOpt","decl":{"start":{"line":122,"column":2},"end":{"line":124,"column":3}},"loc":{"start":{"line":122,"column":2},"end":{"line":124,"column":3}},"line":122},"19":{"name":"lens","decl":{"start":{"line":125,"column":2},"end":{"line":127,"column":3}},"loc":{"start":{"line":125,"column":2},"end":{"line":127,"column":3}},"line":125},"20":{"name":"optional","decl":{"start":{"line":128,"column":2},"end":{"line":133,"column":3}},"loc":{"start":{"line":128,"column":2},"end":{"line":133,"column":3}},"line":128},"21":{"name":"removable","decl":{"start":{"line":134,"column":2},"end":{"line":140,"column":3}},"loc":{"start":{"line":134,"column":2},"end":{"line":140,"column":3}},"line":134},"22":{"name":"prop","decl":{"start":{"line":141,"column":2},"end":{"line":146,"column":3}},"loc":{"start":{"line":141,"column":2},"end":{"line":146,"column":3}},"line":141},"23":{"name":"lens","decl":{"start":{"line":143,"column":6},"end":{"line":143,"column":20}},"loc":{"start":{"line":143,"column":6},"end":{"line":143,"column":20}},"line":143},"24":{"name":"propOpt","decl":{"start":{"line":147,"column":2},"end":{"line":157,"column":3}},"loc":{"start":{"line":147,"column":2},"end":{"line":157,"column":3}},"line":147},"25":{"name":"at","decl":{"start":{"line":159,"column":2},"end":{"line":161,"column":3}},"loc":{"start":{"line":159,"column":2},"end":{"line":161,"column":3}},"line":159},"26":{"name":"find","decl":{"start":{"line":167,"column":2},"end":{"line":169,"column":3}},"loc":{"start":{"line":167,"column":2},"end":{"line":169,"column":3}},"line":167},"27":{"name":"filter","decl":{"start":{"line":173,"column":2},"end":{"line":175,"column":3}},"loc":{"start":{"line":173,"column":2},"end":{"line":175,"column":3}},"line":173},"28":{"name":"includes","decl":{"start":{"line":177,"column":2},"end":{"line":181,"column":3}},"loc":{"start":{"line":177,"column":2},"end":{"line":181,"column":3}},"line":177},"29":{"name":"linear","decl":{"start":{"line":183,"column":2},"end":{"line":187,"column":3}},"loc":{"start":{"line":183,"column":2},"end":{"line":187,"column":3}},"line":183},"30":{"name":"rewrite","decl":{"start":{"line":189,"column":2},"end":{"line":194,"column":3}},"loc":{"start":{"line":189,"column":2},"end":{"line":194,"column":3}},"line":189},"31":{"name":"reread","decl":{"start":{"line":195,"column":2},"end":{"line":200,"column":3}},"loc":{"start":{"line":195,"column":2},"end":{"line":200,"column":3}},"line":195},"32":{"name":"when","decl":{"start":{"line":203,"column":2},"end":{"line":208,"column":3}},"loc":{"start":{"line":203,"column":2},"end":{"line":208,"column":3}},"line":203},"33":{"name":"<instance_members_initializer>","decl":{"start":{"line":211,"column":21},"end":{"line":378,"column":1}},"loc":{"start":{"line":211,"column":21},"end":{"line":378,"column":1}},"line":211},"34":{"name":"Optional","decl":{"start":{"line":214,"column":2},"end":{"line":223,"column":3}},"loc":{"start":{"line":214,"column":2},"end":{"line":223,"column":3}},"line":214},"35":{"name":"compose","decl":{"start":{"line":229,"column":2},"end":{"line":281,"column":3}},"loc":{"start":{"line":229,"column":2},"end":{"line":281,"column":3}},"line":229},"36":{"name":"to","decl":{"start":{"line":283,"column":2},"end":{"line":285,"column":3}},"loc":{"start":{"line":283,"column":2},"end":{"line":285,"column":3}},"line":283},"37":{"name":"toOpt","decl":{"start":{"line":286,"column":2},"end":{"line":288,"column":3}},"loc":{"start":{"line":286,"column":2},"end":{"line":288,"column":3}},"line":286},"38":{"name":"lens","decl":{"start":{"line":289,"column":2},"end":{"line":296,"column":3}},"loc":{"start":{"line":289,"column":2},"end":{"line":296,"column":3}},"line":289},"39":{"name":"optional","decl":{"start":{"line":297,"column":2},"end":{"line":302,"column":3}},"loc":{"start":{"line":297,"column":2},"end":{"line":302,"column":3}},"line":297},"40":{"name":"removable","decl":{"start":{"line":303,"column":2},"end":{"line":309,"column":3}},"loc":{"start":{"line":303,"column":2},"end":{"line":309,"column":3}},"line":303},"41":{"name":"prop","decl":{"start":{"line":310,"column":2},"end":{"line":315,"column":3}},"loc":{"start":{"line":310,"column":2},"end":{"line":315,"column":3}},"line":310},"42":{"name":"propOpt","decl":{"start":{"line":316,"column":2},"end":{"line":326,"column":3}},"loc":{"start":{"line":316,"column":2},"end":{"line":326,"column":3}},"line":316},"43":{"name":"at","decl":{"start":{"line":328,"column":2},"end":{"line":330,"column":3}},"loc":{"start":{"line":328,"column":2},"end":{"line":330,"column":3}},"line":328},"44":{"name":"find","decl":{"start":{"line":336,"column":2},"end":{"line":338,"column":3}},"loc":{"start":{"line":336,"column":2},"end":{"line":338,"column":3}},"line":336},"45":{"name":"filter","decl":{"start":{"line":342,"column":2},"end":{"line":344,"column":3}},"loc":{"start":{"line":342,"column":2},"end":{"line":344,"column":3}},"line":342},"46":{"name":"includes","decl":{"start":{"line":346,"column":2},"end":{"line":350,"column":3}},"loc":{"start":{"line":346,"column":2},"end":{"line":350,"column":3}},"line":346},"47":{"name":"linear","decl":{"start":{"line":352,"column":2},"end":{"line":356,"column":3}},"loc":{"start":{"line":352,"column":2},"end":{"line":356,"column":3}},"line":352},"48":{"name":"rewrite","decl":{"start":{"line":358,"column":2},"end":{"line":363,"column":3}},"loc":{"start":{"line":358,"column":2},"end":{"line":363,"column":3}},"line":358},"49":{"name":"reread","decl":{"start":{"line":364,"column":2},"end":{"line":369,"column":3}},"loc":{"start":{"line":364,"column":2},"end":{"line":369,"column":3}},"line":364},"50":{"name":"when","decl":{"start":{"line":372,"column":2},"end":{"line":377,"column":3}},"loc":{"start":{"line":372,"column":2},"end":{"line":377,"column":3}},"line":372},"51":{"name":"<instance_members_initializer>","decl":{"start":{"line":380,"column":45},"end":{"line":394,"column":1}},"loc":{"start":{"line":380,"column":45},"end":{"line":394,"column":1}},"line":380},"52":{"name":"Removable","decl":{"start":{"line":382,"column":2},"end":{"line":393,"column":3}},"loc":{"start":{"line":382,"column":2},"end":{"line":393,"column":3}},"line":382},"53":{"name":"at","decl":{"start":{"line":396,"column":0},"end":{"line":402,"column":1}},"loc":{"start":{"line":396,"column":0},"end":{"line":402,"column":1}},"line":396},"54":{"name":"getter","decl":{"start":{"line":398,"column":12},"end":{"line":398,"column":31}},"loc":{"start":{"line":398,"column":12},"end":{"line":398,"column":31}},"line":398},"55":{"name":"setter","decl":{"start":{"line":399,"column":12},"end":{"line":399,"column":61}},"loc":{"start":{"line":399,"column":12},"end":{"line":399,"column":61}},"line":399},"56":{"name":"remover","decl":{"start":{"line":400,"column":13},"end":{"line":400,"column":53}},"loc":{"start":{"line":400,"column":13},"end":{"line":400,"column":53}},"line":400},"57":{"name":"find","decl":{"start":{"line":404,"column":0},"end":{"line":422,"column":1}},"loc":{"start":{"line":404,"column":0},"end":{"line":422,"column":1}},"line":404},"58":{"name":"getter","decl":{"start":{"line":406,"column":12},"end":{"line":406,"column":36}},"loc":{"start":{"line":406,"column":12},"end":{"line":406,"column":36}},"line":406},"59":{"name":"setter","decl":{"start":{"line":407,"column":12},"end":{"line":413,"column":6}},"loc":{"start":{"line":407,"column":12},"end":{"line":413,"column":6}},"line":407},"60":{"name":"remover","decl":{"start":{"line":414,"column":13},"end":{"line":420,"column":6}},"loc":{"start":{"line":414,"column":13},"end":{"line":420,"column":6}},"line":414},"61":{"name":"filter","decl":{"start":{"line":424,"column":0},"end":{"line":448,"column":1}},"loc":{"start":{"line":424,"column":0},"end":{"line":448,"column":1}},"line":424},"62":{"name":"getter","decl":{"start":{"line":426,"column":12},"end":{"line":426,"column":38}},"loc":{"start":{"line":426,"column":12},"end":{"line":426,"column":38}},"line":426},"63":{"name":"setter","decl":{"start":{"line":427,"column":12},"end":{"line":446,"column":6}},"loc":{"start":{"line":427,"column":12},"end":{"line":446,"column":6}},"line":427},"64":{"name":"includes","decl":{"start":{"line":450,"column":0},"end":{"line":459,"column":1}},"loc":{"start":{"line":450,"column":0},"end":{"line":459,"column":1}},"line":450},"65":{"name":"getter","decl":{"start":{"line":452,"column":12},"end":{"line":452,"column":35}},"loc":{"start":{"line":452,"column":12},"end":{"line":452,"column":35}},"line":452},"66":{"name":"setter","decl":{"start":{"line":453,"column":12},"end":{"line":457,"column":6}},"loc":{"start":{"line":453,"column":12},"end":{"line":457,"column":6}},"line":453},"67":{"name":"linear","decl":{"start":{"line":461,"column":0},"end":{"line":466,"column":1}},"loc":{"start":{"line":461,"column":0},"end":{"line":466,"column":1}},"line":461},"68":{"name":"getter","decl":{"start":{"line":463,"column":12},"end":{"line":463,"column":29}},"loc":{"start":{"line":463,"column":12},"end":{"line":463,"column":29}},"line":463},"69":{"name":"setter","decl":{"start":{"line":464,"column":12},"end":{"line":464,"column":31}},"loc":{"start":{"line":464,"column":12},"end":{"line":464,"column":31}},"line":464},"70":{"name":"nth","decl":{"start":{"line":469,"column":7},"end":{"line":478,"column":1}},"loc":{"start":{"line":469,"column":7},"end":{"line":478,"column":1}},"line":469},"71":{"name":"entries","decl":{"start":{"line":480,"column":7},"end":{"line":485,"column":1}},"loc":{"start":{"line":480,"column":7},"end":{"line":485,"column":1}},"line":480},"72":{"name":"indexed","decl":{"start":{"line":487,"column":7},"end":{"line":498,"column":1}},"loc":{"start":{"line":487,"column":7},"end":{"line":498,"column":1}},"line":487},"73":{"name":"join","decl":{"start":{"line":500,"column":7},"end":{"line":507,"column":1}},"loc":{"start":{"line":500,"column":7},"end":{"line":507,"column":1}},"line":500},"74":{"name":"split","decl":{"start":{"line":509,"column":7},"end":{"line":516,"column":1}},"loc":{"start":{"line":509,"column":7},"end":{"line":516,"column":1}},"line":509},"75":{"name":"append","decl":{"start":{"line":518,"column":7},"end":{"line":522,"column":1}},"loc":{"start":{"line":518,"column":7},"end":{"line":522,"column":1}},"line":518},"76":{"name":"prepend","decl":{"start":{"line":524,"column":7},"end":{"line":528,"column":1}},"loc":{"start":{"line":524,"column":7},"end":{"line":528,"column":1}},"line":524},"77":{"name":"isNum","decl":{"start":{"line":530,"column":7},"end":{"line":532,"column":1}},"loc":{"start":{"line":530,"column":7},"end":{"line":532,"column":1}},"line":530},"78":{"name":"strToNum","decl":{"start":{"line":534,"column":7},"end":{"line":543,"column":1}},"loc":{"start":{"line":534,"column":7},"end":{"line":543,"column":1}},"line":534}},"f":{"0":19,"1":23,"2":13,"3":0,"4":0,"5":47,"6":47,"7":23,"8":2,"9":3,"10":2,"11":7,"12":8,"13":2,"14":0,"15":0,"16":0,"17":0,"18":0,"19":4,"20":2,"21":0,"22":4,"23":3,"24":0,"25":3,"26":4,"27":3,"28":6,"29":1,"30":0,"31":0,"32":2,"33":18,"34":18,"35":0,"36":0,"37":0,"38":0,"39":0,"40":0,"41":0,"42":0,"43":0,"44":0,"45":0,"46":0,"47":0,"48":0,"49":0,"50":0,"51":14,"52":14,"53":3,"54":1,"55":1,"56":1,"57":4,"58":1,"59":2,"60":1,"61":3,"62":1,"63":2,"64":6,"65":2,"66":4,"67":1,"68":1,"69":1,"70":0,"71":0,"72":0,"73":0,"74":0,"75":0,"76":0,"77":0,"78":0}}
,"/home/prncss/Projects/github.com/prncss-xyz/beam/packages/beam/src/lib/transducers/core.ts": {"path":"/home/prncss/Projects/github.com/prncss-xyz/beam/packages/beam/src/lib/transducers/core.ts","all":false,"statementMap":{"0":{"start":{"line":1,"column":0},"end":{"line":1,"column":54}},"1":{"start":{"line":2,"column":0},"end":{"line":2,"column":0}},"2":{"start":{"line":3,"column":0},"end":{"line":3,"column":46}},"3":{"start":{"line":4,"column":0},"end":{"line":4,"column":10}},"4":{"start":{"line":5,"column":0},"end":{"line":5,"column":19}},"5":{"start":{"line":6,"column":0},"end":{"line":6,"column":29}},"6":{"start":{"line":7,"column":0},"end":{"line":7,"column":18}},"7":{"start":{"line":8,"column":0},"end":{"line":8,"column":17}},"8":{"start":{"line":9,"column":0},"end":{"line":9,"column":6}},"9":{"start":{"line":10,"column":0},"end":{"line":10,"column":4}},"10":{"start":{"line":11,"column":0},"end":{"line":11,"column":1}},"11":{"start":{"line":12,"column":0},"end":{"line":12,"column":0}},"12":{"start":{"line":13,"column":0},"end":{"line":13,"column":31}},"13":{"start":{"line":14,"column":0},"end":{"line":14,"column":16}},"14":{"start":{"line":15,"column":0},"end":{"line":15,"column":26}},"15":{"start":{"line":16,"column":0},"end":{"line":16,"column":1}},"16":{"start":{"line":17,"column":0},"end":{"line":17,"column":0}},"17":{"start":{"line":18,"column":0},"end":{"line":18,"column":39}},"18":{"start":{"line":19,"column":0},"end":{"line":19,"column":30}},"19":{"start":{"line":20,"column":0},"end":{"line":20,"column":61}},"20":{"start":{"line":21,"column":0},"end":{"line":21,"column":1}},"21":{"start":{"line":22,"column":0},"end":{"line":22,"column":0}},"22":{"start":{"line":23,"column":0},"end":{"line":23,"column":28}},"23":{"start":{"line":24,"column":0},"end":{"line":24,"column":26}},"24":{"start":{"line":25,"column":0},"end":{"line":25,"column":19}},"25":{"start":{"line":26,"column":0},"end":{"line":26,"column":20}},"26":{"start":{"line":27,"column":0},"end":{"line":27,"column":21}},"27":{"start":{"line":28,"column":0},"end":{"line":28,"column":17}},"28":{"start":{"line":29,"column":0},"end":{"line":29,"column":12}},"29":{"start":{"line":30,"column":0},"end":{"line":30,"column":31}},"30":{"start":{"line":31,"column":0},"end":{"line":31,"column":31}},"31":{"start":{"line":32,"column":0},"end":{"line":32,"column":23}},"32":{"start":{"line":33,"column":0},"end":{"line":33,"column":17}},"33":{"start":{"line":34,"column":0},"end":{"line":34,"column":12}},"34":{"start":{"line":35,"column":0},"end":{"line":35,"column":31}},"35":{"start":{"line":36,"column":0},"end":{"line":36,"column":49}},"36":{"start":{"line":37,"column":0},"end":{"line":37,"column":1}},"37":{"start":{"line":38,"column":0},"end":{"line":38,"column":0}},"38":{"start":{"line":39,"column":0},"end":{"line":39,"column":32}},"39":{"start":{"line":40,"column":0},"end":{"line":40,"column":0}},"40":{"start":{"line":41,"column":0},"end":{"line":41,"column":23}},"41":{"start":{"line":42,"column":0},"end":{"line":42,"column":18}},"42":{"start":{"line":43,"column":0},"end":{"line":43,"column":1}},"43":{"start":{"line":44,"column":0},"end":{"line":44,"column":0}},"44":{"start":{"line":45,"column":0},"end":{"line":45,"column":38}},"45":{"start":{"line":46,"column":0},"end":{"line":46,"column":15}},"46":{"start":{"line":47,"column":0},"end":{"line":47,"column":10}},"47":{"start":{"line":48,"column":0},"end":{"line":48,"column":29}},"48":{"start":{"line":49,"column":0},"end":{"line":49,"column":3}},"49":{"start":{"line":50,"column":0},"end":{"line":50,"column":50}},"50":{"start":{"line":51,"column":0},"end":{"line":51,"column":21}},"51":{"start":{"line":52,"column":0},"end":{"line":52,"column":22}},"52":{"start":{"line":53,"column":0},"end":{"line":53,"column":20}},"53":{"start":{"line":54,"column":0},"end":{"line":54,"column":5}},"54":{"start":{"line":55,"column":0},"end":{"line":55,"column":20}},"55":{"start":{"line":56,"column":0},"end":{"line":56,"column":10}},"56":{"start":{"line":57,"column":0},"end":{"line":57,"column":12}},"57":{"start":{"line":58,"column":0},"end":{"line":58,"column":11}},"58":{"start":{"line":59,"column":0},"end":{"line":59,"column":16}},"59":{"start":{"line":60,"column":0},"end":{"line":60,"column":11}},"60":{"start":{"line":61,"column":0},"end":{"line":61,"column":7}},"61":{"start":{"line":62,"column":0},"end":{"line":62,"column":27}},"62":{"start":{"line":63,"column":0},"end":{"line":63,"column":33}},"63":{"start":{"line":64,"column":0},"end":{"line":64,"column":31}},"64":{"start":{"line":65,"column":0},"end":{"line":65,"column":19}},"65":{"start":{"line":66,"column":0},"end":{"line":66,"column":30}},"66":{"start":{"line":67,"column":0},"end":{"line":67,"column":33}},"67":{"start":{"line":68,"column":0},"end":{"line":68,"column":19}},"68":{"start":{"line":69,"column":0},"end":{"line":69,"column":21}},"69":{"start":{"line":70,"column":0},"end":{"line":70,"column":11}},"70":{"start":{"line":71,"column":0},"end":{"line":71,"column":28}},"71":{"start":{"line":72,"column":0},"end":{"line":72,"column":23}},"72":{"start":{"line":73,"column":0},"end":{"line":73,"column":45}},"73":{"start":{"line":74,"column":0},"end":{"line":74,"column":16}},"74":{"start":{"line":75,"column":0},"end":{"line":75,"column":7}},"75":{"start":{"line":76,"column":0},"end":{"line":76,"column":5}},"76":{"start":{"line":77,"column":0},"end":{"line":77,"column":15}},"77":{"start":{"line":78,"column":0},"end":{"line":78,"column":4}},"78":{"start":{"line":79,"column":0},"end":{"line":79,"column":1}},"79":{"start":{"line":80,"column":0},"end":{"line":80,"column":0}},"80":{"start":{"line":81,"column":0},"end":{"line":81,"column":33}},"81":{"start":{"line":82,"column":0},"end":{"line":82,"column":15}},"82":{"start":{"line":83,"column":0},"end":{"line":83,"column":10}},"83":{"start":{"line":84,"column":0},"end":{"line":84,"column":29}},"84":{"start":{"line":85,"column":0},"end":{"line":85,"column":3}},"85":{"start":{"line":86,"column":0},"end":{"line":86,"column":19}},"86":{"start":{"line":87,"column":0},"end":{"line":87,"column":20}},"87":{"start":{"line":88,"column":0},"end":{"line":88,"column":18}},"88":{"start":{"line":89,"column":0},"end":{"line":89,"column":3}},"89":{"start":{"line":90,"column":0},"end":{"line":90,"column":0}},"90":{"start":{"line":91,"column":0},"end":{"line":91,"column":28}},"91":{"start":{"line":92,"column":0},"end":{"line":92,"column":24}},"92":{"start":{"line":93,"column":0},"end":{"line":93,"column":25}},"93":{"start":{"line":94,"column":0},"end":{"line":94,"column":0}},"94":{"start":{"line":95,"column":0},"end":{"line":95,"column":18}},"95":{"start":{"line":96,"column":0},"end":{"line":96,"column":8}},"96":{"start":{"line":97,"column":0},"end":{"line":97,"column":10}},"97":{"start":{"line":98,"column":0},"end":{"line":98,"column":9}},"98":{"start":{"line":99,"column":0},"end":{"line":99,"column":14}},"99":{"start":{"line":100,"column":0},"end":{"line":100,"column":9}},"100":{"start":{"line":101,"column":0},"end":{"line":101,"column":5}},"101":{"start":{"line":102,"column":0},"end":{"line":102,"column":25}},"102":{"start":{"line":103,"column":0},"end":{"line":103,"column":31}},"103":{"start":{"line":104,"column":0},"end":{"line":104,"column":29}},"104":{"start":{"line":105,"column":0},"end":{"line":105,"column":45}},"105":{"start":{"line":106,"column":0},"end":{"line":106,"column":19}},"106":{"start":{"line":107,"column":0},"end":{"line":107,"column":27}},"107":{"start":{"line":108,"column":0},"end":{"line":108,"column":33}},"108":{"start":{"line":109,"column":0},"end":{"line":109,"column":43}},"109":{"start":{"line":110,"column":0},"end":{"line":110,"column":7}},"110":{"start":{"line":111,"column":0},"end":{"line":111,"column":30}},"111":{"start":{"line":112,"column":0},"end":{"line":112,"column":28}},"112":{"start":{"line":113,"column":0},"end":{"line":113,"column":16}},"113":{"start":{"line":114,"column":0},"end":{"line":114,"column":48}},"114":{"start":{"line":115,"column":0},"end":{"line":115,"column":7}},"115":{"start":{"line":116,"column":0},"end":{"line":116,"column":12}},"116":{"start":{"line":117,"column":0},"end":{"line":117,"column":21}},"117":{"start":{"line":118,"column":0},"end":{"line":118,"column":11}},"118":{"start":{"line":119,"column":0},"end":{"line":119,"column":28}},"119":{"start":{"line":120,"column":0},"end":{"line":120,"column":23}},"120":{"start":{"line":121,"column":0},"end":{"line":121,"column":45}},"121":{"start":{"line":122,"column":0},"end":{"line":122,"column":16}},"122":{"start":{"line":123,"column":0},"end":{"line":123,"column":48}},"123":{"start":{"line":124,"column":0},"end":{"line":124,"column":7}},"124":{"start":{"line":125,"column":0},"e
[...]
art":{"line":164,"column":0},"end":{"line":164,"column":74}},"164":{"start":{"line":165,"column":0},"end":{"line":165,"column":78}},"165":{"start":{"line":166,"column":0},"end":{"line":166,"column":41}},"166":{"start":{"line":167,"column":0},"end":{"line":167,"column":1}}},"s":{"0":1,"1":1,"2":1,"3":1,"4":1,"5":800,"6":800,"7":1,"8":1,"9":100,"10":100,"11":100,"12":100,"13":100,"14":1,"15":1,"16":100,"17":100,"18":100,"19":491,"20":491,"21":491,"22":100,"23":100,"24":1,"25":6426,"26":6426,"27":6426,"28":6426,"29":1,"30":1,"31":1,"32":1,"33":1,"34":1,"35":1,"36":1,"37":1,"38":1,"39":1,"40":1,"41":1,"42":1,"43":1,"44":1,"45":1,"46":1,"47":1,"48":1,"49":1,"50":1,"51":1,"52":2,"53":1,"54":2,"55":1,"56":1,"57":1,"58":1,"59":3203,"60":3203,"61":3203,"62":3203,"63":3203,"64":3203,"65":3203,"66":35095,"67":35095,"68":29237,"69":35095,"70":3203,"71":3203,"72":1,"73":1,"74":2303,"75":2303,"76":1,"77":1,"78":100,"79":100,"80":100,"81":478,"82":478,"83":478,"84":100,"85":100,"86":1,"87":1,"88":1,"89":1,"90":101,"91":101,"92":101,"93":570,"94":570,"95":101,"96":101,"97":469,"98":570,"99":101,"100":101,"101":1,"102":1,"103":101,"104":101,"105":1,"106":1,"107":9,"108":9,"109":600,"110":600,"111":600,"112":600,"113":600,"114":9,"115":1,"116":1,"117":303,"118":303,"119":303,"120":303,"121":592,"122":289,"123":592,"124":303,"125":303,"126":1,"127":9,"128":9,"129":303,"130":303,"131":9,"132":1,"133":1,"134":1,"135":1,"136":1,"137":1,"138":1,"139":1,"140":1,"141":189,"142":189,"143":189,"144":189,"145":189,"146":189,"147":353,"148":353,"149":164,"150":164,"151":353,"152":189,"153":189,"154":1,"155":189,"156":189,"157":189,"158":189,"159":1,"160":1,"161":100,"162":89,"163":100,"164":100,"165":100,"166":100},"branchMap":{"0":{"type":"branch","line":3,"loc":{"start":{"line":3,"column":17},"end":{"line":3,"column":32}},"locations":[{"start":{"line":3,"column":17},"end":{"line":3,"column":32}}]},"1":{"type":"branch","line":5,"loc":{"start":{"line":5,"column":2},"end":{"line":7,"column":6}},"locations":[{"start":{"line":5,"column":2},"end":{"line":7,"column":6}}]},"2":{"type":"branch","line":6,"loc":{"start":{"line":6,"column":2},"end":{"line":7,"column":6}},"locations":[{"start":{"line":6,"column":2},"end":{"line":7,"column":6}}]},"3":{"type":"branch","line":9,"loc":{"start":{"line":9,"column":7},"end":{"line":14,"column":1}},"locations":[{"start":{"line":9,"column":7},"end":{"line":14,"column":1}}]},"4":{"type":"branch","line":12,"loc":{"start":{"line":12,"column":10},"end":{"line":12,"column":25}},"locations":[{"start":{"line":12,"column":10},"end":{"line":12,"column":25}}]},"5":{"type":"branch","line":16,"loc":{"start":{"line":16,"column":7},"end":{"line":24,"column":1}},"locations":[{"start":{"line":16,"column":7},"end":{"line":24,"column":1}}]},"6":{"type":"branch","line":19,"loc":{"start":{"line":19,"column":10},"end":{"line":22,"column":6}},"locations":[{"start":{"line":19,"column":10},"end":{"line":22,"column":6}}]},"7":{"type":"branch","line":26,"loc":{"start":{"line":26,"column":0},"end":{"line":29,"column":1}},"locations":[{"start":{"line":26,"column":0},"end":{"line":29,"column":1}}]},"8":{"type":"branch","line":28,"loc":{"start":{"line":28,"column":9},"end":{"line":28,"column":26}},"locations":[{"start":{"line":28,"column":9},"end":{"line":28,"column":26}}]},"9":{"type":"branch","line":31,"loc":{"start":{"line":31,"column":7},"end":{"line":33,"column":1}},"locations":[{"start":{"line":31,"column":7},"end":{"line":33,"column":1}}]},"10":{"type":"branch","line":35,"loc":{"start":{"line":35,"column":7},"end":{"line":42,"column":1}},"locations":[{"start":{"line":35,"column":7},"end":{"line":42,"column":1}}]},"11":{"type":"branch","line":37,"loc":{"start":{"line":37,"column":11},"end":{"line":37,"column":20}},"locations":[{"start":{"line":37,"column":11},"end":{"line":37,"column":20}}]},"12":{"type":"branch","line":38,"loc":{"start":{"line":38,"column":12},"end":{"line":40,"column":6}},"locations":[{"start":{"line":38,"column":12},"end":{"line":40,"column":6}}]},"13":{"type":"branch","line":44,"loc":{"start":{"line":44,"column":7},"end":{"line":46,"column":1}},"locations":[{"start":{"line":44,"column":7},"end":{"line":46,"column":1}}]},"14":{"type":"branch","line":49,"loc":{"start":{"line":49,"column":7},"end":{"line":57,"column":1}},"locations":[{"start":{"line":49,"column":7},"end":{"line":57,"column":1}}]},"15":{"type":"branch","line":51,"loc":{"start":{"line":51,"column":11},"end":{"line":51,"column":20}},"locations":[{"start":{"line":51,"column":11},"end":{"line":51,"column":20}}]},"16":{"type":"branch","line":52,"loc":{"start":{"line":52,"column":12},"end":{"line":55,"column":6}},"locations":[{"start":{"line":52,"column":12},"end":{"line":55,"column":6}}]},"17":{"type":"branch","line":53,"loc":{"start":{"line":53,"column":22},"end":{"line":54,"column":23}},"locations":[{"start":{"line":53,"column":22},"end":{"line":54,"column":23}}]},"18":{"type":"branch","line":59,"loc":{"start":{"line":59,"column":7},"end":{"line":72,"column":1}},"locations":[{"start":{"line":59,"column":7},"end":{"line":72,"column":1}}]},"19":{"type":"branch","line":66,"loc":{"start":{"line":66,"column":12},"end":{"line":70,"column":6}},"locations":[{"start":{"line":66,"column":12},"end":{"line":70,"column":6}}]},"20":{"type":"branch","line":68,"loc":{"start":{"line":68,"column":16},"end":{"line":68,"column":33}},"locations":[{"start":{"line":68,"column":16},"end":{"line":68,"column":33}}]},"21":{"type":"branch","line":68,"loc":{"start":{"line":68,"column":23},"end":{"line":69,"column":27}},"locations":[{"start":{"line":68,"column":23},"end":{"line":69,"column":27}}]},"22":{"type":"branch","line":74,"loc":{"start":{"line":74,"column":7},"end":{"line":76,"column":1}},"locations":[{"start":{"line":74,"column":7},"end":{"line":76,"column":1}}]},"23":{"type":"branch","line":78,"loc":{"start":{"line":78,"column":7},"end":{"line":86,"column":1}},"locations":[{"start":{"line":78,"column":7},"end":{"line":86,"column":1}}]},"24":{"type":"branch","line":80,"loc":{"start":{"line":80,"column":10},"end":{"line":80,"column":32}},"locations":[{"start":{"line":80,"column":10},"end":{"line":80,"column":32}}]},"25":{"type":"branch","line":81,"loc":{"start":{"line":81,"column":10},"end":{"line":84,"column":6}},"locations":[{"start":{"line":81,"column":10},"end":{"line":84,"column":6}}]},"26":{"type":"branch","line":90,"loc":{"start":{"line":90,"column":25},"end":{"line":101,"column":2}},"locations":[{"start":{"line":90,"column":25},"end":{"line":101,"column":2}}]},"27":{"type":"branch","line":92,"loc":{"start":{"line":92,"column":11},"end":{"line":92,"column":27}},"locations":[{"start":{"line":92,"column":11},"end":{"line":92,"column":27}}]},"28":{"type":"branch","line":93,"loc":{"start":{"line":93,"column":12},"end":{"line":99,"column":6}},"locations":[{"start":{"line":93,"column":12},"end":{"line":99,"column":6}}]},"29":{"type":"branch","line":95,"loc":{"start":{"line":95,"column":27},"end":{"line":97,"column":7}},"locations":[{"start":{"line":95,"column":27},"end":{"line":97,"column":7}}]},"30":{"type":"branch","line":97,"loc":{"start":{"line":97,"column":6},"end":{"line":98,"column":21}},"locations":[{"start":{"line":97,"column":6},"end":{"line":98,"column":21}}]},"31":{"type":"branch","line":103,"loc":{"start":{"line":103,"column":7},"end":{"line":105,"column":1}},"locations":[{"start":{"line":103,"column":7},"end":{"line":105,"column":1}}]},"32":{"type":"branch","line":108,"loc":{"start":{"line":108,"column":0},"end":{"line":115,"column":1}},"locations":[{"start":{"line":108,"column":0},"end":{"line":115,"column":1}}]},"33":{"type":"branch","line":109,"loc":{"start":{"line":109,"column":9},"end":{"line":114,"column":4}},"locations":[{"start":{"line":109,"column":9},"end":{"line":114,"column":4}}]},"34":{"type":"branch","line":118,"loc":{"start":{"line":118,"column":0},"end":{"line":126,"column":1}},"locations":[{"start":{"line":118,"column":0},"end":{"line":126,"column":1}}]},"35":{"type":"branch","line":121,"loc":{"start":{"line":121,"column":12},"end":{"line":124,"column":6}},"locations":[{"start":{"line":121,"column":12},"end":{"line":124,"column":6}}]},"36":{"type":"branch","line":122,"loc":{"start":{"line":122,"column":22},"end":{"line":122,"column":39}},"locations":[{"start":{"line":122,"column":22},"end":{"line":122,"column":39}}]},"37":{"type":"branch","line":122,"loc":{"start":{"line":122,"column":29},"end":{"line":123,"column":23}},"locations":[{"start":{"line":122,"column":29},"end":{"line":123,"column":23}}]},"38":{"type":"branch","line":128,"loc":{"start":{"line":128,"column":0},"end":{"line":132,"column":1}},"locations":[{"start":{"line":128,"column":0},"end":{"line":132,"column":1}}]},"39":{"type":"branch","line":129,"loc":{"start":{"line":129,"column":9},"end":{"line":131,"column":4}},"locations":[{"start":{"line":129,"column":9},"end":{"line":131,"column":4}}]},"40":{"type":"branch","line":134,"loc":{"start":{"line":134,"column":36},"end":{"line":134,"column":67}},"locations":[{"start":{"line":134,"column":36},"end":{"line":134,"column":67}}]},"41":{"type":"branch","line":136,"loc":{"start":{"line":136,"column":36},"end":{"line":136,"column":67}},"locations":[{"start":{"line":136,"column":36},"end":{"line":136,"column":67}}]},"42":{"type":"branch","line":138,"loc":{"start":{"line":138,"column":40},"end":{"line":138,"column":71}},"locations":[{"start":{"line":138,"column":40},"end":{"line":138,"column":71}}]},"43":{"type":"branch","line":141,"loc":{"start":{"line":141,"column":7},"end":{"line":154,"column":1}},"locations":[{"start":{"line":141,"column":7},"end":{"line":154,"column":1}}]},"44":{"type":"branch","line":147,"loc":{"start":{"line":147,"column":12},"end":{"line":152,"column":6}},"locations":[{"start":{"line":147,"column":12},"end":{"line":152,"column":6}}]},"45":{"type":"branch","line":149,"loc":{"start":{"line":149,"column":20},"end":{"line":149,"column":37}},"locations":[{"start":{"line":149,"column":20},"end":{"line":149,"column":37}}]},"46":{"type":"branch","line":149,"loc":{"start":{"line":149,"column":27},"end":{"line":151,"column":22}},"locations":[{"start":{"line":149,"column":27},"end":{"line":151,"column":22}}]},"47":{"type":"branch","line":155,"loc":{"start":{"line":155,"column":7},"end":{"line":159,"column":1}},"locations":[{"start":{"line":155,"column":7},"end":{"line":159,"column":1}}]},"48":{"type":"branch","line":156,"loc":{"start":{"line":156,"column":9},"end":{"line":158,"column":4}},"locations":[{"start":{"line":156,"column":9},"end":{"line":158,"column":4}}]},"49":{"type":"branch","line":161,"loc":{"start":{"line":161,"column":7},"end":{"line":167,"column":1}},"locations":[{"start":{"line":161,"column":7},"end":{"line":167,"column":1}}]},"50":{"type":"branch","line":162,"loc":{"start":{"line":162,"column":18},"end":{"line":162,"column":54}},"locations":[{"start":{"line":162,"column":18},"end":{"line":162,"column":54}}]},"51":{"type":"branch","line":162,"loc":{"start":{"line":162,"column":52},"end":{"line":164,"column":26}},"locations":[{"start":{"line":162,"column":52},"end":{"line":164,"column":26}}]},"52":{"type":"branch","line":164,"loc":{"start":{"line":164,"column":22},"end":{"line":164,"column":51}},"locations":[{"start":{"line":164,"column":22},"end":{"line":164,"column":51}}]},"53":{"type":"branch","line":164,"loc":{"start":{"line":164,"column":46},"end":{"line":164,"column":74}},"locations":[{"start":{"line":164,"column":46},"end":{"line":164,"column":74}}]},"54":{"type":"branch","line":164,"loc":{"start":{"line":164,"column":26},"end":{"line":164,"column":51}},"locations":[{"start":{"line":164,"column":26},"end":{"line":164,"column":51}}]},"55":{"type":"branch","line":164,"loc":{"start":{"line":164,"column":51},"end":{"line":164,"column":74}},"locations":[{"start":{"line":164,"column":51},"end":{"line":164,"column":74}}]},"56":{"type":"branch","line":166,"loc":{"start":{"line":166,"column":24},"end":{"line":166,"column":39}},"locations":[{"start":{"line":166,"column":24},"end":{"line":166,"column":39}}]}},"b":{"0":[492],"1":[800],"2":[800],"3":[100],"4":[474],"5":[100],"6":[491],"7":[6426],"8":[35095],"9":[1],"10":[1],"11":[1],"12":[1],"13":[1],"14":[1],"15":[1],"16":[2],"17":[1],"18":[3203],"19":[35095],"20":[5858],"21":[29237],"22":[2303],"23":[100],"24":[100],"25":[478],"26":[101],"27":[101],"28":[570],"29":[101],"30":[469],"31":[101],"32":[9],"33":[600],"34":[303],"35":[592],"36":[303],"37":[289],"38":[9],"39":[303],"40":[571],"41":[538],"42":[562],"43":[189],"44":[353],"45":[189],"46":[164],"47":[189],"48":[189],"49":[100],"50":[11],"51":[89],"52":[40],"53":[49],"54":[91],"55":[109],"56":[111]},"fnMap":{"0":{"name":"identity","decl":{"start":{"line":3,"column":17},"end":{"line":3,"column":32}},"loc":{"start":{"line":3,"column":17},"end":{"line":3,"column":32}},"line":3},"1":{"name":"constant","decl":{"start":{"line":5,"column":2},"end":{"line":7,"column":6}},"loc":{"start":{"line":5,"column":2},"end":{"line":7,"column":6}},"line":5},"2":{"name":"toLast","decl":{"start":{"line":9,"column":7},"end":{"line":14,"column":1}},"loc":{"start":{"line":9,"column":7},"end":{"line":14,"column":1}},"line":9},"3":{"name":"fold","decl":{"start":{"line":12,"column":10},"end":{"line":12,"column":25}},"loc":{"start":{"line":12,"column":10},"end":{"line":12,"column":25}},"line":12},"4":{"name":"forEach","decl":{"start":{"line":16,"column":7},"end":{"line":24,"column":1}},"loc":{"start":{"line":16,"column":7},"end":{"line":24,"column":1}},"line":16},"5":{"name":"fold","decl":{"start":{"line":19,"column":10},"end":{"line":22,"column":6}},"loc":{"start":{"line":19,"column":10},"end":{"line":22,"column":6}},"line":19},"6":{"name":"getIter","decl":{"start":{"line":26,"column":0},"end":{"line":29,"column":1}},"loc":{"start":{"line":26,"column":0},"end":{"line":29,"column":1}},"line":26},"7":{"name":"fromEmpty","decl":{"start":{"line":31,"column":7},"end":{"line":33,"column":1}},"loc":{"start":{"line":31,"column":7},"end":{"line":33,"column":1}},"line":31},"8":{"name":"emptyColl","decl":{"start":{"line":35,"column":7},"end":{"line":42,"column":1}},"loc":{"start":{"line":35,"column":7},"end":{"line":42,"column":1}},"line":35},"9":{"name":"setup","decl":{"start":{"line":37,"column":11},"end":{"line":37,"column":20}},"loc":{"start":{"line":37,"column":11},"end":{"line":37,"column":20}},"line":37},"10":{"name":"unfold","decl":{"start":{"line":38,"column":12},"end":{"line":40,"column":6}},"loc":{"start":{"line":38,"column":12},"end":{"line":40,"column":6}},"line":38},"11":{"name":"fromOnce","decl":{"start":{"line":44,"column":7},"end":{"line":46,"column":1}},"loc":{"start":{"line":44,"column":7},"end":{"line":46,"column":1}},"line":44},"12":{"name":"onceColl","decl":{"start":{"line":49,"column":7},"end":{"line":57,"column":1}},"loc":{"start":{"line":49,"column":7},"end":{"line":57,"column":1}},"line":49},"13":{"name":"setup","decl":{"start":{"line":51,"column":11},"end":{"line":51,"column":20}},"loc":{"start":{"line":51,"column":11},"end":{"line":51,"column":20}},"line":51},"14":{"name":"unfold","decl":{"start":{"line":52,"column":12},"end":{"line":55,"column":6}},"loc":{"start":{"line":52,"column":12},"end":{"line":55,"column":6}},"line":52},"15":{"name":"iterColl","decl":{"start":{"line":59,"column":7},"end":{"line":72,"column":1}},"loc":{"start":{"line":59,"column":7},"end":{"line":72,"column":1}},"line":59},"16":{"name":"unfold","decl":{"start":{"line":66,"column":12},"end":{"line":70,"column":6}},"loc":{"start":{"line":66,"column":12},"end":{"line":70,"column":6}},"line":66},"17":{"name":"fromIter","decl":{"start":{"line":74,"column":7},"end":{"line":76,"column":1}},"loc":{"start":{"line":74,"column":7},"end":{"line":76,"column":1}},"line":74},"18":{"name":"toMap","decl":{"start":{"line":78,"column":7},"end":{"line":86,"column":1}},"loc":{"start":{"line":78,"column":7},"end":{"line":86,"column":1}},"line":78},"19":{"name":"init","decl":{"start":{"line":80,"column":10},"end":{"line":80,"column":32}},"loc":{"start":{"line":80,"column":10},"end":{"line":80,"column":32}},"line":80},"20":{"name":"fold","decl":{"start":{"line":81,"column":10},"end":{"line":84,"column":6}},"loc":{"start":{"line":81,"column":10},"end":{"line":84,"column":6}},"line":81},"21":{"name":"arrayColl","decl":{"start":{"line":90,"column":25},"end":{"line":101,"column":2}},"loc":{"start":{"line":90,"column":25},"end":{"line":101,"column":2}},"line":90},"22":{"name":"setup","decl":{"start":{"line":92,"column":11},"end":{"line":92,"column":27}},"loc":{"start":{"line":92,"column":11},"end":{"line":92,"column":27}},"line":92},"23":{"name":"unfold","decl":{"start":{"line":93,"column":12},"end":{"line":99,"column":6}},"loc":{"start":{"line":93,"column":12},"end":{"line":99,"column":6}},"line":93},"24":{"name":"fromArray","decl":{"start":{"line":103,"column":7},"end":{"line":105,"column":1}},"loc":{"start":{"line":103,"column":7},"end":{"line":105,"column":1}},"line":103},"25":{"name":"toOpFactory","decl":{"start":{"line":108,"column":0},"end":{"line":115,"column":1}},"loc":{"start":{"line":108,"column":0},"end":{"line":115,"column":1}},"line":108},"26":{"name":"opCollFactory","decl":{"start":{"line":118,"column":0},"end":{"line":126,"column":1}},"loc":{"start":{"line":118,"column":0},"end":{"line":126,"column":1}},"line":118},"27":{"name":"unfold","decl":{"start":{"line":121,"column":12},"end":{"line":124,"column":6}},"loc":{"start":{"line":121,"column":12},"end":{"line":124,"column":6}},"line":121},"28":{"name":"fromOpFactory","decl":{"start":{"line":128,"column":0},"end":{"line":132,"column":1}},"loc":{"start":{"line":128,"column":0},"end":{"line":132,"column":1}},"line":128},"29":{"name":"loopColl","decl":{"start":{"line":141,"column":7},"end":{"line":154,"column":1}},"loc":{"start":{"line":141,"column":7},"end":{"line":154,"column":1}},"line":141},"30":{"name":"unfold","decl":{"start":{"line":147,"column":12},"end":{"line":152,"column":6}},"loc":{"start":{"line":147,"column":12},"end":{"line":152,"column":6}},"line":147},"31":{"name":"fromLoop","decl":{"start":{"line":155,"column":7},"end":{"line":159,"column":1}},"loc":{"start":{"line":155,"column":7},"end":{"line":159,"column":1}},"line":155},"32":{"name":"fromRange","decl":{"start":{"line":161,"column":7},"end":{"line":167,"column":1}},"loc":{"start":{"line":161,"column":7},"end":{"line":167,"column":1}},"line":161},"33":{"name":"cond","decl":{"start":{"line":164,"column":26},"end":{"line":164,"column":51}},"loc":{"start":{"line":164,"column":26},"end":{"line":164,"column":51}},"line":164},"34":{"name":"cond","decl":{"start":{"line":164,"column":51},"end":{"line":164,"column":74}},"loc":{"start":{"line":164,"column":51},"end":{"line":164,"column":74}},"line":164}},"f":{"0":492,"1":800,"2":100,"3":474,"4":100,"5":491,"6":6426,"7":1,"8":1,"9":1,"10":1,"11":1,"12":1,"13":1,"14":2,"15":3203,"16":35095,"17":2303,"18":100,"19":100,"20":478,"21":101,"22":101,"23":570,"24":101,"25":9,"26":303,"27":592,"28":9,"29":189,"30":353,"31":189,"32":100,"33":91,"34":109}}
,"/home/prncss/Projects/github.com/prncss-xyz/beam/packages/beam/src/lib/utils/index.ts": {"path":"/home/prncss/Projects/github.com/prncss-xyz/beam/packages/beam/src/lib/utils/index.ts","all":true,"statementMap":{"0":{"start":{"line":1,"column":0},"end":{"line":1,"column":21}},"1":{"start":{"line":2,"column":0},"end":{"line":2,"column":36}},"2":{"start":{"line":3,"column":0},"end":{"line":3,"column":11}},"3":{"start":{"line":4,"column":0},"end":{"line":4,"column":11}},"4":{"start":{"line":5,"column":0},"end":{"line":5,"column":12}}},"s":{"0":0,"1":0,"2":0,"3":0,"4":0},"branchMap":{"0":{"type":"branch","line":1,"loc":{"start":{"line":1,"column":95},"end":{"line":5,"column":12}},"locations":[{"start":{"line":1,"column":95},"end":{"line":5,"column":12}}]}},"b":{"0":[0]},"fnMap":{"0":{"name":"(empty-report)","decl":{"start":{"line":1,"column":95},"end":{"line":5,"column":12}},"loc":{"start":{"line":1,"column":95},"end":{"line":5,"column":12}},"line":1}},"f":{"0":0}}
}
